
    0   1   2   3   4   5   6   7 
  +---+---+---+---+---+---+---+---+
 0|   |   |   |   |   |   |   |   |
  +---+---+---+---+---+---+---+---+
 1|   |   |   |   |   |   |   |   |
  +---+---+---+---+---+---+---+---+
 2|   |   |   |   |   |   |   |   |
  +---+---+---+---+---+---+---+---+
 3|   |   |   |   |   |   |   |   |
  +---+---+---+---+---+---+---+---+
 4|   |   |   |   |   |   |   |   |
  +---+---+---+---+---+---+---+---+
 5|   |   |   |   |   |  S|   |   |
  +---+---+---+---+---+---+---+---+
 6|   |   |   |   |   |   |   |   |
  +---+---+---+---+---+---+---+---+
 7|   |   |   |   |   |   |   |   |
  +---+---+---+---+---+---+---+---+

Please select a unit:
1.Move 2.Skip 
Select your action:

    0   1   2   3   4   5   6   7 
  +---+---+---+---+---+---+---+---+
 0|   |   |   |   |   |   |   |   |
  +---+---+---+---+---+---+---+---+
 1|   |   |   |   |   |   |   |   |
  +---+---+---+---+---+---+---+---+
 2|   |   |   |   |   |.  |   |   |
  +---+---+---+---+---+---+---+---+
 3|   |   |   |   |.  |.  |.  |   |
  +---+---+---+---+---+---+---+---+
 4|   |   |   |.  |.  |.  |.  |.  |
  +---+---+---+---+---+---+---+---+
 5|   |   |.  |.  |.  |. S|.  |.  |
  +---+---+---+---+---+---+---+---+
 6|   |   |   |.  |.  |.  |.  |.  |
  +---+---+---+---+---+---+---+---+
 7|   |   |   |   |.  |.  |.  |   |
  +---+---+---+---+---+---+---+---+

Please enter your destination:

    0   1   2   3   4   5   6   7 
  +---+---+---+---+---+---+---+---+
 0|   |   |   |   |   |   |   |   |
  +---+---+---+---+---+---+---+---+
 1|   |   |   |   |   |   |   |   |
  +---+---+---+---+---+---+---+---+
 2|   |   |   |   |   |  S|   |   |
  +---+---+---+---+---+---+---+---+
 3|   |   |   |   |   |   |   |   |
  +---+---+---+---+---+---+---+---+
 4|   |   |   |   |   |   |   |   |
  +---+---+---+---+---+---+---+---+
 5|   |   |   |   |   |   |   |   |
  +---+---+---+---+---+---+---+---+
 6|   |   |   |   |   |   |   |   |
  +---+---+---+---+---+---+---+---+
 7|   |   |   |   |   |   |   |   |
  +---+---+---+---+---+---+---+---+

Please select a unit:
1.Move 2.Skip 
Select your action:
