
    0   1   2   3   4   5   6   7 
  +---+---+---+---+---+---+---+---+
 0|   |   |   |   |   |   |   |   |
  +---+---+---+---+---+---+---+---+
 1|   |   |   |   |   |   |   |   |
  +---+---+---+---+---+---+---+---+
 2|   |   |   |   |   |   |   |   |
  +---+---+---+---+---+---+---+---+
 3|   |   |   | /\|   |   |   |   |
  +---+---+---+---+---+---+---+---+
 4|   |   |   |   |   |   |   |   |
  +---+---+---+---+---+---+---+---+
 5| T3|   |   |   |   |   |   |   |
  +---+---+---+---+---+---+---+---+
 6|   |   |   |   |   |   | ~~|   |
  +---+---+---+---+---+---+---+---+
 7|   |   |   |   | b2| S2|   |   |
  +---+---+---+---+---+---+---+---+

Please select a unit:
1.Move 2.Attack 3.Skip 
Select your action:

    0   1   2   3   4   5   6   7 
  +---+---+---+---+---+---+---+---+
 0|   |   |   |   |   |   |   |   |
  +---+---+---+---+---+---+---+---+
 1|   |   |   |   |   |   |   |   |
  +---+---+---+---+---+---+---+---+
 2|   |   |   |   |   |   |   |   |
  +---+---+---+---+---+---+---+---+
 3|.  |   |   | /\|   |   |   |   |
  +---+---+---+---+---+---+---+---+
 4|.  |.  |   |   |   |   |   |   |
  +---+---+---+---+---+---+---+---+
 5|.T3|.  |.  |   |   |   |   |   |
  +---+---+---+---+---+---+---+---+
 6|.  |.  |   |   |   |   | ~~|   |
  +---+---+---+---+---+---+---+---+
 7|.  |   |   |   | b2| S2|   |   |
  +---+---+---+---+---+---+---+---+

Please enter your destination:

    0   1   2   3   4   5   6   7 
  +---+---+---+---+---+---+---+---+
 0|   |   |   |   |   |   |   |   |
  +---+---+---+---+---+---+---+---+
 1|   |   |   |   |   |   |   |   |
  +---+---+---+---+---+---+---+---+
 2|   |   |   |   |   |   |   |   |
  +---+---+---+---+---+---+---+---+
 3|   |   |   | /\|   |   |   |   |
  +---+---+---+---+---+---+---+---+
 4|   |   |   |   |   |   |   |   |
  +---+---+---+---+---+---+---+---+
 5|   |   |   |   |   |   |   |   |
  +---+---+---+---+---+---+---+---+
 6|   |   |   |   |   |   | ~~|   |
  +---+---+---+---+---+---+---+---+
 7| T3|   |   |   | b2| S2|   |   |
  +---+---+---+---+---+---+---+---+

Please select a unit:
1.Move 2.Attack 3.Skip 
Select your action:

    0   1   2   3   4   5   6   7 
  +---+---+---+---+---+---+---+---+
 0|*  |   |   |   |   |   |   |   |
  +---+---+---+---+---+---+---+---+
 1|*  |   |   |   |   |   |   |   |
  +---+---+---+---+---+---+---+---+
 2|*  |   |   |   |   |   |   |   |
  +---+---+---+---+---+---+---+---+
 3|*  |   |   | /\|   |   |   |   |
  +---+---+---+---+---+---+---+---+
 4|*  |   |   |   |   |   |   |   |
  +---+---+---+---+---+---+---+---+
 5|*  |   |   |   |   |   |   |   |
  +---+---+---+---+---+---+---+---+
 6|*  |   |   |   |   |   | ~~|   |
  +---+---+---+---+---+---+---+---+
 7| T3|*  |*  |*  |*b2| S2|   |   |
  +---+---+---+---+---+---+---+---+

Please enter your target:

    0   1   2   3   4   5   6   7 
  +---+---+---+---+---+---+---+---+
 0|   |   |   |   |   |   |   |   |
  +---+---+---+---+---+---+---+---+
 1|   |   |   |   |   |   |   |   |
  +---+---+---+---+---+---+---+---+
 2|   |   |   |   |   |   |   |   |
  +---+---+---+---+---+---+---+---+
 3|   |   |   | /\|   |   |   |   |
  +---+---+---+---+---+---+---+---+
 4|   |   |   |   |   |   |   |   |
  +---+---+---+---+---+---+---+---+
 5|   |   |   |   |   |   |   |   |
  +---+---+---+---+---+---+---+---+
 6|   |   |   |   |   |   | ~~|   |
  +---+---+---+---+---+---+---+---+
 7| T3|   |   |   |   | S1|   |   |
  +---+---+---+---+---+---+---+---+

Please select a unit:
1.Move 2.Attack 3.Skip 
Select your action:
