
    0   1   2   3   4   5   6   7 
  +---+---+---+---+---+---+---+---+
 0|   |   |   |   |   |   |   |   |
  +---+---+---+---+---+---+---+---+
 1|   |   |   |   |   |   |   |   |
  +---+---+---+---+---+---+---+---+
 2|   |   |   |   |   |   |   |   |
  +---+---+---+---+---+---+---+---+
 3|   |   |   | /\|   |   |   |   |
  +---+---+---+---+---+---+---+---+
 4|   |   |   | T3|   |   |   |   |
  +---+---+---+---+---+---+---+---+
 5| T3|   |   |   |   |   |   |   |
  +---+---+---+---+---+---+---+---+
 6|   |   |   |   |   |   | ~~|   |
  +---+---+---+---+---+---+---+---+
 7|   |   |   |   |   |   |   |   |
  +---+---+---+---+---+---+---+---+

Please select a unit:
1.Move 2.Attack 3.Skip 
Select your action:

    0   1   2   3   4   5   6   7 
  +---+---+---+---+---+---+---+---+
 0|   |   |   |   |   |   |   |   |
  +---+---+---+---+---+---+---+---+
 1|   |   |   |   |   |   |   |   |
  +---+---+---+---+---+---+---+---+
 2|   |   |   |   |   |   |   |   |
  +---+---+---+---+---+---+---+---+
 3|.  |   |   | /\|   |   |   |   |
  +---+---+---+---+---+---+---+---+
 4|.  |.  |   | T3|   |   |   |   |
  +---+---+---+---+---+---+---+---+
 5|.T3|.  |.  |   |   |   |   |   |
  +---+---+---+---+---+---+---+---+
 6|.  |.  |   |   |   |   | ~~|   |
  +---+---+---+---+---+---+---+---+
 7|.  |   |   |   |   |   |   |   |
  +---+---+---+---+---+---+---+---+

Please enter your destination:

    0   1   2   3   4   5   6   7 
  +---+---+---+---+---+---+---+---+
 0|   |   |   |   |   |   |   |   |
  +---+---+---+---+---+---+---+---+
 1|   |   |   |   |   |   |   |   |
  +---+---+---+---+---+---+---+---+
 2|   |   |   |   |   |   |   |   |
  +---+---+---+---+---+---+---+---+
 3|   |   |   | /\|   |   |   |   |
  +---+---+---+---+---+---+---+---+
 4|   |   |   | T3|   |   |   |   |
  +---+---+---+---+---+---+---+---+
 5|   |   | T3|   |   |   |   |   |
  +---+---+---+---+---+---+---+---+
 6|   |   |   |   |   |   | ~~|   |
  +---+---+---+---+---+---+---+---+
 7|   |   |   |   |   |   |   |   |
  +---+---+---+---+---+---+---+---+

Please select a unit:
1.Move 2.Attack 3.Skip 
Select your action:

    0   1   2   3   4   5   6   7 
  +---+---+---+---+---+---+---+---+
 0|   |   |   |   |   |   |   |   |
  +---+---+---+---+---+---+---+---+
 1|   |   |   |   |   |   |   |   |
  +---+---+---+---+---+---+---+---+
 2|   |   |   |   |   |   |   |   |
  +---+---+---+---+---+---+---+---+
 3|   |   |.  | /\|   |   |   |   |
  +---+---+---+---+---+---+---+---+
 4|   |.  |.  | T3|   |   |   |   |
  +---+---+---+---+---+---+---+---+
 5|.  |.  |.T3|.  |.  |   |   |   |
  +---+---+---+---+---+---+---+---+
 6|   |.  |.  |.  |   |   | ~~|   |
  +---+---+---+---+---+---+---+---+
 7|   |   |.  |   |   |   |   |   |
  +---+---+---+---+---+---+---+---+

Please enter your destination:

    0   1   2   3   4   5   6   7 
  +---+---+---+---+---+---+---+---+
 0|   |   |   |   |   |   |   |   |
  +---+---+---+---+---+---+---+---+
 1|   |   |   |   |   |   |   |   |
  +---+---+---+---+---+---+---+---+
 2|   |   |   |   |   |   |   |   |
  +---+---+---+---+---+---+---+---+
 3|   |   |   | /\|   |   |   |   |
  +---+---+---+---+---+---+---+---+
 4|   |   |   | T3|   |   |   |   |
  +---+---+---+---+---+---+---+---+
 5|   |   |   | T3|   |   |   |   |
  +---+---+---+---+---+---+---+---+
 6|   |   |   |   |   |   | ~~|   |
  +---+---+---+---+---+---+---+---+
 7|   |   |   |   |   |   |   |   |
  +---+---+---+---+---+---+---+---+

Please select a unit:
1.Move 2.Attack 3.Skip 
Select your action:

    0   1   2   3   4   5   6   7 
  +---+---+---+---+---+---+---+---+
 0|   |   |   |   |   |   |   |   |
  +---+---+---+---+---+---+---+---+
 1|   |   |   |   |   |   |   |   |
  +---+---+---+---+---+---+---+---+
 2|   |   |   |   |   |   |   |   |
  +---+---+---+---+---+---+---+---+
 3|   |   |   | /\|   |   |   |   |
  +---+---+---+---+---+---+---+---+
 4|   |   |   |*T3|   |   |   |   |
  +---+---+---+---+---+---+---+---+
 5|*  |*  |*  | T3|*  |*  |*  |*  |
  +---+---+---+---+---+---+---+---+
 6|   |   |   |*  |   |   | ~~|   |
  +---+---+---+---+---+---+---+---+
 7|   |   |   |*  |   |   |   |   |
  +---+---+---+---+---+---+---+---+

Please enter your target:

    0   1   2   3   4   5   6   7 
  +---+---+---+---+---+---+---+---+
 0|   |   |   |   |   |   |   |   |
  +---+---+---+---+---+---+---+---+
 1|   |   |   |   |   |   |   |   |
  +---+---+---+---+---+---+---+---+
 2|   |   |   |   |   |   |   |   |
  +---+---+---+---+---+---+---+---+
 3|   |   |   |   |   |   |   |   |
  +---+---+---+---+---+---+---+---+
 4|   |   |   | T1|   |   |   |   |
  +---+---+---+---+---+---+---+---+
 5|   |   |   | T3|   |   |   |   |
  +---+---+---+---+---+---+---+---+
 6|   |   |   |   |   |   | ~~|   |
  +---+---+---+---+---+---+---+---+
 7|   |   |   |   |   |   |   |   |
  +---+---+---+---+---+---+---+---+

Please select a unit:
1.Move 2.Attack 3.Skip 
Select your action:
