
    0   1   2   3   4   5   6   7 
  +---+---+---+---+---+---+---+---+
 0|   |   |   |   |   |   |   |   |
  +---+---+---+---+---+---+---+---+
 1|   |   |   |   |   |   |   |   |
  +---+---+---+---+---+---+---+---+
 2|   |   |   |   |   |   |   |   |
  +---+---+---+---+---+---+---+---+
 3|   |   |   | ~~|   |   |   |   |
  +---+---+---+---+---+---+---+---+
 4|   |   |   | S2|   |   |   |   |
  +---+---+---+---+---+---+---+---+
 5|   |   |   |   |   |   |   |   |
  +---+---+---+---+---+---+---+---+
 6|   |   |   | T3|   | b2| ~~|   |
  +---+---+---+---+---+---+---+---+
 7|   |   |   |   |   |   |   |   |
  +---+---+---+---+---+---+---+---+

Please select a unit:
1.Move 2.Attack 3.Skip 
Select your action:

    0   1   2   3   4   5   6   7 
  +---+---+---+---+---+---+---+---+
 0|   |   |   |   |   |   |   |   |
  +---+---+---+---+---+---+---+---+
 1|   |   |   |   |   |   |   |   |
  +---+---+---+---+---+---+---+---+
 2|   |   |   |   |   |   |   |   |
  +---+---+---+---+---+---+---+---+
 3|   |   |   | ~~|   |   |   |   |
  +---+---+---+---+---+---+---+---+
 4|   |   |   |*S2|   |   |   |   |
  +---+---+---+---+---+---+---+---+
 5|   |   |   |*  |   |   |   |   |
  +---+---+---+---+---+---+---+---+
 6|*  |*  |*  | T3|*  |*b2| ~~|   |
  +---+---+---+---+---+---+---+---+
 7|   |   |   |*  |   |   |   |   |
  +---+---+---+---+---+---+---+---+

Please enter your target:

    0   1   2   3   4   5   6   7 
  +---+---+---+---+---+---+---+---+
 0|   |   |   |   |   |   |   |   |
  +---+---+---+---+---+---+---+---+
 1|   |   |   |   |   |   |   |   |
  +---+---+---+---+---+---+---+---+
 2|   |   |   |   |   |   |   |   |
  +---+---+---+---+---+---+---+---+
 3|   |   |   | ~~|   |   |   |   |
  +---+---+---+---+---+---+---+---+
 4|   |   |   |   |   |   |   |   |
  +---+---+---+---+---+---+---+---+
 5|   |   |   |   |   |   |   |   |
  +---+---+---+---+---+---+---+---+
 6|   |   |   | T3|   | b2| ~~|   |
  +---+---+---+---+---+---+---+---+
 7|   |   |   |   |   |   |   |   |
  +---+---+---+---+---+---+---+---+

Please select a unit:
1.Move 2.Attack 3.Skip 
Select your action:

    0   1   2   3   4   5   6   7 
  +---+---+---+---+---+---+---+---+
 0|   |   |   |   |   |   |   |   |
  +---+---+---+---+---+---+---+---+
 1|   |   |   |   |   |   |   |   |
  +---+---+---+---+---+---+---+---+
 2|   |   |   |   |   |   |   |   |
  +---+---+---+---+---+---+---+---+
 3|   |   |   |*~~|   |   |   |   |
  +---+---+---+---+---+---+---+---+
 4|   |   |   |*  |   |   |   |   |
  +---+---+---+---+---+---+---+---+
 5|   |   |   |*  |   |   |   |   |
  +---+---+---+---+---+---+---+---+
 6|*  |*  |*  | T3|*  |*b2| ~~|   |
  +---+---+---+---+---+---+---+---+
 7|   |   |   |*  |   |   |   |   |
  +---+---+---+---+---+---+---+---+

Please enter your target:

    0   1   2   3   4   5   6   7 
  +---+---+---+---+---+---+---+---+
 0|   |   |   |   |   |   |   |   |
  +---+---+---+---+---+---+---+---+
 1|   |   |   |   |   |   |   |   |
  +---+---+---+---+---+---+---+---+
 2|   |   |   |   |   |   |   |   |
  +---+---+---+---+---+---+---+---+
 3|   |   |   | ~~|   |   |   |   |
  +---+---+---+---+---+---+---+---+
 4|   |   |   |   |   |   |   |   |
  +---+---+---+---+---+---+---+---+
 5|   |   |   |   |   |   |   |   |
  +---+---+---+---+---+---+---+---+
 6|   |   |   | T3|   |   | b1|   |
  +---+---+---+---+---+---+---+---+
 7|   |   |   |   |   |   |   |   |
  +---+---+---+---+---+---+---+---+

Please select a unit:
1.Move 2.Attack 3.Skip 
Select your action:

    0   1   2   3   4   5   6   7 
  +---+---+---+---+---+---+---+---+
 0|   |   |   |   |   |   |   |   |
  +---+---+---+---+---+---+---+---+
 1|   |   |   |   |   |   |   |   |
  +---+---+---+---+---+---+---+---+
 2|   |   |   |   |   |   |   |   |
  +---+---+---+---+---+---+---+---+
 3|   |   |   |*~~|   |   |   |   |
  +---+---+---+---+---+---+---+---+
 4|   |   |   |*  |   |   |   |   |
  +---+---+---+---+---+---+---+---+
 5|   |   |   |*  |   |   |   |   |
  +---+---+---+---+---+---+---+---+
 6|*  |*  |*  | T3|*  |*  |*b1|   |
  +---+---+---+---+---+---+---+---+
 7|   |   |   |*  |   |   |   |   |
  +---+---+---+---+---+---+---+---+

Please enter your target:

    0   1   2   3   4   5   6   7 
  +---+---+---+---+---+---+---+---+
 0|   |   |   |   |   |   |   |   |
  +---+---+---+---+---+---+---+---+
 1|   |   |   |   |   |   |   |   |
  +---+---+---+---+---+---+---+---+
 2|   |   |   |   |   |   |   |   |
  +---+---+---+---+---+---+---+---+
 3|   |   |   | ~~|   |   |   |   |
  +---+---+---+---+---+---+---+---+
 4|   |   |   |   |   |   |   |   |
  +---+---+---+---+---+---+---+---+
 5|   |   |   |   |   |   |   |   |
  +---+---+---+---+---+---+---+---+
 6|   |   |   | T3|   |   | ~~|   |
  +---+---+---+---+---+---+---+---+
 7|   |   |   |   |   |   |   |   |
  +---+---+---+---+---+---+---+---+

Please select a unit:
1.Move 2.Attack 3.Skip 
Select your action:
