
    0   1   2   3   4   5   6   7 
  +---+---+---+---+---+---+---+---+
 0|   |   |   |   |   |   |   |   |
  +---+---+---+---+---+---+---+---+
 1|   |   |   |   |   |   |   |   |
  +---+---+---+---+---+---+---+---+
 2|   |   |   |   |   |   |   |   |
  +---+---+---+---+---+---+---+---+
 3|   |   |   | ~~|   |   |   |   |
  +---+---+---+---+---+---+---+---+
 4|   |   |   | S2|   |   |   |   |
  +---+---+---+---+---+---+---+---+
 5|   |   |   |   |   |   |   |   |
  +---+---+---+---+---+---+---+---+
 6|   |   |   | T3|   | b2| ~~|   |
  +---+---+---+---+---+---+---+---+
 7|   |   |   |   |   |   |   |   |
  +---+---+---+---+---+---+---+---+


    0   1   2   3   4   5   6   7 
  +---+---+---+---+---+---+---+---+
 0|   |   |   |   |   |   |   |   |
  +---+---+---+---+---+---+---+---+
 1|   |   |   |   |   |   |   |   |
  +---+---+---+---+---+---+---+---+
 2|   |   |   |   |   |   |   |   |
  +---+---+---+---+---+---+---+---+
 3|   |   |   | ~~|   |   |   |   |
  +---+---+---+---+---+---+---+---+
 4|   |   |   |+S2|   |   |   |   |
  +---+---+---+---+---+---+---+---+
 5|   |   |   |   |   |   |   |   |
  +---+---+---+---+---+---+---+---+
 6|   |   |   |+T3|   | b2| ~~|   |
  +---+---+---+---+---+---+---+---+
 7|   |   |   |   |   |   |   |   |
  +---+---+---+---+---+---+---+---+

End this turn (y,n)?

    0   1   2   3   4   5   6   7 
  +---+---+---+---+---+---+---+---+
 0|   |   |   |   |   |   |   |   |
  +---+---+---+---+---+---+---+---+
 1|   |   |   |   |   |   |   |   |
  +---+---+---+---+---+---+---+---+
 2|   |   |   |   |   |   |   |   |
  +---+---+---+---+---+---+---+---+
 3|   |   |   | ~~|   |   |   |   |
  +---+---+---+---+---+---+---+---+
 4|   |   |   |   | b2|   |   |   |
  +---+---+---+---+---+---+---+---+
 5|   |   |   |   |   |   |   |   |
  +---+---+---+---+---+---+---+---+
 6|   |   |   | T3|   |   | ~~|   |
  +---+---+---+---+---+---+---+---+
 7|   |   |   |   |   |   |   |   |
  +---+---+---+---+---+---+---+---+


    0   1   2   3   4   5   6   7 
  +---+---+---+---+---+---+---+---+
 0|   |   |   |   |   |   |   |   |
  +---+---+---+---+---+---+---+---+
 1|   |   |   |   |   |   |   |   |
  +---+---+---+---+---+---+---+---+
 2|   |   |   |   |   |   |   |   |
  +---+---+---+---+---+---+---+---+
 3|   |   |   | ~~|   |   |   |   |
  +---+---+---+---+---+---+---+---+
 4|   |   |   |   | b2|   |   |   |
  +---+---+---+---+---+---+---+---+
 5|   |   |   |   |   |   |   |   |
  +---+---+---+---+---+---+---+---+
 6|   |   |   |+T3|   |   | ~~|   |
  +---+---+---+---+---+---+---+---+
 7|   |   |   |   |   |   |   |   |
  +---+---+---+---+---+---+---+---+

End this turn (y,n)?

    0   1   2   3   4   5   6   7 
  +---+---+---+---+---+---+---+---+
 0|   |   |   |   |   |   |   |   |
  +---+---+---+---+---+---+---+---+
 1|   |   |   |   |   |   |   |   |
  +---+---+---+---+---+---+---+---+
 2|   |   |   |   |   |   |   |   |
  +---+---+---+---+---+---+---+---+
 3|   |   |   | ~~|   |   |   |   |
  +---+---+---+---+---+---+---+---+
 4|   |   |   |   |   |   |   |   |
  +---+---+---+---+---+---+---+---+
 5|   |   |   | b2|   |   |   |   |
  +---+---+---+---+---+---+---+---+
 6|   |   |   |   |   |   | ~~|   |
  +---+---+---+---+---+---+---+---+
 7|   |   |   |   |   |   |   |   |
  +---+---+---+---+---+---+---+---+

Failed
