
    0   1   2   3   4   5   6   7 
  +---+---+---+---+---+---+---+---+
 0|   |   |   |   |   |   |   |   |
  +---+---+---+---+---+---+---+---+
 1|   |   |   |   |   |   |   |   |
  +---+---+---+---+---+---+---+---+
 2|   |   |   |   |   |   |   |   |
  +---+---+---+---+---+---+---+---+
 3|   |   |   | ~~|   |   |   |   |
  +---+---+---+---+---+---+---+---+
 4|   |   |   | S2|   |   |   |   |
  +---+---+---+---+---+---+---+---+
 5|   |   |   |   |   |   |   |   |
  +---+---+---+---+---+---+---+---+
 6|   |   |   | T3|   | b2| ~~|   |
  +---+---+---+---+---+---+---+---+
 7|   |   |   |   |   |   |   |   |
  +---+---+---+---+---+---+---+---+


    0   1   2   3   4   5   6   7 
  +---+---+---+---+---+---+---+---+
 0|   |   |   |   |   |   |   |   |
  +---+---+---+---+---+---+---+---+
 1|   |   |   |   |   |   |   |   |
  +---+---+---+---+---+---+---+---+
 2|   |   |   |   |   |   |   |   |
  +---+---+---+---+---+---+---+---+
 3|   |   |   | ~~|   |   |   |   |
  +---+---+---+---+---+---+---+---+
 4|   |   |   |+S2|   |   |   |   |
  +---+---+---+---+---+---+---+---+
 5|   |   |   |   |   |   |   |   |
  +---+---+---+---+---+---+---+---+
 6|   |   |   |+T3|   | b2| ~~|   |
  +---+---+---+---+---+---+---+---+
 7|   |   |   |   |   |   |   |   |
  +---+---+---+---+---+---+---+---+

End this turn (y,n)?
Please select a unit:
Unit at (6, 5) is an enemy!
Please select a unit:
1.Move 2.Attack 3.Skip 
Select your action:

    0   1   2   3   4   5   6   7 
  +---+---+---+---+---+---+---+---+
 0|   |   |   |   |   |   |   |   |
  +---+---+---+---+---+---+---+---+
 1|   |   |   |   |   |   |   |   |
  +---+---+---+---+---+---+---+---+
 2|   |   |   |   |   |   |   |   |
  +---+---+---+---+---+---+---+---+
 3|   |   |   | ~~|   |   |   |   |
  +---+---+---+---+---+---+---+---+
 4|   |   |   |*S2|   |   |   |   |
  +---+---+---+---+---+---+---+---+
 5|   |   |   |*  |   |   |   |   |
  +---+---+---+---+---+---+---+---+
 6|*  |*  |*  | T3|*  |*b2| ~~|   |
  +---+---+---+---+---+---+---+---+
 7|   |   |   |*  |   |   |   |   |
  +---+---+---+---+---+---+---+---+

Please enter your target:

    0   1   2   3   4   5   6   7 
  +---+---+---+---+---+---+---+---+
 0|   |   |   |   |   |   |   |   |
  +---+---+---+---+---+---+---+---+
 1|   |   |   |   |   |   |   |   |
  +---+---+---+---+---+---+---+---+
 2|   |   |   |   |   |   |   |   |
  +---+---+---+---+---+---+---+---+
 3|   |   |   | ~~|   |   |   |   |
  +---+---+---+---+---+---+---+---+
 4|   |   |   |+S2|   |   |   |   |
  +---+---+---+---+---+---+---+---+
 5|   |   |   |   |   |   |   |   |
  +---+---+---+---+---+---+---+---+
 6|   |   |   |+T3|   |   | b1|   |
  +---+---+---+---+---+---+---+---+
 7|   |   |   |   |   |   |   |   |
  +---+---+---+---+---+---+---+---+

End this turn (y,n)?

    0   1   2   3   4   5   6   7 
  +---+---+---+---+---+---+---+---+
 0|   |   |   |   |   |   |   |   |
  +---+---+---+---+---+---+---+---+
 1|   |   |   |   |   |   |   |   |
  +---+---+---+---+---+---+---+---+
 2|   |   |   |   |   |   |   |   |
  +---+---+---+---+---+---+---+---+
 3|   |   |   | ~~|   |   |   |   |
  +---+---+---+---+---+---+---+---+
 4|   |   |   | S2|   |   |   |   |
  +---+---+---+---+---+---+---+---+
 5|   |   |   |   |   |   |   |   |
  +---+---+---+---+---+---+---+---+
 6|   |   |   |   | b1|   | ~~|   |
  +---+---+---+---+---+---+---+---+
 7|   |   |   |   |   |   |   |   |
  +---+---+---+---+---+---+---+---+


    0   1   2   3   4   5   6   7 
  +---+---+---+---+---+---+---+---+
 0|   |   |   |   |   |   |   |   |
  +---+---+---+---+---+---+---+---+
 1|   |   |   |   |   |   |   |   |
  +---+---+---+---+---+---+---+---+
 2|   |   |   |   |   |   |   |   |
  +---+---+---+---+---+---+---+---+
 3|   |   |   | ~~|   |   |   |   |
  +---+---+---+---+---+---+---+---+
 4|   |   |   |+S2|   |   |   |   |
  +---+---+---+---+---+---+---+---+
 5|   |   |   |   |   |   |   |   |
  +---+---+---+---+---+---+---+---+
 6|   |   |   |   | b1|   | ~~|   |
  +---+---+---+---+---+---+---+---+
 7|   |   |   |   |   |   |   |   |
  +---+---+---+---+---+---+---+---+

End this turn (y,n)?
Please select a unit:
1.Move 2.Attack 3.Skip 
Select your action:

    0   1   2   3   4   5   6   7 
  +---+---+---+---+---+---+---+---+
 0|   |   |   |   |   |   |   |   |
  +---+---+---+---+---+---+---+---+
 1|   |   |   |   |   |   |   |   |
  +---+---+---+---+---+---+---+---+
 2|   |   |.  |   |.  |   |   |   |
  +---+---+---+---+---+---+---+---+
 3|   |.  |.  | ~~|.  |.  |   |   |
  +---+---+---+---+---+---+---+---+
 4|.  |.  |.  |.S2|.  |.  |.  |   |
  +---+---+---+---+---+---+---+---+
 5|   |.  |.  |.  |.  |.  |   |   |
  +---+---+---+---+---+---+---+---+
 6|   |   |.  |.  | b1|   | ~~|   |
  +---+---+---+---+---+---+---+---+
 7|   |   |   |.  |   |   |   |   |
  +---+---+---+---+---+---+---+---+

Please enter your destination:

    0   1   2   3   4   5   6   7 
  +---+---+---+---+---+---+---+---+
 0|   |   |   |   |   |   |   |   |
  +---+---+---+---+---+---+---+---+
 1|   |   |   |   |   |   |   |   |
  +---+---+---+---+---+---+---+---+
 2|   |   |   |   |   |   |   |   |
  +---+---+---+---+---+---+---+---+
 3|   |   |   | ~~|   |   |   |   |
  +---+---+---+---+---+---+---+---+
 4|   |   |   |   |   |   |   |   |
  +---+---+---+---+---+---+---+---+
 5|   |   |   |   |   |   |   |   |
  +---+---+---+---+---+---+---+---+
 6|   |   |   |+S2| b1|   | ~~|   |
  +---+---+---+---+---+---+---+---+
 7|   |   |   |   |   |   |   |   |
  +---+---+---+---+---+---+---+---+

End this turn (y,n)?
Please select a unit:
1.Attack 2.Skip 
Select your action:

    0   1   2   3   4   5   6   7 
  +---+---+---+---+---+---+---+---+
 0|   |   |   |   |   |   |   |   |
  +---+---+---+---+---+---+---+---+
 1|   |   |   |   |   |   |   |   |
  +---+---+---+---+---+---+---+---+
 2|   |   |   |   |   |   |   |   |
  +---+---+---+---+---+---+---+---+
 3|   |   |   | ~~|   |   |   |   |
  +---+---+---+---+---+---+---+---+
 4|   |   |   |   |   |   |   |   |
  +---+---+---+---+---+---+---+---+
 5|   |   |   |*  |   |   |   |   |
  +---+---+---+---+---+---+---+---+
 6|   |   |*  | S2|*b1|   | ~~|   |
  +---+---+---+---+---+---+---+---+
 7|   |   |   |*  |   |   |   |   |
  +---+---+---+---+---+---+---+---+

Please enter your target:
No more actable units.

    0   1   2   3   4   5   6   7 
  +---+---+---+---+---+---+---+---+
 0|   |   |   |   |   |   |   |   |
  +---+---+---+---+---+---+---+---+
 1|   |   |   |   |   |   |   |   |
  +---+---+---+---+---+---+---+---+
 2|   |   |   |   |   |   |   |   |
  +---+---+---+---+---+---+---+---+
 3|   |   |   | ~~|   |   |   |   |
  +---+---+---+---+---+---+---+---+
 4|   |   |   |   |   |   |   |   |
  +---+---+---+---+---+---+---+---+
 5|   |   |   |   |   |   |   |   |
  +---+---+---+---+---+---+---+---+
 6|   |   |   | S2|   |   | ~~|   |
  +---+---+---+---+---+---+---+---+
 7|   |   |   |   |   |   |   |   |
  +---+---+---+---+---+---+---+---+

Won
