
    0   1   2   3   4   5   6   7 
  +---+---+---+---+---+---+---+---+
 0|   |   |   |   |   |   |   |   |
  +---+---+---+---+---+---+---+---+
 1|   |   |   |   |   |   |   |   |
  +---+---+---+---+---+---+---+---+
 2|   |   | ~~| ~~|   |   |   |   |
  +---+---+---+---+---+---+---+---+
 3| T3| /\| S2|   | ~~|   |   |   |
  +---+---+---+---+---+---+---+---+
 4|   |   | ~~| ~~|   |   |   |   |
  +---+---+---+---+---+---+---+---+
 5|   |   |   |   |   |   |   |   |
  +---+---+---+---+---+---+---+---+
 6|   |   |   |   |   |   |   |   |
  +---+---+---+---+---+---+---+---+
 7|   |   |   |   |   |   |   | b2|
  +---+---+---+---+---+---+---+---+


    0   1   2   3   4   5   6   7 
  +---+---+---+---+---+---+---+---+
 0|   |   |   |   |   |   |   |   |
  +---+---+---+---+---+---+---+---+
 1|   |   |   |   |   |   |   |   |
  +---+---+---+---+---+---+---+---+
 2|   |   | ~~| ~~|   |   |   |   |
  +---+---+---+---+---+---+---+---+
 3|+T3| /\|+S2|   | ~~|   |   |   |
  +---+---+---+---+---+---+---+---+
 4|   |   | ~~| ~~|   |   |   |   |
  +---+---+---+---+---+---+---+---+
 5|   |   |   |   |   |   |   |   |
  +---+---+---+---+---+---+---+---+
 6|   |   |   |   |   |   |   |   |
  +---+---+---+---+---+---+---+---+
 7|   |   |   |   |   |   |   | b2|
  +---+---+---+---+---+---+---+---+

End this turn (y,n)?

    0   1   2   3   4   5   6   7 
  +---+---+---+---+---+---+---+---+
 0|   |   |   |   |   |   |   |   |
  +---+---+---+---+---+---+---+---+
 1|   |   |   |   |   |   |   |   |
  +---+---+---+---+---+---+---+---+
 2|   |   | ~~| ~~|   |   |   |   |
  +---+---+---+---+---+---+---+---+
 3| T3| /\| S2|   | ~~|   |   |   |
  +---+---+---+---+---+---+---+---+
 4|   |   | ~~| ~~|   |   |   | b2|
  +---+---+---+---+---+---+---+---+
 5|   |   |   |   |   |   |   |   |
  +---+---+---+---+---+---+---+---+
 6|   |   |   |   |   |   |   |   |
  +---+---+---+---+---+---+---+---+
 7|   |   |   |   |   |   |   |   |
  +---+---+---+---+---+---+---+---+


    0   1   2   3   4   5   6   7 
  +---+---+---+---+---+---+---+---+
 0|   |   |   |   |   |   |   |   |
  +---+---+---+---+---+---+---+---+
 1|   |   |   |   |   |   |   |   |
  +---+---+---+---+---+---+---+---+
 2|   |   | ~~| ~~|   |   |   |   |
  +---+---+---+---+---+---+---+---+
 3|+T3| /\|+S2|   | ~~|   |   |   |
  +---+---+---+---+---+---+---+---+
 4|   |   | ~~| ~~|   |   |   | b2|
  +---+---+---+---+---+---+---+---+
 5|   |   |   |   |   |   |   |   |
  +---+---+---+---+---+---+---+---+
 6|   |   |   |   |   |   |   |   |
  +---+---+---+---+---+---+---+---+
 7|   |   |   |   |   |   |   |   |
  +---+---+---+---+---+---+---+---+

End this turn (y,n)?

    0   1   2   3   4   5   6   7 
  +---+---+---+---+---+---+---+---+
 0|   |   |   |   |   |   |   |   |
  +---+---+---+---+---+---+---+---+
 1|   |   |   |   |   |   |   |   |
  +---+---+---+---+---+---+---+---+
 2|   |   | ~~| ~~|   |   |   |   |
  +---+---+---+---+---+---+---+---+
 3| T3| /\| S2|   | ~~| b2|   |   |
  +---+---+---+---+---+---+---+---+
 4|   |   | ~~| ~~|   |   |   |   |
  +---+---+---+---+---+---+---+---+
 5|   |   |   |   |   |   |   |   |
  +---+---+---+---+---+---+---+---+
 6|   |   |   |   |   |   |   |   |
  +---+---+---+---+---+---+---+---+
 7|   |   |   |   |   |   |   |   |
  +---+---+---+---+---+---+---+---+


    0   1   2   3   4   5   6   7 
  +---+---+---+---+---+---+---+---+
 0|   |   |   |   |   |   |   |   |
  +---+---+---+---+---+---+---+---+
 1|   |   |   |   |   |   |   |   |
  +---+---+---+---+---+---+---+---+
 2|   |   | ~~| ~~|   |   |   |   |
  +---+---+---+---+---+---+---+---+
 3|+T3| /\|+S2|   | ~~| b2|   |   |
  +---+---+---+---+---+---+---+---+
 4|   |   | ~~| ~~|   |   |   |   |
  +---+---+---+---+---+---+---+---+
 5|   |   |   |   |   |   |   |   |
  +---+---+---+---+---+---+---+---+
 6|   |   |   |   |   |   |   |   |
  +---+---+---+---+---+---+---+---+
 7|   |   |   |   |   |   |   |   |
  +---+---+---+---+---+---+---+---+

End this turn (y,n)?

    0   1   2   3   4   5   6   7 
  +---+---+---+---+---+---+---+---+
 0|   |   |   |   |   |   |   |   |
  +---+---+---+---+---+---+---+---+
 1|   |   |   |   |   |   |   |   |
  +---+---+---+---+---+---+---+---+
 2|   |   | ~~| ~~|   |   |   |   |
  +---+---+---+---+---+---+---+---+
 3| T3| /\|   | b2| ~~|   |   |   |
  +---+---+---+---+---+---+---+---+
 4|   |   | ~~| ~~|   |   |   |   |
  +---+---+---+---+---+---+---+---+
 5|   |   |   |   |   |   |   |   |
  +---+---+---+---+---+---+---+---+
 6|   |   |   |   |   |   |   |   |
  +---+---+---+---+---+---+---+---+
 7|   |   |   |   |   |   |   |   |
  +---+---+---+---+---+---+---+---+


    0   1   2   3   4   5   6   7 
  +---+---+---+---+---+---+---+---+
 0|   |   |   |   |   |   |   |   |
  +---+---+---+---+---+---+---+---+
 1|   |   |   |   |   |   |   |   |
  +---+---+---+---+---+---+---+---+
 2|   |   | ~~| ~~|   |   |   |   |
  +---+---+---+---+---+---+---+---+
 3|+T3| /\|   | b2| ~~|   |   |   |
  +---+---+---+---+---+---+---+---+
 4|   |   | ~~| ~~|   |   |   |   |
  +---+---+---+---+---+---+---+---+
 5|   |   |   |   |   |   |   |   |
  +---+---+---+---+---+---+---+---+
 6|   |   |   |   |   |   |   |   |
  +---+---+---+---+---+---+---+---+
 7|   |   |   |   |   |   |   |   |
  +---+---+---+---+---+---+---+---+

End this turn (y,n)?
Please select a unit:
1.Move 2.Attack 3.Skip 
Select your action:

    0   1   2   3   4   5   6   7 
  +---+---+---+---+---+---+---+---+
 0|   |   |   |   |   |   |   |   |
  +---+---+---+---+---+---+---+---+
 1|.  |   |   |   |   |   |   |   |
  +---+---+---+---+---+---+---+---+
 2|.  |.  | ~~| ~~|   |   |   |   |
  +---+---+---+---+---+---+---+---+
 3|.T3| /\|   | b2| ~~|   |   |   |
  +---+---+---+---+---+---+---+---+
 4|.  |.  | ~~| ~~|   |   |   |   |
  +---+---+---+---+---+---+---+---+
 5|.  |   |   |   |   |   |   |   |
  +---+---+---+---+---+---+---+---+
 6|   |   |   |   |   |   |   |   |
  +---+---+---+---+---+---+---+---+
 7|   |   |   |   |   |   |   |   |
  +---+---+---+---+---+---+---+---+

Please enter your destination:

    0   1   2   3   4   5   6   7 
  +---+---+---+---+---+---+---+---+
 0|   |   |   |   |   |   |   |   |
  +---+---+---+---+---+---+---+---+
 1|   |   |   |   |   |   |   |   |
  +---+---+---+---+---+---+---+---+
 2|   |   | ~~| ~~|   |   |   |   |
  +---+---+---+---+---+---+---+---+
 3|   | /\|   | b2| ~~|   |   |   |
  +---+---+---+---+---+---+---+---+
 4|   |   | ~~| ~~|   |   |   |   |
  +---+---+---+---+---+---+---+---+
 5|+T3|   |   |   |   |   |   |   |
  +---+---+---+---+---+---+---+---+
 6|   |   |   |   |   |   |   |   |
  +---+---+---+---+---+---+---+---+
 7|   |   |   |   |   |   |   |   |
  +---+---+---+---+---+---+---+---+

End this turn (y,n)?

    0   1   2   3   4   5   6   7 
  +---+---+---+---+---+---+---+---+
 0|   |   |   |   |   |   |   |   |
  +---+---+---+---+---+---+---+---+
 1|   |   |   |   |   |   |   |   |
  +---+---+---+---+---+---+---+---+
 2|   |   | ~~| ~~|   |   |   |   |
  +---+---+---+---+---+---+---+---+
 3|   | /\|   |   | ~~|   |   |   |
  +---+---+---+---+---+---+---+---+
 4|   | b2| ~~| ~~|   |   |   |   |
  +---+---+---+---+---+---+---+---+
 5| T3|   |   |   |   |   |   |   |
  +---+---+---+---+---+---+---+---+
 6|   |   |   |   |   |   |   |   |
  +---+---+---+---+---+---+---+---+
 7|   |   |   |   |   |   |   |   |
  +---+---+---+---+---+---+---+---+


    0   1   2   3   4   5   6   7 
  +---+---+---+---+---+---+---+---+
 0|   |   |   |   |   |   |   |   |
  +---+---+---+---+---+---+---+---+
 1|   |   |   |   |   |   |   |   |
  +---+---+---+---+---+---+---+---+
 2|   |   | ~~| ~~|   |   |   |   |
  +---+---+---+---+---+---+---+---+
 3|   | /\|   |   | ~~|   |   |   |
  +---+---+---+---+---+---+---+---+
 4|   | b2| ~~| ~~|   |   |   |   |
  +---+---+---+---+---+---+---+---+
 5|+T3|   |   |   |   |   |   |   |
  +---+---+---+---+---+---+---+---+
 6|   |   |   |   |   |   |   |   |
  +---+---+---+---+---+---+---+---+
 7|   |   |   |   |   |   |   |   |
  +---+---+---+---+---+---+---+---+

End this turn (y,n)?
Please select a unit:
1.Move 2.Attack 3.Skip 
Select your action:

    0   1   2   3   4   5   6   7 
  +---+---+---+---+---+---+---+---+
 0|   |   |   |   |   |   |   |   |
  +---+---+---+---+---+---+---+---+
 1|   |   |   |   |   |   |   |   |
  +---+---+---+---+---+---+---+---+
 2|   |   | ~~| ~~|   |   |   |   |
  +---+---+---+---+---+---+---+---+
 3|.  | /\|   |   | ~~|   |   |   |
  +---+---+---+---+---+---+---+---+
 4|.  | b2| ~~| ~~|   |   |   |   |
  +---+---+---+---+---+---+---+---+
 5|.T3|.  |.  |   |   |   |   |   |
  +---+---+---+---+---+---+---+---+
 6|.  |.  |   |   |   |   |   |   |
  +---+---+---+---+---+---+---+---+
 7|.  |   |   |   |   |   |   |   |
  +---+---+---+---+---+---+---+---+

Please enter your destination:

    0   1   2   3   4   5   6   7 
  +---+---+---+---+---+---+---+---+
 0|   |   |   |   |   |   |   |   |
  +---+---+---+---+---+---+---+---+
 1|   |   |   |   |   |   |   |   |
  +---+---+---+---+---+---+---+---+
 2|   |   | ~~| ~~|   |   |   |   |
  +---+---+---+---+---+---+---+---+
 3|   | /\|   |   | ~~|   |   |   |
  +---+---+---+---+---+---+---+---+
 4|   | b2| ~~| ~~|   |   |   |   |
  +---+---+---+---+---+---+---+---+
 5|   |+T3|   |   |   |   |   |   |
  +---+---+---+---+---+---+---+---+
 6|   |   |   |   |   |   |   |   |
  +---+---+---+---+---+---+---+---+
 7|   |   |   |   |   |   |   |   |
  +---+---+---+---+---+---+---+---+

End this turn (y,n)?
Please select a unit:
1.Attack 2.Skip 
Select your action:

    0   1   2   3   4   5   6   7 
  +---+---+---+---+---+---+---+---+
 0|   |   |   |   |   |   |   |   |
  +---+---+---+---+---+---+---+---+
 1|   |   |   |   |   |   |   |   |
  +---+---+---+---+---+---+---+---+
 2|   |   | ~~| ~~|   |   |   |   |
  +---+---+---+---+---+---+---+---+
 3|   | /\|   |   | ~~|   |   |   |
  +---+---+---+---+---+---+---+---+
 4|   |*b2| ~~| ~~|   |   |   |   |
  +---+---+---+---+---+---+---+---+
 5|*  | T3|*  |*  |*  |*  |*  |*  |
  +---+---+---+---+---+---+---+---+
 6|   |*  |   |   |   |   |   |   |
  +---+---+---+---+---+---+---+---+
 7|   |*  |   |   |   |   |   |   |
  +---+---+---+---+---+---+---+---+

Please enter your target:
No more actable units.

    0   1   2   3   4   5   6   7 
  +---+---+---+---+---+---+---+---+
 0|   |   |   |   |   |   |   |   |
  +---+---+---+---+---+---+---+---+
 1|   |   |   |   |   |   |   |   |
  +---+---+---+---+---+---+---+---+
 2|   |   | ~~| ~~|   |   |   |   |
  +---+---+---+---+---+---+---+---+
 3|   |   |   |   | ~~|   |   |   |
  +---+---+---+---+---+---+---+---+
 4|   |   | ~~| ~~|   |   |   |   |
  +---+---+---+---+---+---+---+---+
 5|   | T3|   |   |   |   |   |   |
  +---+---+---+---+---+---+---+---+
 6|   |   |   |   |   |   |   |   |
  +---+---+---+---+---+---+---+---+
 7|   |   |   |   |   |   |   |   |
  +---+---+---+---+---+---+---+---+

Won
