
    0   1   2   3   4   5   6   7 
  +---+---+---+---+---+---+---+---+
 0|   |   |   |   |   |   |   |   |
  +---+---+---+---+---+---+---+---+
 1|   |   |   |   |   |   |   |   |
  +---+---+---+---+---+---+---+---+
 2|   |   |   |   |   |   |   |   |
  +---+---+---+---+---+---+---+---+
 3|   |   |   | b2| b2|   |   |   |
  +---+---+---+---+---+---+---+---+
 4|   |   |   | b2| b2|   |   |   |
  +---+---+---+---+---+---+---+---+
 5|   |   |   |   |   |   |   |   |
  +---+---+---+---+---+---+---+---+
 6|   |   |   |   |   |   |   |   |
  +---+---+---+---+---+---+---+---+
 7| T3|   |   |   |   |   |   |   |
  +---+---+---+---+---+---+---+---+


    0   1   2   3   4   5   6   7 
  +---+---+---+---+---+---+---+---+
 0|   |   |   |   |   |   |   |   |
  +---+---+---+---+---+---+---+---+
 1|   |   |   |   |   |   |   |   |
  +---+---+---+---+---+---+---+---+
 2|   |   |   |   |   |   |   |   |
  +---+---+---+---+---+---+---+---+
 3|   |   |   | b2| b2|   |   |   |
  +---+---+---+---+---+---+---+---+
 4|   |   |   | b2| b2|   |   |   |
  +---+---+---+---+---+---+---+---+
 5|   |   |   |   |   |   |   |   |
  +---+---+---+---+---+---+---+---+
 6|   |   |   |   |   |   |   |   |
  +---+---+---+---+---+---+---+---+
 7|+T3|   |   |   |   |   |   |   |
  +---+---+---+---+---+---+---+---+

End this turn (y,n)?

    0   1   2   3   4   5   6   7 
  +---+---+---+---+---+---+---+---+
 0|   |   |   |   |   |   |   |   |
  +---+---+---+---+---+---+---+---+
 1|   |   |   |   |   |   |   |   |
  +---+---+---+---+---+---+---+---+
 2|   |   |   |   |   |   |   |   |
  +---+---+---+---+---+---+---+---+
 3| b2| b2|   |   |   |   |   |   |
  +---+---+---+---+---+---+---+---+
 4| b2| b2|   |   |   |   |   |   |
  +---+---+---+---+---+---+---+---+
 5|   |   |   |   |   |   |   |   |
  +---+---+---+---+---+---+---+---+
 6|   |   |   |   |   |   |   |   |
  +---+---+---+---+---+---+---+---+
 7| T3|   |   |   |   |   |   |   |
  +---+---+---+---+---+---+---+---+


    0   1   2   3   4   5   6   7 
  +---+---+---+---+---+---+---+---+
 0|   |   |   |   |   |   |   |   |
  +---+---+---+---+---+---+---+---+
 1|   |   |   |   |   |   |   |   |
  +---+---+---+---+---+---+---+---+
 2|   |   |   |   |   |   |   |   |
  +---+---+---+---+---+---+---+---+
 3| b2| b2|   |   |   |   |   |   |
  +---+---+---+---+---+---+---+---+
 4| b2| b2|   |   |   |   |   |   |
  +---+---+---+---+---+---+---+---+
 5|   |   |   |   |   |   |   |   |
  +---+---+---+---+---+---+---+---+
 6|   |   |   |   |   |   |   |   |
  +---+---+---+---+---+---+---+---+
 7|+T3|   |   |   |   |   |   |   |
  +---+---+---+---+---+---+---+---+

End this turn (y,n)?
Please select a unit:
1.Move 2.Attack 3.Skip 
Select your action:

    0   1   2   3   4   5   6   7 
  +---+---+---+---+---+---+---+---+
 0|   |   |   |   |   |   |   |   |
  +---+---+---+---+---+---+---+---+
 1|   |   |   |   |   |   |   |   |
  +---+---+---+---+---+---+---+---+
 2|   |   |   |   |   |   |   |   |
  +---+---+---+---+---+---+---+---+
 3| b2| b2|   |   |   |   |   |   |
  +---+---+---+---+---+---+---+---+
 4|*b2| b2|   |   |   |   |   |   |
  +---+---+---+---+---+---+---+---+
 5|*  |   |   |   |   |   |   |   |
  +---+---+---+---+---+---+---+---+
 6|*  |   |   |   |   |   |   |   |
  +---+---+---+---+---+---+---+---+
 7| T3|*  |*  |*  |*  |*  |*  |*  |
  +---+---+---+---+---+---+---+---+

Please enter your target:
Not a valid target
Please enter your target:

    0   1   2   3   4   5   6   7 
  +---+---+---+---+---+---+---+---+
 0|   |   |   |   |   |   |   |   |
  +---+---+---+---+---+---+---+---+
 1|   |   |   |   |   |   |   |   |
  +---+---+---+---+---+---+---+---+
 2|   |   |   |   |   |   |   |   |
  +---+---+---+---+---+---+---+---+
 3| b1| b2|   |   |   |   |   |   |
  +---+---+---+---+---+---+---+---+
 4|   | b2|   |   |   |   |   |   |
  +---+---+---+---+---+---+---+---+
 5|   |   |   |   |   |   |   |   |
  +---+---+---+---+---+---+---+---+
 6|   |   |   |   |   |   |   |   |
  +---+---+---+---+---+---+---+---+
 7|+T3|   |   |   |   |   |   |   |
  +---+---+---+---+---+---+---+---+

End this turn (y,n)?

    0   1   2   3   4   5   6   7 
  +---+---+---+---+---+---+---+---+
 0|   |   |   |   |   |   |   |   |
  +---+---+---+---+---+---+---+---+
 1|   |   |   |   |   |   |   |   |
  +---+---+---+---+---+---+---+---+
 2|   |   |   |   |   |   |   |   |
  +---+---+---+---+---+---+---+---+
 3|   | b2|   |   |   |   |   |   |
  +---+---+---+---+---+---+---+---+
 4|   | b2|   |   |   |   |   |   |
  +---+---+---+---+---+---+---+---+
 5|   |   |   |   |   |   |   |   |
  +---+---+---+---+---+---+---+---+
 6| b1|   |   |   |   |   |   |   |
  +---+---+---+---+---+---+---+---+
 7|   |   |   |   |   |   |   |   |
  +---+---+---+---+---+---+---+---+

Failed
