
    0   1   2   3   4   5   6   7 
  +---+---+---+---+---+---+---+---+
 0| T3|   |   |   |   |   |   |   |
  +---+---+---+---+---+---+---+---+
 1|   |   |   |   |   |   |   |   |
  +---+---+---+---+---+---+---+---+
 2|   |   |   |   |   |   |   |   |
  +---+---+---+---+---+---+---+---+
 3|   |   |   | b2| b2|   |   |   |
  +---+---+---+---+---+---+---+---+
 4|   |   |   | b2| b2|   |   |   |
  +---+---+---+---+---+---+---+---+
 5|   |   |   |   |   |   |   |   |
  +---+---+---+---+---+---+---+---+
 6|   |   |   |   |   |   |   |   |
  +---+---+---+---+---+---+---+---+
 7| T3|   |   |   |   |   |   |   |
  +---+---+---+---+---+---+---+---+


    0   1   2   3   4   5   6   7 
  +---+---+---+---+---+---+---+---+
 0|+T3|   |   |   |   |   |   |   |
  +---+---+---+---+---+---+---+---+
 1|   |   |   |   |   |   |   |   |
  +---+---+---+---+---+---+---+---+
 2|   |   |   |   |   |   |   |   |
  +---+---+---+---+---+---+---+---+
 3|   |   |   | b2| b2|   |   |   |
  +---+---+---+---+---+---+---+---+
 4|   |   |   | b2| b2|   |   |   |
  +---+---+---+---+---+---+---+---+
 5|   |   |   |   |   |   |   |   |
  +---+---+---+---+---+---+---+---+
 6|   |   |   |   |   |   |   |   |
  +---+---+---+---+---+---+---+---+
 7|+T3|   |   |   |   |   |   |   |
  +---+---+---+---+---+---+---+---+

End this turn (y,n)?
Please select a unit:
1.Move 2.Attack 3.Skip 
Select your action:

    0   1   2   3   4   5   6   7 
  +---+---+---+---+---+---+---+---+
 0|.T3|.  |.  |   |   |   |   |   |
  +---+---+---+---+---+---+---+---+
 1|.  |.  |   |   |   |   |   |   |
  +---+---+---+---+---+---+---+---+
 2|.  |   |   |   |   |   |   |   |
  +---+---+---+---+---+---+---+---+
 3|   |   |   | b2| b2|   |   |   |
  +---+---+---+---+---+---+---+---+
 4|   |   |   | b2| b2|   |   |   |
  +---+---+---+---+---+---+---+---+
 5|   |   |   |   |   |   |   |   |
  +---+---+---+---+---+---+---+---+
 6|   |   |   |   |   |   |   |   |
  +---+---+---+---+---+---+---+---+
 7| T3|   |   |   |   |   |   |   |
  +---+---+---+---+---+---+---+---+

Please enter your destination:

    0   1   2   3   4   5   6   7 
  +---+---+---+---+---+---+---+---+
 0|   |+T3|   |   |   |   |   |   |
  +---+---+---+---+---+---+---+---+
 1|   |   |   |   |   |   |   |   |
  +---+---+---+---+---+---+---+---+
 2|   |   |   |   |   |   |   |   |
  +---+---+---+---+---+---+---+---+
 3|   |   |   | b2| b2|   |   |   |
  +---+---+---+---+---+---+---+---+
 4|   |   |   | b2| b2|   |   |   |
  +---+---+---+---+---+---+---+---+
 5|   |   |   |   |   |   |   |   |
  +---+---+---+---+---+---+---+---+
 6|   |   |   |   |   |   |   |   |
  +---+---+---+---+---+---+---+---+
 7|+T3|   |   |   |   |   |   |   |
  +---+---+---+---+---+---+---+---+

End this turn (y,n)?
Please select a unit:
1.Move 2.Attack 3.Skip 
Select your action:

    0   1   2   3   4   5   6   7 
  +---+---+---+---+---+---+---+---+
 0|   | T3|   |   |   |   |   |   |
  +---+---+---+---+---+---+---+---+
 1|   |   |   |   |   |   |   |   |
  +---+---+---+---+---+---+---+---+
 2|   |   |   |   |   |   |   |   |
  +---+---+---+---+---+---+---+---+
 3|   |   |   | b2| b2|   |   |   |
  +---+---+---+---+---+---+---+---+
 4|   |   |   | b2| b2|   |   |   |
  +---+---+---+---+---+---+---+---+
 5|.  |   |   |   |   |   |   |   |
  +---+---+---+---+---+---+---+---+
 6|.  |.  |   |   |   |   |   |   |
  +---+---+---+---+---+---+---+---+
 7|.T3|.  |.  |   |   |   |   |   |
  +---+---+---+---+---+---+---+---+

Please enter your destination:

    0   1   2   3   4   5   6   7 
  +---+---+---+---+---+---+---+---+
 0|   |+T3|   |   |   |   |   |   |
  +---+---+---+---+---+---+---+---+
 1|   |   |   |   |   |   |   |   |
  +---+---+---+---+---+---+---+---+
 2|   |   |   |   |   |   |   |   |
  +---+---+---+---+---+---+---+---+
 3|   |   |   | b2| b2|   |   |   |
  +---+---+---+---+---+---+---+---+
 4|   |   |   | b2| b2|   |   |   |
  +---+---+---+---+---+---+---+---+
 5|   |   |   |   |   |   |   |   |
  +---+---+---+---+---+---+---+---+
 6|   |   |   |   |   |   |   |   |
  +---+---+---+---+---+---+---+---+
 7|   |+T3|   |   |   |   |   |   |
  +---+---+---+---+---+---+---+---+

End this turn (y,n)?

    0   1   2   3   4   5   6   7 
  +---+---+---+---+---+---+---+---+
 0|   | T3|   | b2| b2|   |   |   |
  +---+---+---+---+---+---+---+---+
 1|   |   |   |   |   |   |   |   |
  +---+---+---+---+---+---+---+---+
 2|   |   |   |   |   |   |   |   |
  +---+---+---+---+---+---+---+---+
 3|   |   |   |   |   |   |   |   |
  +---+---+---+---+---+---+---+---+
 4|   | b2|   |   |   |   |   |   |
  +---+---+---+---+---+---+---+---+
 5|   | b2|   |   |   |   |   |   |
  +---+---+---+---+---+---+---+---+
 6|   |   |   |   |   |   |   |   |
  +---+---+---+---+---+---+---+---+
 7|   | T3|   |   |   |   |   |   |
  +---+---+---+---+---+---+---+---+


    0   1   2   3   4   5   6   7 
  +---+---+---+---+---+---+---+---+
 0|   |+T3|   | b2| b2|   |   |   |
  +---+---+---+---+---+---+---+---+
 1|   |   |   |   |   |   |   |   |
  +---+---+---+---+---+---+---+---+
 2|   |   |   |   |   |   |   |   |
  +---+---+---+---+---+---+---+---+
 3|   |   |   |   |   |   |   |   |
  +---+---+---+---+---+---+---+---+
 4|   | b2|   |   |   |   |   |   |
  +---+---+---+---+---+---+---+---+
 5|   | b2|   |   |   |   |   |   |
  +---+---+---+---+---+---+---+---+
 6|   |   |   |   |   |   |   |   |
  +---+---+---+---+---+---+---+---+
 7|   |+T3|   |   |   |   |   |   |
  +---+---+---+---+---+---+---+---+

End this turn (y,n)?
Please select a unit:
1.Move 2.Attack 3.Skip 
Select your action:

    0   1   2   3   4   5   6   7 
  +---+---+---+---+---+---+---+---+
 0|*  | T3|*  |*b2| b2|   |   |   |
  +---+---+---+---+---+---+---+---+
 1|   |*  |   |   |   |   |   |   |
  +---+---+---+---+---+---+---+---+
 2|   |*  |   |   |   |   |   |   |
  +---+---+---+---+---+---+---+---+
 3|   |*  |   |   |   |   |   |   |
  +---+---+---+---+---+---+---+---+
 4|   |*b2|   |   |   |   |   |   |
  +---+---+---+---+---+---+---+---+
 5|   | b2|   |   |   |   |   |   |
  +---+---+---+---+---+---+---+---+
 6|   |   |   |   |   |   |   |   |
  +---+---+---+---+---+---+---+---+
 7|   | T3|   |   |   |   |   |   |
  +---+---+---+---+---+---+---+---+

Please enter your target:

    0   1   2   3   4   5   6   7 
  +---+---+---+---+---+---+---+---+
 0|   |+T3|   | b2| b2|   |   |   |
  +---+---+---+---+---+---+---+---+
 1|   |   |   |   |   |   |   |   |
  +---+---+---+---+---+---+---+---+
 2|   |   |   |   |   |   |   |   |
  +---+---+---+---+---+---+---+---+
 3|   |   |   |   |   |   |   |   |
  +---+---+---+---+---+---+---+---+
 4|   |   |   |   |   |   |   |   |
  +---+---+---+---+---+---+---+---+
 5|   | b1|   |   |   |   |   |   |
  +---+---+---+---+---+---+---+---+
 6|   |   |   |   |   |   |   |   |
  +---+---+---+---+---+---+---+---+
 7|   |+T3|   |   |   |   |   |   |
  +---+---+---+---+---+---+---+---+

End this turn (y,n)?
Please select a unit:
1.Move 2.Attack 3.Skip 
Select your action:

    0   1   2   3   4   5   6   7 
  +---+---+---+---+---+---+---+---+
 0|   | T3|   | b2| b2|   |   |   |
  +---+---+---+---+---+---+---+---+
 1|   |   |   |   |   |   |   |   |
  +---+---+---+---+---+---+---+---+
 2|   |   |   |   |   |   |   |   |
  +---+---+---+---+---+---+---+---+
 3|   |   |   |   |   |   |   |   |
  +---+---+---+---+---+---+---+---+
 4|   |   |   |   |   |   |   |   |
  +---+---+---+---+---+---+---+---+
 5|   |*b1|   |   |   |   |   |   |
  +---+---+---+---+---+---+---+---+
 6|   |*  |   |   |   |   |   |   |
  +---+---+---+---+---+---+---+---+
 7|*  | T3|*  |*  |*  |*  |*  |*  |
  +---+---+---+---+---+---+---+---+

Please enter your target:

    0   1   2   3   4   5   6   7 
  +---+---+---+---+---+---+---+---+
 0|   |+T3|   | b2| b2|   |   |   |
  +---+---+---+---+---+---+---+---+
 1|   |   |   |   |   |   |   |   |
  +---+---+---+---+---+---+---+---+
 2|   |   |   |   |   |   |   |   |
  +---+---+---+---+---+---+---+---+
 3|   |   |   |   |   |   |   |   |
  +---+---+---+---+---+---+---+---+
 4|   |   |   |   |   |   |   |   |
  +---+---+---+---+---+---+---+---+
 5|   |   |   |   |   |   |   |   |
  +---+---+---+---+---+---+---+---+
 6|   |   |   |   |   |   |   |   |
  +---+---+---+---+---+---+---+---+
 7|   |+T3|   |   |   |   |   |   |
  +---+---+---+---+---+---+---+---+

End this turn (y,n)?
Please select a unit:
1.Move 2.Skip 
Select your action:

    0   1   2   3   4   5   6   7 
  +---+---+---+---+---+---+---+---+
 0|.  |.T3|.  | b2| b2|   |   |   |
  +---+---+---+---+---+---+---+---+
 1|.  |.  |.  |   |   |   |   |   |
  +---+---+---+---+---+---+---+---+
 2|   |.  |   |   |   |   |   |   |
  +---+---+---+---+---+---+---+---+
 3|   |   |   |   |   |   |   |   |
  +---+---+---+---+---+---+---+---+
 4|   |   |   |   |   |   |   |   |
  +---+---+---+---+---+---+---+---+
 5|   |   |   |   |   |   |   |   |
  +---+---+---+---+---+---+---+---+
 6|   |   |   |   |   |   |   |   |
  +---+---+---+---+---+---+---+---+
 7|   | T3|   |   |   |   |   |   |
  +---+---+---+---+---+---+---+---+

Please enter your destination:

    0   1   2   3   4   5   6   7 
  +---+---+---+---+---+---+---+---+
 0|   |   |   | b2| b2|   |   |   |
  +---+---+---+---+---+---+---+---+
 1|   |   |   |   |   |   |   |   |
  +---+---+---+---+---+---+---+---+
 2|   | T3|   |   |   |   |   |   |
  +---+---+---+---+---+---+---+---+
 3|   |   |   |   |   |   |   |   |
  +---+---+---+---+---+---+---+---+
 4|   |   |   |   |   |   |   |   |
  +---+---+---+---+---+---+---+---+
 5|   |   |   |   |   |   |   |   |
  +---+---+---+---+---+---+---+---+
 6|   |   |   |   |   |   |   |   |
  +---+---+---+---+---+---+---+---+
 7|   |+T3|   |   |   |   |   |   |
  +---+---+---+---+---+---+---+---+

End this turn (y,n)?
Please select a unit:
Unit at (2, 1) is not actable!
Please select a unit:
1.Move 2.Skip 
Select your action:

    0   1   2   3   4   5   6   7 
  +---+---+---+---+---+---+---+---+
 0|   |   |   | b2| b2|   |   |   |
  +---+---+---+---+---+---+---+---+
 1|   |   |   |   |   |   |   |   |
  +---+---+---+---+---+---+---+---+
 2|   | T3|   |   |   |   |   |   |
  +---+---+---+---+---+---+---+---+
 3|   |   |   |   |   |   |   |   |
  +---+---+---+---+---+---+---+---+
 4|   |   |   |   |   |   |   |   |
  +---+---+---+---+---+---+---+---+
 5|   |.  |   |   |   |   |   |   |
  +---+---+---+---+---+---+---+---+
 6|.  |.  |.  |   |   |   |   |   |
  +---+---+---+---+---+---+---+---+
 7|.  |.T3|.  |.  |   |   |   |   |
  +---+---+---+---+---+---+---+---+

Please enter your destination:
No more actable units.

    0   1   2   3   4   5   6   7 
  +---+---+---+---+---+---+---+---+
 0|   | b2|   |   |   |   |   |   |
  +---+---+---+---+---+---+---+---+
 1|   | b2|   |   |   |   |   |   |
  +---+---+---+---+---+---+---+---+
 2|   |   |   |   |   |   |   |   |
  +---+---+---+---+---+---+---+---+
 3|   |   |   |   |   |   |   |   |
  +---+---+---+---+---+---+---+---+
 4|   |   |   |   |   |   |   |   |
  +---+---+---+---+---+---+---+---+
 5|   |   |   |   |   |   |   |   |
  +---+---+---+---+---+---+---+---+
 6|   |   |   |   |   |   |   |   |
  +---+---+---+---+---+---+---+---+
 7|   | T3|   |   |   |   |   |   |
  +---+---+---+---+---+---+---+---+


    0   1   2   3   4   5   6   7 
  +---+---+---+---+---+---+---+---+
 0|   | b2|   |   |   |   |   |   |
  +---+---+---+---+---+---+---+---+
 1|   | b2|   |   |   |   |   |   |
  +---+---+---+---+---+---+---+---+
 2|   |   |   |   |   |   |   |   |
  +---+---+---+---+---+---+---+---+
 3|   |   |   |   |   |   |   |   |
  +---+---+---+---+---+---+---+---+
 4|   |   |   |   |   |   |   |   |
  +---+---+---+---+---+---+---+---+
 5|   |   |   |   |   |   |   |   |
  +---+---+---+---+---+---+---+---+
 6|   |   |   |   |   |   |   |   |
  +---+---+---+---+---+---+---+---+
 7|   |+T3|   |   |   |   |   |   |
  +---+---+---+---+---+---+---+---+

End this turn (y,n)?
Please select a unit:
1.Move 2.Attack 3.Skip 
Select your action:

    0   1   2   3   4   5   6   7 
  +---+---+---+---+---+---+---+---+
 0|   | b2|   |   |   |   |   |   |
  +---+---+---+---+---+---+---+---+
 1|   |*b2|   |   |   |   |   |   |
  +---+---+---+---+---+---+---+---+
 2|   |*  |   |   |   |   |   |   |
  +---+---+---+---+---+---+---+---+
 3|   |*  |   |   |   |   |   |   |
  +---+---+---+---+---+---+---+---+
 4|   |*  |   |   |   |   |   |   |
  +---+---+---+---+---+---+---+---+
 5|   |*  |   |   |   |   |   |   |
  +---+---+---+---+---+---+---+---+
 6|   |*  |   |   |   |   |   |   |
  +---+---+---+---+---+---+---+---+
 7|*  | T3|*  |*  |*  |*  |*  |*  |
  +---+---+---+---+---+---+---+---+

Please enter your target:

    0   1   2   3   4   5   6   7 
  +---+---+---+---+---+---+---+---+
 0|   | b1|   |   |   |   |   |   |
  +---+---+---+---+---+---+---+---+
 1|   |   |   |   |   |   |   |   |
  +---+---+---+---+---+---+---+---+
 2|   |   |   |   |   |   |   |   |
  +---+---+---+---+---+---+---+---+
 3|   |   |   |   |   |   |   |   |
  +---+---+---+---+---+---+---+---+
 4|   |   |   |   |   |   |   |   |
  +---+---+---+---+---+---+---+---+
 5|   |   |   |   |   |   |   |   |
  +---+---+---+---+---+---+---+---+
 6|   |   |   |   |   |   |   |   |
  +---+---+---+---+---+---+---+---+
 7|   |+T3|   |   |   |   |   |   |
  +---+---+---+---+---+---+---+---+

End this turn (y,n)?

    0   1   2   3   4   5   6   7 
  +---+---+---+---+---+---+---+---+
 0|   |   |   |   |   |   |   |   |
  +---+---+---+---+---+---+---+---+
 1|   |   |   |   |   |   |   |   |
  +---+---+---+---+---+---+---+---+
 2|   |   |   |   |   |   |   |   |
  +---+---+---+---+---+---+---+---+
 3|   | b1|   |   |   |   |   |   |
  +---+---+---+---+---+---+---+---+
 4|   |   |   |   |   |   |   |   |
  +---+---+---+---+---+---+---+---+
 5|   |   |   |   |   |   |   |   |
  +---+---+---+---+---+---+---+---+
 6|   |   |   |   |   |   |   |   |
  +---+---+---+---+---+---+---+---+
 7|   | T3|   |   |   |   |   |   |
  +---+---+---+---+---+---+---+---+


    0   1   2   3   4   5   6   7 
  +---+---+---+---+---+---+---+---+
 0|   |   |   |   |   |   |   |   |
  +---+---+---+---+---+---+---+---+
 1|   |   |   |   |   |   |   |   |
  +---+---+---+---+---+---+---+---+
 2|   |   |   |   |   |   |   |   |
  +---+---+---+---+---+---+---+---+
 3|   | b1|   |   |   |   |   |   |
  +---+---+---+---+---+---+---+---+
 4|   |   |   |   |   |   |   |   |
  +---+---+---+---+---+---+---+---+
 5|   |   |   |   |   |   |   |   |
  +---+---+---+---+---+---+---+---+
 6|   |   |   |   |   |   |   |   |
  +---+---+---+---+---+---+---+---+
 7|   |+T3|   |   |   |   |   |   |
  +---+---+---+---+---+---+---+---+

End this turn (y,n)?
Please select a unit:
1.Move 2.Attack 3.Skip 
Select your action:

    0   1   2   3   4   5   6   7 
  +---+---+---+---+---+---+---+---+
 0|   |   |   |   |   |   |   |   |
  +---+---+---+---+---+---+---+---+
 1|   |   |   |   |   |   |   |   |
  +---+---+---+---+---+---+---+---+
 2|   |   |   |   |   |   |   |   |
  +---+---+---+---+---+---+---+---+
 3|   |*b1|   |   |   |   |   |   |
  +---+---+---+---+---+---+---+---+
 4|   |*  |   |   |   |   |   |   |
  +---+---+---+---+---+---+---+---+
 5|   |*  |   |   |   |   |   |   |
  +---+---+---+---+---+---+---+---+
 6|   |*  |   |   |   |   |   |   |
  +---+---+---+---+---+---+---+---+
 7|*  | T3|*  |*  |*  |*  |*  |*  |
  +---+---+---+---+---+---+---+---+

Please enter your target:

    0   1   2   3   4   5   6   7 
  +---+---+---+---+---+---+---+---+
 0|   |   |   |   |   |   |   |   |
  +---+---+---+---+---+---+---+---+
 1|   |   |   |   |   |   |   |   |
  +---+---+---+---+---+---+---+---+
 2|   |   |   |   |   |   |   |   |
  +---+---+---+---+---+---+---+---+
 3|   |   |   |   |   |   |   |   |
  +---+---+---+---+---+---+---+---+
 4|   |   |   |   |   |   |   |   |
  +---+---+---+---+---+---+---+---+
 5|   |   |   |   |   |   |   |   |
  +---+---+---+---+---+---+---+---+
 6|   |   |   |   |   |   |   |   |
  +---+---+---+---+---+---+---+---+
 7|   |+T3|   |   |   |   |   |   |
  +---+---+---+---+---+---+---+---+

End this turn (y,n)?

    0   1   2   3   4   5   6   7 
  +---+---+---+---+---+---+---+---+
 0|   |   |   |   |   |   |   |   |
  +---+---+---+---+---+---+---+---+
 1|   |   |   |   |   |   |   |   |
  +---+---+---+---+---+---+---+---+
 2|   |   |   |   |   |   |   |   |
  +---+---+---+---+---+---+---+---+
 3|   |   |   |   |   |   |   |   |
  +---+---+---+---+---+---+---+---+
 4|   |   |   |   |   |   |   |   |
  +---+---+---+---+---+---+---+---+
 5|   |   |   |   |   |   |   |   |
  +---+---+---+---+---+---+---+---+
 6|   |   |   |   |   |   |   |   |
  +---+---+---+---+---+---+---+---+
 7|   | T3|   |   |   |   |   |   |
  +---+---+---+---+---+---+---+---+

Won
