
    0   1   2   3   4   5   6   7 
  +---+---+---+---+---+---+---+---+
 0|   |   |   |   |   |   | b2| b2|
  +---+---+---+---+---+---+---+---+
 1|   |   |   | /\|   |   | b2|   |
  +---+---+---+---+---+---+---+---+
 2| /\|   |   |   | ~~|   | /\|   |
  +---+---+---+---+---+---+---+---+
 3|   | ~~|   |   |   | ~~|   |   |
  +---+---+---+---+---+---+---+---+
 4|   |   |   |   |   | ~~|   |   |
  +---+---+---+---+---+---+---+---+
 5|   | T3| S2|   |   |   |   | /\|
  +---+---+---+---+---+---+---+---+
 6|   | T3| S2|   | /\|   | b2| b2|
  +---+---+---+---+---+---+---+---+
 7|   |   |   |   |   | ~~| b2|   |
  +---+---+---+---+---+---+---+---+


    0   1   2   3   4   5   6   7 
  +---+---+---+---+---+---+---+---+
 0|   |   |   |   |   |   | b2| b2|
  +---+---+---+---+---+---+---+---+
 1|   |   |   | /\|   |   | b2|   |
  +---+---+---+---+---+---+---+---+
 2| /\|   |   |   | ~~|   | /\|   |
  +---+---+---+---+---+---+---+---+
 3|   | ~~|   |   |   | ~~|   |   |
  +---+---+---+---+---+---+---+---+
 4|   |   |   |   |   | ~~|   |   |
  +---+---+---+---+---+---+---+---+
 5|   |+T3|+S2|   |   |   |   | /\|
  +---+---+---+---+---+---+---+---+
 6|   |+T3|+S2|   | /\|   | b2| b2|
  +---+---+---+---+---+---+---+---+
 7|   |   |   |   |   | ~~| b2|   |
  +---+---+---+---+---+---+---+---+

End this turn (y,n)?

    0   1   2   3   4   5   6   7 
  +---+---+---+---+---+---+---+---+
 0|   |   |   | b2| b2|   |   |   |
  +---+---+---+---+---+---+---+---+
 1|   |   |   | /\|   |   |   |   |
  +---+---+---+---+---+---+---+---+
 2| /\|   |   |   | b2|   | /\|   |
  +---+---+---+---+---+---+---+---+
 3|   | ~~|   |   |   | ~~|   |   |
  +---+---+---+---+---+---+---+---+
 4|   |   |   |   |   | ~~|   |   |
  +---+---+---+---+---+---+---+---+
 5|   | T3| S2|   | b2| b2|   | /\|
  +---+---+---+---+---+---+---+---+
 6|   | T3| S2|   | /\|   |   |   |
  +---+---+---+---+---+---+---+---+
 7|   |   |   | b2|   | ~~|   |   |
  +---+---+---+---+---+---+---+---+


    0   1   2   3   4   5   6   7 
  +---+---+---+---+---+---+---+---+
 0|   |   |   | b2| b2|   |   |   |
  +---+---+---+---+---+---+---+---+
 1|   |   |   | /\|   |   |   |   |
  +---+---+---+---+---+---+---+---+
 2| /\|   |   |   | b2|   | /\|   |
  +---+---+---+---+---+---+---+---+
 3|   | ~~|   |   |   | ~~|   |   |
  +---+---+---+---+---+---+---+---+
 4|   |   |   |   |   | ~~|   |   |
  +---+---+---+---+---+---+---+---+
 5|   |+T3|+S2|   | b2| b2|   | /\|
  +---+---+---+---+---+---+---+---+
 6|   |+T3|+S2|   | /\|   |   |   |
  +---+---+---+---+---+---+---+---+
 7|   |   |   | b2|   | ~~|   |   |
  +---+---+---+---+---+---+---+---+

End this turn (y,n)?
Please select a unit:
1.Move 2.Attack 3.Skip 
Select your action:

    0   1   2   3   4   5   6   7 
  +---+---+---+---+---+---+---+---+
 0|   |   |   | b2| b2|   |   |   |
  +---+---+---+---+---+---+---+---+
 1|   |   |   | /\|   |   |   |   |
  +---+---+---+---+---+---+---+---+
 2| /\|   |.  |   | b2|   | /\|   |
  +---+---+---+---+---+---+---+---+
 3|   | ~~|.  |.  |   | ~~|   |   |
  +---+---+---+---+---+---+---+---+
 4|.  |.  |.  |.  |.  | ~~|   |   |
  +---+---+---+---+---+---+---+---+
 5|   | T3|.S2|.  | b2| b2|   | /\|
  +---+---+---+---+---+---+---+---+
 6|   | T3| S2|.  | /\|   |   |   |
  +---+---+---+---+---+---+---+---+
 7|   |   |   | b2|   | ~~|   |   |
  +---+---+---+---+---+---+---+---+

Please enter your destination:

    0   1   2   3   4   5   6   7 
  +---+---+---+---+---+---+---+---+
 0|   |   |   | b2| b2|   |   |   |
  +---+---+---+---+---+---+---+---+
 1|   |   |   | /\|   |   |   |   |
  +---+---+---+---+---+---+---+---+
 2| /\|   |   |   | b2|   | /\|   |
  +---+---+---+---+---+---+---+---+
 3|   | ~~|   |   |   | ~~|   |   |
  +---+---+---+---+---+---+---+---+
 4|   |+S2|   |   |   | ~~|   |   |
  +---+---+---+---+---+---+---+---+
 5|   |+T3|   |   | b2| b2|   | /\|
  +---+---+---+---+---+---+---+---+
 6|   |+T3|+S2|   | /\|   |   |   |
  +---+---+---+---+---+---+---+---+
 7|   |   |   | b2|   | ~~|   |   |
  +---+---+---+---+---+---+---+---+

End this turn (y,n)?
Please select a unit:
1.Move 2.Attack 3.Skip 
Select your action:

    0   1   2   3   4   5   6   7 
  +---+---+---+---+---+---+---+---+
 0|   |   |   | b2| b2|   |   |   |
  +---+---+---+---+---+---+---+---+
 1|   |   |   | /\|   |   |   |   |
  +---+---+---+---+---+---+---+---+
 2| /\|   |   |   | b2|   | /\|   |
  +---+---+---+---+---+---+---+---+
 3|   | ~~|   |   |   | ~~|   |   |
  +---+---+---+---+---+---+---+---+
 4|   |*S2|   |   |   | ~~|   |   |
  +---+---+---+---+---+---+---+---+
 5|*  | T3|*  |*  |*b2| b2|   | /\|
  +---+---+---+---+---+---+---+---+
 6|   |*T3| S2|   | /\|   |   |   |
  +---+---+---+---+---+---+---+---+
 7|   |   |   | b2|   | ~~|   |   |
  +---+---+---+---+---+---+---+---+

Please enter your target:

    0   1   2   3   4   5   6   7 
  +---+---+---+---+---+---+---+---+
 0|   |   |   | b2| b2|   |   |   |
  +---+---+---+---+---+---+---+---+
 1|   |   |   | /\|   |   |   |   |
  +---+---+---+---+---+---+---+---+
 2| /\|   |   |   | b2|   | /\|   |
  +---+---+---+---+---+---+---+---+
 3|   | ~~|   |   |   | ~~|   |   |
  +---+---+---+---+---+---+---+---+
 4|   |+S2|   |   |   | ~~|   |   |
  +---+---+---+---+---+---+---+---+
 5|   |+T3|   |   |   | b1|   | /\|
  +---+---+---+---+---+---+---+---+
 6|   |+T3|+S2|   | /\|   |   |   |
  +---+---+---+---+---+---+---+---+
 7|   |   |   | b2|   | ~~|   |   |
  +---+---+---+---+---+---+---+---+

End this turn (y,n)?
Please select a unit:
1.Move 2.Attack 3.Skip 
Select your action:

    0   1   2   3   4   5   6   7 
  +---+---+---+---+---+---+---+---+
 0|   |   |   | b2| b2|   |   |   |
  +---+---+---+---+---+---+---+---+
 1|   |   |   | /\|   |   |   |   |
  +---+---+---+---+---+---+---+---+
 2| /\|   |   |   | b2|   | /\|   |
  +---+---+---+---+---+---+---+---+
 3|   | ~~|   |   |   | ~~|   |   |
  +---+---+---+---+---+---+---+---+
 4|   | S2|   |   |   | ~~|   |   |
  +---+---+---+---+---+---+---+---+
 5|.  | T3|   |   |   | b1|   | /\|
  +---+---+---+---+---+---+---+---+
 6|.  |.T3| S2|   | /\|   |   |   |
  +---+---+---+---+---+---+---+---+
 7|.  |.  |.  | b2|   | ~~|   |   |
  +---+---+---+---+---+---+---+---+

Please enter your destination:

    0   1   2   3   4   5   6   7 
  +---+---+---+---+---+---+---+---+
 0|   |   |   | b2| b2|   |   |   |
  +---+---+---+---+---+---+---+---+
 1|   |   |   | /\|   |   |   |   |
  +---+---+---+---+---+---+---+---+
 2| /\|   |   |   | b2|   | /\|   |
  +---+---+---+---+---+---+---+---+
 3|   | ~~|   |   |   | ~~|   |   |
  +---+---+---+---+---+---+---+---+
 4|   |+S2|   |   |   | ~~|   |   |
  +---+---+---+---+---+---+---+---+
 5|   |+T3|   |   |   | b1|   | /\|
  +---+---+---+---+---+---+---+---+
 6|   |   |+S2|   | /\|   |   |   |
  +---+---+---+---+---+---+---+---+
 7|   |+T3|   | b2|   | ~~|   |   |
  +---+---+---+---+---+---+---+---+

End this turn (y,n)?
Please select a unit:
1.Move 2.Attack 3.Skip 
Select your action:

    0   1   2   3   4   5   6   7 
  +---+---+---+---+---+---+---+---+
 0|   |   |   | b2| b2|   |   |   |
  +---+---+---+---+---+---+---+---+
 1|   |   |   | /\|   |   |   |   |
  +---+---+---+---+---+---+---+---+
 2| /\|   |   |   | b2|   | /\|   |
  +---+---+---+---+---+---+---+---+
 3|   | ~~|.  |   |   | ~~|   |   |
  +---+---+---+---+---+---+---+---+
 4|   | S2|.  |.  |   | ~~|   |   |
  +---+---+---+---+---+---+---+---+
 5|.  | T3|.  |.  |.  | b1|   | /\|
  +---+---+---+---+---+---+---+---+
 6|.  |.  |.S2|.  | /\|   |   |   |
  +---+---+---+---+---+---+---+---+
 7|.  | T3|.  | b2|   | ~~|   |   |
  +---+---+---+---+---+---+---+---+

Please enter your destination:

    0   1   2   3   4   5   6   7 
  +---+---+---+---+---+---+---+---+
 0|   |   |   | b2| b2|   |   |   |
  +---+---+---+---+---+---+---+---+
 1|   |   |   | /\|   |   |   |   |
  +---+---+---+---+---+---+---+---+
 2| /\|   |   |   | b2|   | /\|   |
  +---+---+---+---+---+---+---+---+
 3|   | ~~|   |   |   | ~~|   |   |
  +---+---+---+---+---+---+---+---+
 4|   |+S2|   |   |   | ~~|   |   |
  +---+---+---+---+---+---+---+---+
 5|   |+T3|   |   |   | b1|   | /\|
  +---+---+---+---+---+---+---+---+
 6|   |   |   |   | /\|   |   |   |
  +---+---+---+---+---+---+---+---+
 7|   |+T3|+S2| b2|   | ~~|   |   |
  +---+---+---+---+---+---+---+---+

End this turn (y,n)?
Please select a unit:
1.Attack 2.Skip 
Select your action:

    0   1   2   3   4   5   6   7 
  +---+---+---+---+---+---+---+---+
 0|   |   |   | b2| b2|   |   |   |
  +---+---+---+---+---+---+---+---+
 1|   |   |   | /\|   |   |   |   |
  +---+---+---+---+---+---+---+---+
 2| /\|   |   |   | b2|   | /\|   |
  +---+---+---+---+---+---+---+---+
 3|   | ~~|   |   |   | ~~|   |   |
  +---+---+---+---+---+---+---+---+
 4|   | S2|   |   |   | ~~|   |   |
  +---+---+---+---+---+---+---+---+
 5|   | T3|   |   |   | b1|   | /\|
  +---+---+---+---+---+---+---+---+
 6|   |   |*  |   | /\|   |   |   |
  +---+---+---+---+---+---+---+---+
 7|   |*T3| S2|*b2|   | ~~|   |   |
  +---+---+---+---+---+---+---+---+

Please enter your target:

    0   1   2   3   4   5   6   7 
  +---+---+---+---+---+---+---+---+
 0|   |   |   | b2| b2|   |   |   |
  +---+---+---+---+---+---+---+---+
 1|   |   |   | /\|   |   |   |   |
  +---+---+---+---+---+---+---+---+
 2| /\|   |   |   | b2|   | /\|   |
  +---+---+---+---+---+---+---+---+
 3|   | ~~|   |   |   | ~~|   |   |
  +---+---+---+---+---+---+---+---+
 4|   |+S2|   |   |   | ~~|   |   |
  +---+---+---+---+---+---+---+---+
 5|   |+T3|   |   |   | b1|   | /\|
  +---+---+---+---+---+---+---+---+
 6|   |   |   |   | /\|   |   |   |
  +---+---+---+---+---+---+---+---+
 7|   |+T3| S2| b1|   | ~~|   |   |
  +---+---+---+---+---+---+---+---+

End this turn (y,n)?
Please select a unit:
1.Attack 2.Skip 
Select your action:

    0   1   2   3   4   5   6   7 
  +---+---+---+---+---+---+---+---+
 0|   |   |   | b2| b2|   |   |   |
  +---+---+---+---+---+---+---+---+
 1|   |   |   | /\|   |   |   |   |
  +---+---+---+---+---+---+---+---+
 2| /\|   |   |   | b2|   | /\|   |
  +---+---+---+---+---+---+---+---+
 3|   | ~~|   |   |   | ~~|   |   |
  +---+---+---+---+---+---+---+---+
 4|   | S2|   |   |   | ~~|   |   |
  +---+---+---+---+---+---+---+---+
 5|   |*T3|   |   |   | b1|   | /\|
  +---+---+---+---+---+---+---+---+
 6|   |*  |   |   | /\|   |   |   |
  +---+---+---+---+---+---+---+---+
 7|*  | T3|*S2| b1|   | ~~|   |   |
  +---+---+---+---+---+---+---+---+

Please enter your target:

    0   1   2   3   4   5   6   7 
  +---+---+---+---+---+---+---+---+
 0|   |   |   | b2| b2|   |   |   |
  +---+---+---+---+---+---+---+---+
 1|   |   |   | /\|   |   |   |   |
  +---+---+---+---+---+---+---+---+
 2| /\|   |   |   | b2|   | /\|   |
  +---+---+---+---+---+---+---+---+
 3|   | ~~|   |   |   | ~~|   |   |
  +---+---+---+---+---+---+---+---+
 4|   |+S2|   |   |   | ~~|   |   |
  +---+---+---+---+---+---+---+---+
 5|   |+T3|   |   |   | b1|   | /\|
  +---+---+---+---+---+---+---+---+
 6|   |   |   |   | /\|   |   |   |
  +---+---+---+---+---+---+---+---+
 7|   | T3|   |   |   | ~~|   |   |
  +---+---+---+---+---+---+---+---+

End this turn (y,n)?
Please select a unit:
1.Move 2.Skip 
Select your action:

    0   1   2   3   4   5   6   7 
  +---+---+---+---+---+---+---+---+
 0|   |   |   | b2| b2|   |   |   |
  +---+---+---+---+---+---+---+---+
 1|   |   |   | /\|   |   |   |   |
  +---+---+---+---+---+---+---+---+
 2| /\|   |   |   | b2|   | /\|   |
  +---+---+---+---+---+---+---+---+
 3|   | ~~|   |   |   | ~~|   |   |
  +---+---+---+---+---+---+---+---+
 4|.  | S2|.  |   |   | ~~|   |   |
  +---+---+---+---+---+---+---+---+
 5|.  |.T3|.  |.  |   | b1|   | /\|
  +---+---+---+---+---+---+---+---+
 6|.  |.  |.  |   | /\|   |   |   |
  +---+---+---+---+---+---+---+---+
 7|   | T3|   |   |   | ~~|   |   |
  +---+---+---+---+---+---+---+---+

Please enter your destination:

    0   1   2   3   4   5   6   7 
  +---+---+---+---+---+---+---+---+
 0|   |   |   | b2| b2|   |   |   |
  +---+---+---+---+---+---+---+---+
 1|   |   |   | /\|   |   |   |   |
  +---+---+---+---+---+---+---+---+
 2| /\|   |   |   | b2|   | /\|   |
  +---+---+---+---+---+---+---+---+
 3|   | ~~|   |   |   | ~~|   |   |
  +---+---+---+---+---+---+---+---+
 4|   |+S2|   |   |   | ~~|   |   |
  +---+---+---+---+---+---+---+---+
 5| T3|   |   |   |   | b1|   | /\|
  +---+---+---+---+---+---+---+---+
 6|   |   |   |   | /\|   |   |   |
  +---+---+---+---+---+---+---+---+
 7|   | T3|   |   |   | ~~|   |   |
  +---+---+---+---+---+---+---+---+

End this turn (y,n)?

    0   1   2   3   4   5   6   7 
  +---+---+---+---+---+---+---+---+
 0|   | b2|   |   |   |   |   |   |
  +---+---+---+---+---+---+---+---+
 1|   | b2|   | /\|   |   |   |   |
  +---+---+---+---+---+---+---+---+
 2| /\| b2|   |   | ~~|   | /\|   |
  +---+---+---+---+---+---+---+---+
 3|   | ~~|   |   |   | ~~|   |   |
  +---+---+---+---+---+---+---+---+
 4|   | S2|   | b1|   | ~~|   |   |
  +---+---+---+---+---+---+---+---+
 5| T3|   |   |   |   |   |   | /\|
  +---+---+---+---+---+---+---+---+
 6|   |   |   |   | /\|   |   |   |
  +---+---+---+---+---+---+---+---+
 7|   | T3|   |   |   | ~~|   |   |
  +---+---+---+---+---+---+---+---+


    0   1   2   3   4   5   6   7 
  +---+---+---+---+---+---+---+---+
 0|   | b2|   |   |   |   |   |   |
  +---+---+---+---+---+---+---+---+
 1|   | b2|   | /\|   |   |   |   |
  +---+---+---+---+---+---+---+---+
 2| /\| b2|   |   | ~~|   | /\|   |
  +---+---+---+---+---+---+---+---+
 3|   | ~~|   |   |   | ~~|   |   |
  +---+---+---+---+---+---+---+---+
 4|   |+S2|   | b1|   | ~~|   |   |
  +---+---+---+---+---+---+---+---+
 5|+T3|   |   |   |   |   |   | /\|
  +---+---+---+---+---+---+---+---+
 6|   |   |   |   | /\|   |   |   |
  +---+---+---+---+---+---+---+---+
 7|   |+T3|   |   |   | ~~|   |   |
  +---+---+---+---+---+---+---+---+

End this turn (y,n)?
Please select a unit:
1.Move 2.Attack 3.Skip 
Select your action:

    0   1   2   3   4   5   6   7 
  +---+---+---+---+---+---+---+---+
 0|   | b2|   |   |   |   |   |   |
  +---+---+---+---+---+---+---+---+
 1|   | b2|   | /\|   |   |   |   |
  +---+---+---+---+---+---+---+---+
 2| /\| b2|.  |   | ~~|   | /\|   |
  +---+---+---+---+---+---+---+---+
 3|.  | ~~|.  |.  |   | ~~|   |   |
  +---+---+---+---+---+---+---+---+
 4|.  |.S2|.  | b1|   | ~~|   |   |
  +---+---+---+---+---+---+---+---+
 5| T3|.  |.  |.  |   |   |   | /\|
  +---+---+---+---+---+---+---+---+
 6|.  |.  |.  |   | /\|   |   |   |
  +---+---+---+---+---+---+---+---+
 7|   | T3|   |   |   | ~~|   |   |
  +---+---+---+---+---+---+---+---+

Please enter your destination:

    0   1   2   3   4   5   6   7 
  +---+---+---+---+---+---+---+---+
 0|   | b2|   |   |   |   |   |   |
  +---+---+---+---+---+---+---+---+
 1|   | b2|   | /\|   |   |   |   |
  +---+---+---+---+---+---+---+---+
 2| /\| b2|   |   | ~~|   | /\|   |
  +---+---+---+---+---+---+---+---+
 3|   | ~~|   |   |   | ~~|   |   |
  +---+---+---+---+---+---+---+---+
 4|   |   |   | b1|   | ~~|   |   |
  +---+---+---+---+---+---+---+---+
 5|+T3|   |   |+S2|   |   |   | /\|
  +---+---+---+---+---+---+---+---+
 6|   |   |   |   | /\|   |   |   |
  +---+---+---+---+---+---+---+---+
 7|   |+T3|   |   |   | ~~|   |   |
  +---+---+---+---+---+---+---+---+

End this turn (y,n)?
Please select a unit:
1.Attack 2.Skip 
Select your action:

    0   1   2   3   4   5   6   7 
  +---+---+---+---+---+---+---+---+
 0|   | b2|   |   |   |   |   |   |
  +---+---+---+---+---+---+---+---+
 1|   | b2|   | /\|   |   |   |   |
  +---+---+---+---+---+---+---+---+
 2| /\| b2|   |   | ~~|   | /\|   |
  +---+---+---+---+---+---+---+---+
 3|   | ~~|   |   |   | ~~|   |   |
  +---+---+---+---+---+---+---+---+
 4|   |   |   |*b1|   | ~~|   |   |
  +---+---+---+---+---+---+---+---+
 5| T3|   |*  | S2|*  |   |   | /\|
  +---+---+---+---+---+---+---+---+
 6|   |   |   |*  | /\|   |   |   |
  +---+---+---+---+---+---+---+---+
 7|   | T3|   |   |   | ~~|   |   |
  +---+---+---+---+---+---+---+---+

Please enter your target:

    0   1   2   3   4   5   6   7 
  +---+---+---+---+---+---+---+---+
 0|   | b2|   |   |   |   |   |   |
  +---+---+---+---+---+---+---+---+
 1|   | b2|   | /\|   |   |   |   |
  +---+---+---+---+---+---+---+---+
 2| /\| b2|   |   | ~~|   | /\|   |
  +---+---+---+---+---+---+---+---+
 3|   | ~~|   |   |   | ~~|   |   |
  +---+---+---+---+---+---+---+---+
 4|   |   |   |   |   | ~~|   |   |
  +---+---+---+---+---+---+---+---+
 5|+T3|   |   | S2|   |   |   | /\|
  +---+---+---+---+---+---+---+---+
 6|   |   |   |   | /\|   |   |   |
  +---+---+---+---+---+---+---+---+
 7|   |+T3|   |   |   | ~~|   |   |
  +---+---+---+---+---+---+---+---+

End this turn (y,n)?
Please select a unit:
1.Move 2.Attack 3.Skip 
Select your action:

    0   1   2   3   4   5   6   7 
  +---+---+---+---+---+---+---+---+
 0|   | b2|   |   |   |   |   |   |
  +---+---+---+---+---+---+---+---+
 1|   | b2|   | /\|   |   |   |   |
  +---+---+---+---+---+---+---+---+
 2| /\| b2|   |   | ~~|   | /\|   |
  +---+---+---+---+---+---+---+---+
 3|   |*~~|   |   |   | ~~|   |   |
  +---+---+---+---+---+---+---+---+
 4|   |*  |   |   |   | ~~|   |   |
  +---+---+---+---+---+---+---+---+
 5| T3|*  |   | S2|   |   |   | /\|
  +---+---+---+---+---+---+---+---+
 6|   |*  |   |   | /\|   |   |   |
  +---+---+---+---+---+---+---+---+
 7|*  | T3|*  |*  |*  |*~~|   |   |
  +---+---+---+---+---+---+---+---+

Please enter your target:

    0   1   2   3   4   5   6   7 
  +---+---+---+---+---+---+---+---+
 0|   | b2|   |   |   |   |   |   |
  +---+---+---+---+---+---+---+---+
 1|   | b2|   | /\|   |   |   |   |
  +---+---+---+---+---+---+---+---+
 2| /\| b2|   |   | ~~|   | /\|   |
  +---+---+---+---+---+---+---+---+
 3|   | ~~|   |   |   | ~~|   |   |
  +---+---+---+---+---+---+---+---+
 4|   |   |   |   |   | ~~|   |   |
  +---+---+---+---+---+---+---+---+
 5|+T3|   |   | S2|   |   |   | /\|
  +---+---+---+---+---+---+---+---+
 6|   |   |   |   | /\|   |   |   |
  +---+---+---+---+---+---+---+---+
 7|   |+T3|   |   |   | ~~|   |   |
  +---+---+---+---+---+---+---+---+

End this turn (y,n)?
Please select a unit:
1.Move 2.Skip 
Select your action:

    0   1   2   3   4   5   6   7 
  +---+---+---+---+---+---+---+---+
 0|   | b2|   |   |   |   |   |   |
  +---+---+---+---+---+---+---+---+
 1|   | b2|   | /\|   |   |   |   |
  +---+---+---+---+---+---+---+---+
 2| /\| b2|   |   | ~~|   | /\|   |
  +---+---+---+---+---+---+---+---+
 3|   | ~~|   |   |   | ~~|   |   |
  +---+---+---+---+---+---+---+---+
 4|   |   |   |   |   | ~~|   |   |
  +---+---+---+---+---+---+---+---+
 5| T3|.  |   | S2|   |   |   | /\|
  +---+---+---+---+---+---+---+---+
 6|.  |.  |.  |   | /\|   |   |   |
  +---+---+---+---+---+---+---+---+
 7|.  |.T3|.  |.  |   | ~~|   |   |
  +---+---+---+---+---+---+---+---+

Please enter your destination:

    0   1   2   3   4   5   6   7 
  +---+---+---+---+---+---+---+---+
 0|   | b2|   |   |   |   |   |   |
  +---+---+---+---+---+---+---+---+
 1|   | b2|   | /\|   |   |   |   |
  +---+---+---+---+---+---+---+---+
 2| /\| b2|   |   | ~~|   | /\|   |
  +---+---+---+---+---+---+---+---+
 3|   | ~~|   |   |   | ~~|   |   |
  +---+---+---+---+---+---+---+---+
 4|   |   |   |   |   | ~~|   |   |
  +---+---+---+---+---+---+---+---+
 5|+T3|   |   | S2|   |   |   | /\|
  +---+---+---+---+---+---+---+---+
 6| T3|   |   |   | /\|   |   |   |
  +---+---+---+---+---+---+---+---+
 7|   |   |   |   |   | ~~|   |   |
  +---+---+---+---+---+---+---+---+

End this turn (y,n)?

    0   1   2   3   4   5   6   7 
  +---+---+---+---+---+---+---+---+
 0|   |   |   |   |   |   |   |   |
  +---+---+---+---+---+---+---+---+
 1| b2|   |   | /\|   |   |   |   |
  +---+---+---+---+---+---+---+---+
 2| /\|   |   | b2| ~~|   | /\|   |
  +---+---+---+---+---+---+---+---+
 3|   | ~~|   |   |   | ~~|   |   |
  +---+---+---+---+---+---+---+---+
 4| b2|   |   |   |   | ~~|   |   |
  +---+---+---+---+---+---+---+---+
 5|   |   |   | S2|   |   |   | /\|
  +---+---+---+---+---+---+---+---+
 6| T3|   |   |   | /\|   |   |   |
  +---+---+---+---+---+---+---+---+
 7|   |   |   |   |   | ~~|   |   |
  +---+---+---+---+---+---+---+---+


    0   1   2   3   4   5   6   7 
  +---+---+---+---+---+---+---+---+
 0|   |   |   |   |   |   |   |   |
  +---+---+---+---+---+---+---+---+
 1| b2|   |   | /\|   |   |   |   |
  +---+---+---+---+---+---+---+---+
 2| /\|   |   | b2| ~~|   | /\|   |
  +---+---+---+---+---+---+---+---+
 3|   | ~~|   |   |   | ~~|   |   |
  +---+---+---+---+---+---+---+---+
 4| b2|   |   |   |   | ~~|   |   |
  +---+---+---+---+---+---+---+---+
 5|   |   |   |+S2|   |   |   | /\|
  +---+---+---+---+---+---+---+---+
 6|+T3|   |   |   | /\|   |   |   |
  +---+---+---+---+---+---+---+---+
 7|   |   |   |   |   | ~~|   |   |
  +---+---+---+---+---+---+---+---+

End this turn (y,n)?
Please select a unit:
1.Move 2.Attack 3.Skip 
Select your action:

    0   1   2   3   4   5   6   7 
  +---+---+---+---+---+---+---+---+
 0|   |   |   |   |   |   |   |   |
  +---+---+---+---+---+---+---+---+
 1| b2|   |   | /\|   |   |   |   |
  +---+---+---+---+---+---+---+---+
 2| /\|   |   | b2| ~~|   | /\|   |
  +---+---+---+---+---+---+---+---+
 3|   | ~~|.  |.  |.  | ~~|   |   |
  +---+---+---+---+---+---+---+---+
 4| b2|.  |.  |.  |.  | ~~|   |   |
  +---+---+---+---+---+---+---+---+
 5|.  |.  |.  |.S2|.  |.  |.  | /\|
  +---+---+---+---+---+---+---+---+
 6| T3|.  |.  |.  | /\|.  |   |   |
  +---+---+---+---+---+---+---+---+
 7|   |   |.  |.  |.  | ~~|   |   |
  +---+---+---+---+---+---+---+---+

Please enter your destination:

    0   1   2   3   4   5   6   7 
  +---+---+---+---+---+---+---+---+
 0|   |   |   |   |   |   |   |   |
  +---+---+---+---+---+---+---+---+
 1| b2|   |   | /\|   |   |   |   |
  +---+---+---+---+---+---+---+---+
 2| /\|   |   | b2| ~~|   | /\|   |
  +---+---+---+---+---+---+---+---+
 3|   | ~~|   |   |   | ~~|   |   |
  +---+---+---+---+---+---+---+---+
 4| b2|+S2|   |   |   | ~~|   |   |
  +---+---+---+---+---+---+---+---+
 5|   |   |   |   |   |   |   | /\|
  +---+---+---+---+---+---+---+---+
 6|+T3|   |   |   | /\|   |   |   |
  +---+---+---+---+---+---+---+---+
 7|   |   |   |   |   | ~~|   |   |
  +---+---+---+---+---+---+---+---+

End this turn (y,n)?
Please select a unit:
1.Attack 2.Skip 
Select your action:

    0   1   2   3   4   5   6   7 
  +---+---+---+---+---+---+---+---+
 0|   |   |   |   |   |   |   |   |
  +---+---+---+---+---+---+---+---+
 1| b2|   |   | /\|   |   |   |   |
  +---+---+---+---+---+---+---+---+
 2| /\|   |   | b2| ~~|   | /\|   |
  +---+---+---+---+---+---+---+---+
 3|   |*~~|   |   |   | ~~|   |   |
  +---+---+---+---+---+---+---+---+
 4|*b2| S2|*  |   |   | ~~|   |   |
  +---+---+---+---+---+---+---+---+
 5|   |*  |   |   |   |   |   | /\|
  +---+---+---+---+---+---+---+---+
 6| T3|   |   |   | /\|   |   |   |
  +---+---+---+---+---+---+---+---+
 7|   |   |   |   |   | ~~|   |   |
  +---+---+---+---+---+---+---+---+

Please enter your target:

    0   1   2   3   4   5   6   7 
  +---+---+---+---+---+---+---+---+
 0|   |   |   |   |   |   |   |   |
  +---+---+---+---+---+---+---+---+
 1| b2|   |   | /\|   |   |   |   |
  +---+---+---+---+---+---+---+---+
 2| /\|   |   | b2| ~~|   | /\|   |
  +---+---+---+---+---+---+---+---+
 3|   | ~~|   |   |   | ~~|   |   |
  +---+---+---+---+---+---+---+---+
 4| b1| S2|   |   |   | ~~|   |   |
  +---+---+---+---+---+---+---+---+
 5|   |   |   |   |   |   |   | /\|
  +---+---+---+---+---+---+---+---+
 6|+T3|   |   |   | /\|   |   |   |
  +---+---+---+---+---+---+---+---+
 7|   |   |   |   |   | ~~|   |   |
  +---+---+---+---+---+---+---+---+

End this turn (y,n)?
Please select a unit:
1.Move 2.Attack 3.Skip 
Select your action:

    0   1   2   3   4   5   6   7 
  +---+---+---+---+---+---+---+---+
 0|   |   |   |   |   |   |   |   |
  +---+---+---+---+---+---+---+---+
 1| b2|   |   | /\|   |   |   |   |
  +---+---+---+---+---+---+---+---+
 2| /\|   |   | b2| ~~|   | /\|   |
  +---+---+---+---+---+---+---+---+
 3|   | ~~|   |   |   | ~~|   |   |
  +---+---+---+---+---+---+---+---+
 4|*b1| S2|   |   |   | ~~|   |   |
  +---+---+---+---+---+---+---+---+
 5|*  |   |   |   |   |   |   | /\|
  +---+---+---+---+---+---+---+---+
 6| T3|*  |*  |*  |*/\|   |   |   |
  +---+---+---+---+---+---+---+---+
 7|*  |   |   |   |   | ~~|   |   |
  +---+---+---+---+---+---+---+---+

Please enter your target:

    0   1   2   3   4   5   6   7 
  +---+---+---+---+---+---+---+---+
 0|   |   |   |   |   |   |   |   |
  +---+---+---+---+---+---+---+---+
 1| b2|   |   | /\|   |   |   |   |
  +---+---+---+---+---+---+---+---+
 2| /\|   |   | b2| ~~|   | /\|   |
  +---+---+---+---+---+---+---+---+
 3|   | ~~|   |   |   | ~~|   |   |
  +---+---+---+---+---+---+---+---+
 4|   | S2|   |   |   | ~~|   |   |
  +---+---+---+---+---+---+---+---+
 5|   |   |   |   |   |   |   | /\|
  +---+---+---+---+---+---+---+---+
 6|+T3|   |   |   | /\|   |   |   |
  +---+---+---+---+---+---+---+---+
 7|   |   |   |   |   | ~~|   |   |
  +---+---+---+---+---+---+---+---+

End this turn (y,n)?

    0   1   2   3   4   5   6   7 
  +---+---+---+---+---+---+---+---+
 0|   |   |   |   |   |   |   |   |
  +---+---+---+---+---+---+---+---+
 1|   |   |   | /\|   |   |   |   |
  +---+---+---+---+---+---+---+---+
 2| /\|   |   |   | ~~|   | /\|   |
  +---+---+---+---+---+---+---+---+
 3|   | b2|   |   |   | ~~|   |   |
  +---+---+---+---+---+---+---+---+
 4|   |   | b2|   |   | ~~|   |   |
  +---+---+---+---+---+---+---+---+
 5|   |   |   |   |   |   |   | /\|
  +---+---+---+---+---+---+---+---+
 6| T3|   |   |   | /\|   |   |   |
  +---+---+---+---+---+---+---+---+
 7|   |   |   |   |   | ~~|   |   |
  +---+---+---+---+---+---+---+---+


    0   1   2   3   4   5   6   7 
  +---+---+---+---+---+---+---+---+
 0|   |   |   |   |   |   |   |   |
  +---+---+---+---+---+---+---+---+
 1|   |   |   | /\|   |   |   |   |
  +---+---+---+---+---+---+---+---+
 2| /\|   |   |   | ~~|   | /\|   |
  +---+---+---+---+---+---+---+---+
 3|   | b2|   |   |   | ~~|   |   |
  +---+---+---+---+---+---+---+---+
 4|   |   | b2|   |   | ~~|   |   |
  +---+---+---+---+---+---+---+---+
 5|   |   |   |   |   |   |   | /\|
  +---+---+---+---+---+---+---+---+
 6|+T3|   |   |   | /\|   |   |   |
  +---+---+---+---+---+---+---+---+
 7|   |   |   |   |   | ~~|   |   |
  +---+---+---+---+---+---+---+---+

End this turn (y,n)?
Please select a unit:
1.Move 2.Attack 3.Skip 
Select your action:

    0   1   2   3   4   5   6   7 
  +---+---+---+---+---+---+---+---+
 0|   |   |   |   |   |   |   |   |
  +---+---+---+---+---+---+---+---+
 1|   |   |   | /\|   |   |   |   |
  +---+---+---+---+---+---+---+---+
 2| /\|   |   |   | ~~|   | /\|   |
  +---+---+---+---+---+---+---+---+
 3|   | b2|   |   |   | ~~|   |   |
  +---+---+---+---+---+---+---+---+
 4|.  |   | b2|   |   | ~~|   |   |
  +---+---+---+---+---+---+---+---+
 5|.  |.  |   |   |   |   |   | /\|
  +---+---+---+---+---+---+---+---+
 6|.T3|.  |.  |   | /\|   |   |   |
  +---+---+---+---+---+---+---+---+
 7|.  |.  |   |   |   | ~~|   |   |
  +---+---+---+---+---+---+---+---+

Please enter your destination:

    0   1   2   3   4   5   6   7 
  +---+---+---+---+---+---+---+---+
 0|   |   |   |   |   |   |   |   |
  +---+---+---+---+---+---+---+---+
 1|   |   |   | /\|   |   |   |   |
  +---+---+---+---+---+---+---+---+
 2| /\|   |   |   | ~~|   | /\|   |
  +---+---+---+---+---+---+---+---+
 3|   | b2|   |   |   | ~~|   |   |
  +---+---+---+---+---+---+---+---+
 4|   |   | b2|   |   | ~~|   |   |
  +---+---+---+---+---+---+---+---+
 5|   |   |   |   |   |   |   | /\|
  +---+---+---+---+---+---+---+---+
 6|   |   |   |   | /\|   |   |   |
  +---+---+---+---+---+---+---+---+
 7|+T3|   |   |   |   | ~~|   |   |
  +---+---+---+---+---+---+---+---+

End this turn (y,n)?

    0   1   2   3   4   5   6   7 
  +---+---+---+---+---+---+---+---+
 0|   |   |   |   |   |   |   |   |
  +---+---+---+---+---+---+---+---+
 1|   |   |   | /\|   |   |   |   |
  +---+---+---+---+---+---+---+---+
 2| /\|   |   |   | ~~|   | /\|   |
  +---+---+---+---+---+---+---+---+
 3|   | ~~|   |   |   | ~~|   |   |
  +---+---+---+---+---+---+---+---+
 4|   |   |   |   |   | ~~|   |   |
  +---+---+---+---+---+---+---+---+
 5| b2|   |   |   |   |   |   | /\|
  +---+---+---+---+---+---+---+---+
 6|   | b2|   |   | /\|   |   |   |
  +---+---+---+---+---+---+---+---+
 7| T3|   |   |   |   | ~~|   |   |
  +---+---+---+---+---+---+---+---+


    0   1   2   3   4   5   6   7 
  +---+---+---+---+---+---+---+---+
 0|   |   |   |   |   |   |   |   |
  +---+---+---+---+---+---+---+---+
 1|   |   |   | /\|   |   |   |   |
  +---+---+---+---+---+---+---+---+
 2| /\|   |   |   | ~~|   | /\|   |
  +---+---+---+---+---+---+---+---+
 3|   | ~~|   |   |   | ~~|   |   |
  +---+---+---+---+---+---+---+---+
 4|   |   |   |   |   | ~~|   |   |
  +---+---+---+---+---+---+---+---+
 5| b2|   |   |   |   |   |   | /\|
  +---+---+---+---+---+---+---+---+
 6|   | b2|   |   | /\|   |   |   |
  +---+---+---+---+---+---+---+---+
 7|+T3|   |   |   |   | ~~|   |   |
  +---+---+---+---+---+---+---+---+

End this turn (y,n)?
Please select a unit:
1.Move 2.Attack 3.Skip 
Select your action:

    0   1   2   3   4   5   6   7 
  +---+---+---+---+---+---+---+---+
 0|   |   |   |   |   |   |   |   |
  +---+---+---+---+---+---+---+---+
 1|   |   |   | /\|   |   |   |   |
  +---+---+---+---+---+---+---+---+
 2| /\|   |   |   | ~~|   | /\|   |
  +---+---+---+---+---+---+---+---+
 3|   | ~~|   |   |   | ~~|   |   |
  +---+---+---+---+---+---+---+---+
 4|   |   |   |   |   | ~~|   |   |
  +---+---+---+---+---+---+---+---+
 5|*b2|   |   |   |   |   |   | /\|
  +---+---+---+---+---+---+---+---+
 6|*  | b2|   |   | /\|   |   |   |
  +---+---+---+---+---+---+---+---+
 7| T3|*  |*  |*  |*  |*~~|   |   |
  +---+---+---+---+---+---+---+---+

Please enter your target:

    0   1   2   3   4   5   6   7 
  +---+---+---+---+---+---+---+---+
 0|   |   |   |   |   |   |   |   |
  +---+---+---+---+---+---+---+---+
 1|   |   |   | /\|   |   |   |   |
  +---+---+---+---+---+---+---+---+
 2| /\|   |   |   | ~~|   | /\|   |
  +---+---+---+---+---+---+---+---+
 3|   | ~~|   |   |   | ~~|   |   |
  +---+---+---+---+---+---+---+---+
 4| b1|   |   |   |   | ~~|   |   |
  +---+---+---+---+---+---+---+---+
 5|   |   |   |   |   |   |   | /\|
  +---+---+---+---+---+---+---+---+
 6|   | b2|   |   | /\|   |   |   |
  +---+---+---+---+---+---+---+---+
 7|+T3|   |   |   |   | ~~|   |   |
  +---+---+---+---+---+---+---+---+

End this turn (y,n)?

    0   1   2   3   4   5   6   7 
  +---+---+---+---+---+---+---+---+
 0|   |   |   |   |   |   |   |   |
  +---+---+---+---+---+---+---+---+
 1|   |   |   | /\|   |   |   |   |
  +---+---+---+---+---+---+---+---+
 2| /\|   |   |   | ~~|   | /\|   |
  +---+---+---+---+---+---+---+---+
 3|   | ~~|   |   |   | ~~|   |   |
  +---+---+---+---+---+---+---+---+
 4|   |   |   |   |   | ~~|   |   |
  +---+---+---+---+---+---+---+---+
 5|   |   |   |   |   |   |   | /\|
  +---+---+---+---+---+---+---+---+
 6| b1| b2|   |   | /\|   |   |   |
  +---+---+---+---+---+---+---+---+
 7|   |   |   |   |   | ~~|   |   |
  +---+---+---+---+---+---+---+---+

Failed
