
    0   1   2   3   4   5   6   7 
  +---+---+---+---+---+---+---+---+
 0|   |   |   |   |   |   |   |   |
  +---+---+---+---+---+---+---+---+
 1|   |   |   |   |   |   |   |   |
  +---+---+---+---+---+---+---+---+
 2|   |   |   |   |   |   |   |   |
  +---+---+---+---+---+---+---+---+
 3|   |   |   | /\|   |   |   |   |
  +---+---+---+---+---+---+---+---+
 4|   |   |   |   |   |   |   |   |
  +---+---+---+---+---+---+---+---+
 5|   |   |   |   |   |   |   | F2|
  +---+---+---+---+---+---+---+---+
 6|   |   |   | b2|   |   | ~~|   |
  +---+---+---+---+---+---+---+---+
 7|   |   |   |   | b2|   |   |   |
  +---+---+---+---+---+---+---+---+


    0   1   2   3   4   5   6   7 
  +---+---+---+---+---+---+---+---+
 0|   |   |   |   |   |   |   |   |
  +---+---+---+---+---+---+---+---+
 1|   |   |   |   |   |   |   |   |
  +---+---+---+---+---+---+---+---+
 2|   |   |   |   |   |   |   |   |
  +---+---+---+---+---+---+---+---+
 3|   |   |   | /\|   |   |   |   |
  +---+---+---+---+---+---+---+---+
 4|   |   |   |   |   |   |   |   |
  +---+---+---+---+---+---+---+---+
 5|   |   |   |   |   |   |   |+F2|
  +---+---+---+---+---+---+---+---+
 6|   |   |   | b2|   |   | ~~|   |
  +---+---+---+---+---+---+---+---+
 7|   |   |   |   | b2|   |   |   |
  +---+---+---+---+---+---+---+---+

End this turn (y,n)?
Please select a unit:
1.Move 2.Attack 3.Skip 
Select your action:

    0   1   2   3   4   5   6   7 
  +---+---+---+---+---+---+---+---+
 0|   |   |   |   |   |   |   |.  |
  +---+---+---+---+---+---+---+---+
 1|   |   |   |   |   |   |.  |.  |
  +---+---+---+---+---+---+---+---+
 2|   |   |   |   |   |.  |.  |.  |
  +---+---+---+---+---+---+---+---+
 3|   |   |   | /\|.  |.  |.  |.  |
  +---+---+---+---+---+---+---+---+
 4|   |   |   |.  |.  |.  |.  |.  |
  +---+---+---+---+---+---+---+---+
 5|   |   |.  |.  |.  |.  |.  |.F2|
  +---+---+---+---+---+---+---+---+
 6|   |   |   | b2|.  |.  |.~~|.  |
  +---+---+---+---+---+---+---+---+
 7|   |   |   |   | b2|.  |.  |.  |
  +---+---+---+---+---+---+---+---+

Please enter your destination:

    0   1   2   3   4   5   6   7 
  +---+---+---+---+---+---+---+---+
 0|   |   |   |   |   |   |   |+F2|
  +---+---+---+---+---+---+---+---+
 1|   |   |   |   |   |   |   |   |
  +---+---+---+---+---+---+---+---+
 2|   |   |   |   |   |   |   |   |
  +---+---+---+---+---+---+---+---+
 3|   |   |   | /\|   |   |   |   |
  +---+---+---+---+---+---+---+---+
 4|   |   |   |   |   |   |   |   |
  +---+---+---+---+---+---+---+---+
 5|   |   |   |   |   |   |   |   |
  +---+---+---+---+---+---+---+---+
 6|   |   |   | b2|   |   | ~~|   |
  +---+---+---+---+---+---+---+---+
 7|   |   |   |   | b2|   |   |   |
  +---+---+---+---+---+---+---+---+

End this turn (y,n)?

    0   1   2   3   4   5   6   7 
  +---+---+---+---+---+---+---+---+
 0|   |   |   |   |   |   |   | F2|
  +---+---+---+---+---+---+---+---+
 1|   |   |   |   |   |   |   |   |
  +---+---+---+---+---+---+---+---+
 2|   |   |   |   |   |   |   |   |
  +---+---+---+---+---+---+---+---+
 3|   |   |   | /\|   |   |   |   |
  +---+---+---+---+---+---+---+---+
 4|   |   |   |   | b2|   |   |   |
  +---+---+---+---+---+---+---+---+
 5|   |   |   |   |   | b2|   |   |
  +---+---+---+---+---+---+---+---+
 6|   |   |   |   |   |   | ~~|   |
  +---+---+---+---+---+---+---+---+
 7|   |   |   |   |   |   |   |   |
  +---+---+---+---+---+---+---+---+


    0   1   2   3   4   5   6   7 
  +---+---+---+---+---+---+---+---+
 0|   |   |   |   |   |   |   |+F2|
  +---+---+---+---+---+---+---+---+
 1|   |   |   |   |   |   |   |   |
  +---+---+---+---+---+---+---+---+
 2|   |   |   |   |   |   |   |   |
  +---+---+---+---+---+---+---+---+
 3|   |   |   | /\|   |   |   |   |
  +---+---+---+---+---+---+---+---+
 4|   |   |   |   | b2|   |   |   |
  +---+---+---+---+---+---+---+---+
 5|   |   |   |   |   | b2|   |   |
  +---+---+---+---+---+---+---+---+
 6|   |   |   |   |   |   | ~~|   |
  +---+---+---+---+---+---+---+---+
 7|   |   |   |   |   |   |   |   |
  +---+---+---+---+---+---+---+---+

End this turn (y,n)?
Please select a unit:
1.Move 2.Attack 3.Skip 
Select your action:

    0   1   2   3   4   5   6   7 
  +---+---+---+---+---+---+---+---+
 0|   |   |.  |.  |.  |.  |.  |.F2|
  +---+---+---+---+---+---+---+---+
 1|   |   |   |.  |.  |.  |.  |.  |
  +---+---+---+---+---+---+---+---+
 2|   |   |   |   |.  |.  |.  |.  |
  +---+---+---+---+---+---+---+---+
 3|   |   |   | /\|   |.  |.  |.  |
  +---+---+---+---+---+---+---+---+
 4|   |   |   |   | b2|   |.  |.  |
  +---+---+---+---+---+---+---+---+
 5|   |   |   |   |   | b2|   |.  |
  +---+---+---+---+---+---+---+---+
 6|   |   |   |   |   |   | ~~|   |
  +---+---+---+---+---+---+---+---+
 7|   |   |   |   |   |   |   |   |
  +---+---+---+---+---+---+---+---+

Please enter your destination:

    0   1   2   3   4   5   6   7 
  +---+---+---+---+---+---+---+---+
 0|   |   |   |   |   |   |   |   |
  +---+---+---+---+---+---+---+---+
 1|   |   |   |   |   |   |   |   |
  +---+---+---+---+---+---+---+---+
 2|   |   |   |   |+F2|   |   |   |
  +---+---+---+---+---+---+---+---+
 3|   |   |   | /\|   |   |   |   |
  +---+---+---+---+---+---+---+---+
 4|   |   |   |   | b2|   |   |   |
  +---+---+---+---+---+---+---+---+
 5|   |   |   |   |   | b2|   |   |
  +---+---+---+---+---+---+---+---+
 6|   |   |   |   |   |   | ~~|   |
  +---+---+---+---+---+---+---+---+
 7|   |   |   |   |   |   |   |   |
  +---+---+---+---+---+---+---+---+

End this turn (y,n)?
Please select a unit:
1.Attack 2.Skip 
Select your action:

    0   1   2   3   4   5   6   7 
  +---+---+---+---+---+---+---+---+
 0|   |   |   |   |*  |   |   |   |
  +---+---+---+---+---+---+---+---+
 1|   |   |   |   |   |   |   |   |
  +---+---+---+---+---+---+---+---+
 2|   |   |*  |   | F2|   |*  |   |
  +---+---+---+---+---+---+---+---+
 3|   |   |   | /\|   |   |   |   |
  +---+---+---+---+---+---+---+---+
 4|   |   |   |   |*b2|   |   |   |
  +---+---+---+---+---+---+---+---+
 5|   |   |   |   |   | b2|   |   |
  +---+---+---+---+---+---+---+---+
 6|   |   |   |   |   |   | ~~|   |
  +---+---+---+---+---+---+---+---+
 7|   |   |   |   |   |   |   |   |
  +---+---+---+---+---+---+---+---+

Please enter your target:
No more actable units.

    0   1   2   3   4   5   6   7 
  +---+---+---+---+---+---+---+---+
 0|   |   |   |   |   |   |   |   |
  +---+---+---+---+---+---+---+---+
 1|   |   |   |   |   |   |   |   |
  +---+---+---+---+---+---+---+---+
 2|   |   |   |   |   | b2|   |   |
  +---+---+---+---+---+---+---+---+
 3|   |   |   | /\|   |   |   |   |
  +---+---+---+---+---+---+---+---+
 4|   |   |   |   |   |   |   |   |
  +---+---+---+---+---+---+---+---+
 5|   |   |   |   |   |   |   |   |
  +---+---+---+---+---+---+---+---+
 6|   |   |   |   |   |   | ~~|   |
  +---+---+---+---+---+---+---+---+
 7|   |   |   |   |   |   |   |   |
  +---+---+---+---+---+---+---+---+

Failed
