
    0   1   2   3   4   5   6   7 
  +---+---+---+---+---+---+---+---+
 0|   |   |   |   |   |   |   |   |
  +---+---+---+---+---+---+---+---+
 1|   |   |   |   |   |   |   |   |
  +---+---+---+---+---+---+---+---+
 2| S2|   |   |   |   |   |   |   |
  +---+---+---+---+---+---+---+---+
 3|   |   |   | /\|   |   |   |   |
  +---+---+---+---+---+---+---+---+
 4|   |   |   |   |   |   |   |   |
  +---+---+---+---+---+---+---+---+
 5| T3|   |   |   |   |   |   | F2|
  +---+---+---+---+---+---+---+---+
 6| T3|   |   |   |   |   | ~~|   |
  +---+---+---+---+---+---+---+---+
 7|   |   |   |   | h1|   |   |   |
  +---+---+---+---+---+---+---+---+


    0   1   2   3   4   5   6   7 
  +---+---+---+---+---+---+---+---+
 0|   |   |   |   |   |   |   |   |
  +---+---+---+---+---+---+---+---+
 1|   |   |   |   |   |   |   |   |
  +---+---+---+---+---+---+---+---+
 2|+S2|   |   |   |   |   |   |   |
  +---+---+---+---+---+---+---+---+
 3|   |   |   | /\|   |   |   |   |
  +---+---+---+---+---+---+---+---+
 4|   |   |   |   |   |   |   |   |
  +---+---+---+---+---+---+---+---+
 5|+T3|   |   |   |   |   |   |+F2|
  +---+---+---+---+---+---+---+---+
 6|+T3|   |   |   |   |   | ~~|   |
  +---+---+---+---+---+---+---+---+
 7|   |   |   |   | h1|   |   |   |
  +---+---+---+---+---+---+---+---+

End this turn (y,n)?

    0   1   2   3   4   5   6   7 
  +---+---+---+---+---+---+---+---+
 0|   |   |   |   |   |   |   |   |
  +---+---+---+---+---+---+---+---+
 1|   |   |   |   |   |   |   |   |
  +---+---+---+---+---+---+---+---+
 2| S2|   |   |   |   |   |   |   |
  +---+---+---+---+---+---+---+---+
 3|   |   |   | /\|   |   |   |   |
  +---+---+---+---+---+---+---+---+
 4|   |   |   |   |   |   |   |   |
  +---+---+---+---+---+---+---+---+
 5| T3|   |   |   |   | h1|   | F2|
  +---+---+---+---+---+---+---+---+
 6| T3|   |   |   |   |   | ~~|   |
  +---+---+---+---+---+---+---+---+
 7|   |   |   |   |   |   |   |   |
  +---+---+---+---+---+---+---+---+


    0   1   2   3   4   5   6   7 
  +---+---+---+---+---+---+---+---+
 0|   |   |   |   |   |   |   |   |
  +---+---+---+---+---+---+---+---+
 1|   |   |   |   |   |   |   |   |
  +---+---+---+---+---+---+---+---+
 2|+S2|   |   |   |   |   |   |   |
  +---+---+---+---+---+---+---+---+
 3|   |   |   | /\|   |   |   |   |
  +---+---+---+---+---+---+---+---+
 4|   |   |   |   |   |   |   |   |
  +---+---+---+---+---+---+---+---+
 5|+T3|   |   |   |   | h1|   |+F2|
  +---+---+---+---+---+---+---+---+
 6|+T3|   |   |   |   |   | ~~|   |
  +---+---+---+---+---+---+---+---+
 7|   |   |   |   |   |   |   |   |
  +---+---+---+---+---+---+---+---+

End this turn (y,n)?

    0   1   2   3   4   5   6   7 
  +---+---+---+---+---+---+---+---+
 0|   |   |   |   |   |   |   |   |
  +---+---+---+---+---+---+---+---+
 1|   |   |   |   |   |   |   |   |
  +---+---+---+---+---+---+---+---+
 2| S2|   |   |   |   |   |   |   |
  +---+---+---+---+---+---+---+---+
 3|   |   |   | /\|   |   |   |   |
  +---+---+---+---+---+---+---+---+
 4|   |   |   |   |   |   |   | h1|
  +---+---+---+---+---+---+---+---+
 5| T3|   |   |   |   |   |   |   |
  +---+---+---+---+---+---+---+---+
 6| T3|   |   |   |   |   | ~~|   |
  +---+---+---+---+---+---+---+---+
 7|   |   |   |   |   |   |   |   |
  +---+---+---+---+---+---+---+---+


    0   1   2   3   4   5   6   7 
  +---+---+---+---+---+---+---+---+
 0|   |   |   |   |   |   |   |   |
  +---+---+---+---+---+---+---+---+
 1|   |   |   |   |   |   |   |   |
  +---+---+---+---+---+---+---+---+
 2|+S2|   |   |   |   |   |   |   |
  +---+---+---+---+---+---+---+---+
 3|   |   |   | /\|   |   |   |   |
  +---+---+---+---+---+---+---+---+
 4|   |   |   |   |   |   |   | h1|
  +---+---+---+---+---+---+---+---+
 5|+T3|   |   |   |   |   |   |   |
  +---+---+---+---+---+---+---+---+
 6|+T3|   |   |   |   |   | ~~|   |
  +---+---+---+---+---+---+---+---+
 7|   |   |   |   |   |   |   |   |
  +---+---+---+---+---+---+---+---+

End this turn (y,n)?
Please select a unit:
1.Move 2.Attack 3.Skip 
Select your action:

    0   1   2   3   4   5   6   7 
  +---+---+---+---+---+---+---+---+
 0|   |   |   |   |   |   |   |   |
  +---+---+---+---+---+---+---+---+
 1|   |   |   |   |   |   |   |   |
  +---+---+---+---+---+---+---+---+
 2|*S2|   |   |   |   |   |   |   |
  +---+---+---+---+---+---+---+---+
 3|*  |   |   | /\|   |   |   |   |
  +---+---+---+---+---+---+---+---+
 4|*  |   |   |   |   |   |   | h1|
  +---+---+---+---+---+---+---+---+
 5| T3|*  |*  |*  |*  |*  |*  |*  |
  +---+---+---+---+---+---+---+---+
 6|*T3|   |   |   |   |   | ~~|   |
  +---+---+---+---+---+---+---+---+
 7|   |   |   |   |   |   |   |   |
  +---+---+---+---+---+---+---+---+

Please enter your target:

    0   1   2   3   4   5   6   7 
  +---+---+---+---+---+---+---+---+
 0|   |   |   |   |   |   |   |   |
  +---+---+---+---+---+---+---+---+
 1|   |   |   |   |   |   |   |   |
  +---+---+---+---+---+---+---+---+
 2|+S2|   |   |   |   |   |   |   |
  +---+---+---+---+---+---+---+---+
 3|   |   |   | /\|   |   |   |   |
  +---+---+---+---+---+---+---+---+
 4|   |   |   |   |   |   |   | h1|
  +---+---+---+---+---+---+---+---+
 5|+T3|   |   |   |   |   |   |   |
  +---+---+---+---+---+---+---+---+
 6|+T3|   |   |   |   |   | ~~|   |
  +---+---+---+---+---+---+---+---+
 7|   |   |   |   |   |   |   |   |
  +---+---+---+---+---+---+---+---+

End this turn (y,n)?

    0   1   2   3   4   5   6   7 
  +---+---+---+---+---+---+---+---+
 0|   |   |   |   |   |   |   |   |
  +---+---+---+---+---+---+---+---+
 1|   |   |   |   |   |   |   |   |
  +---+---+---+---+---+---+---+---+
 2| S2|   |   |   |   |   |   |   |
  +---+---+---+---+---+---+---+---+
 3|   |   |   | /\|   |   |   |   |
  +---+---+---+---+---+---+---+---+
 4|   |   |   |   | h1|   |   |   |
  +---+---+---+---+---+---+---+---+
 5| T3|   |   |   |   |   |   |   |
  +---+---+---+---+---+---+---+---+
 6| T3|   |   |   |   |   | ~~|   |
  +---+---+---+---+---+---+---+---+
 7|   |   |   |   |   |   |   |   |
  +---+---+---+---+---+---+---+---+


    0   1   2   3   4   5   6   7 
  +---+---+---+---+---+---+---+---+
 0|   |   |   |   |   |   |   |   |
  +---+---+---+---+---+---+---+---+
 1|   |   |   |   |   |   |   |   |
  +---+---+---+---+---+---+---+---+
 2|+S2|   |   |   |   |   |   |   |
  +---+---+---+---+---+---+---+---+
 3|   |   |   | /\|   |   |   |   |
  +---+---+---+---+---+---+---+---+
 4|   |   |   |   | h1|   |   |   |
  +---+---+---+---+---+---+---+---+
 5|+T3|   |   |   |   |   |   |   |
  +---+---+---+---+---+---+---+---+
 6|+T3|   |   |   |   |   | ~~|   |
  +---+---+---+---+---+---+---+---+
 7|   |   |   |   |   |   |   |   |
  +---+---+---+---+---+---+---+---+

End this turn (y,n)?
Please select a unit:
1.Move 2.Attack 3.Skip 
Select your action:

    0   1   2   3   4   5   6   7 
  +---+---+---+---+---+---+---+---+
 0|   |   |   |   |   |   |   |   |
  +---+---+---+---+---+---+---+---+
 1|   |   |   |   |   |   |   |   |
  +---+---+---+---+---+---+---+---+
 2|*S2|   |   |   |   |   |   |   |
  +---+---+---+---+---+---+---+---+
 3|*  |   |   | /\|   |   |   |   |
  +---+---+---+---+---+---+---+---+
 4|*  |   |   |   | h1|   |   |   |
  +---+---+---+---+---+---+---+---+
 5| T3|*  |*  |*  |*  |*  |*  |*  |
  +---+---+---+---+---+---+---+---+
 6|*T3|   |   |   |   |   | ~~|   |
  +---+---+---+---+---+---+---+---+
 7|   |   |   |   |   |   |   |   |
  +---+---+---+---+---+---+---+---+

Please enter your target:

    0   1   2   3   4   5   6   7 
  +---+---+---+---+---+---+---+---+
 0|   |   |   |   |   |   |   |   |
  +---+---+---+---+---+---+---+---+
 1|   |   |   |   |   |   |   |   |
  +---+---+---+---+---+---+---+---+
 2|+S2|   |   |   |   |   |   |   |
  +---+---+---+---+---+---+---+---+
 3|   |   |   | /\|   |   |   |   |
  +---+---+---+---+---+---+---+---+
 4|   |   |   |   | h1|   |   |   |
  +---+---+---+---+---+---+---+---+
 5|+T3|   |   |   |   |   |   |   |
  +---+---+---+---+---+---+---+---+
 6|+T3|   |   |   |   |   | ~~|   |
  +---+---+---+---+---+---+---+---+
 7|   |   |   |   |   |   |   |   |
  +---+---+---+---+---+---+---+---+

End this turn (y,n)?

    0   1   2   3   4   5   6   7 
  +---+---+---+---+---+---+---+---+
 0|   |   |   |   |   |   |   |   |
  +---+---+---+---+---+---+---+---+
 1|   |   |   |   |   |   |   |   |
  +---+---+---+---+---+---+---+---+
 2| S2|   |   |   |   |   |   |   |
  +---+---+---+---+---+---+---+---+
 3|   |   |   | /\|   |   |   |   |
  +---+---+---+---+---+---+---+---+
 4|   | h1|   |   |   |   |   |   |
  +---+---+---+---+---+---+---+---+
 5| T3|   |   |   |   |   |   |   |
  +---+---+---+---+---+---+---+---+
 6| T3|   |   |   |   |   | ~~|   |
  +---+---+---+---+---+---+---+---+
 7|   |   |   |   |   |   |   |   |
  +---+---+---+---+---+---+---+---+


    0   1   2   3   4   5   6   7 
  +---+---+---+---+---+---+---+---+
 0|   |   |   |   |   |   |   |   |
  +---+---+---+---+---+---+---+---+
 1|   |   |   |   |   |   |   |   |
  +---+---+---+---+---+---+---+---+
 2|+S2|   |   |   |   |   |   |   |
  +---+---+---+---+---+---+---+---+
 3|   |   |   | /\|   |   |   |   |
  +---+---+---+---+---+---+---+---+
 4|   | h1|   |   |   |   |   |   |
  +---+---+---+---+---+---+---+---+
 5|+T3|   |   |   |   |   |   |   |
  +---+---+---+---+---+---+---+---+
 6|+T3|   |   |   |   |   | ~~|   |
  +---+---+---+---+---+---+---+---+
 7|   |   |   |   |   |   |   |   |
  +---+---+---+---+---+---+---+---+

End this turn (y,n)?

    0   1   2   3   4   5   6   7 
  +---+---+---+---+---+---+---+---+
 0|   |   |   |   |   |   |   |   |
  +---+---+---+---+---+---+---+---+
 1|   |   |   |   |   |   |   |   |
  +---+---+---+---+---+---+---+---+
 2|   | h1|   |   |   |   |   |   |
  +---+---+---+---+---+---+---+---+
 3|   |   |   | /\|   |   |   |   |
  +---+---+---+---+---+---+---+---+
 4|   |   |   |   |   |   |   |   |
  +---+---+---+---+---+---+---+---+
 5| T3|   |   |   |   |   |   |   |
  +---+---+---+---+---+---+---+---+
 6| T3|   |   |   |   |   | ~~|   |
  +---+---+---+---+---+---+---+---+
 7|   |   |   |   |   |   |   |   |
  +---+---+---+---+---+---+---+---+


    0   1   2   3   4   5   6   7 
  +---+---+---+---+---+---+---+---+
 0|   |   |   |   |   |   |   |   |
  +---+---+---+---+---+---+---+---+
 1|   |   |   |   |   |   |   |   |
  +---+---+---+---+---+---+---+---+
 2|   | h1|   |   |   |   |   |   |
  +---+---+---+---+---+---+---+---+
 3|   |   |   | /\|   |   |   |   |
  +---+---+---+---+---+---+---+---+
 4|   |   |   |   |   |   |   |   |
  +---+---+---+---+---+---+---+---+
 5|+T3|   |   |   |   |   |   |   |
  +---+---+---+---+---+---+---+---+
 6|+T3|   |   |   |   |   | ~~|   |
  +---+---+---+---+---+---+---+---+
 7|   |   |   |   |   |   |   |   |
  +---+---+---+---+---+---+---+---+

End this turn (y,n)?
Please select a unit:
1.Move 2.Attack 3.Skip 
Select your action:

    0   1   2   3   4   5   6   7 
  +---+---+---+---+---+---+---+---+
 0|*  |   |   |   |   |   |   |   |
  +---+---+---+---+---+---+---+---+
 1|*  |   |   |   |   |   |   |   |
  +---+---+---+---+---+---+---+---+
 2|*  | h1|   |   |   |   |   |   |
  +---+---+---+---+---+---+---+---+
 3|*  |   |   | /\|   |   |   |   |
  +---+---+---+---+---+---+---+---+
 4|*  |   |   |   |   |   |   |   |
  +---+---+---+---+---+---+---+---+
 5| T3|*  |*  |*  |*  |*  |*  |*  |
  +---+---+---+---+---+---+---+---+
 6|*T3|   |   |   |   |   | ~~|   |
  +---+---+---+---+---+---+---+---+
 7|   |   |   |   |   |   |   |   |
  +---+---+---+---+---+---+---+---+

Please enter your target:

    0   1   2   3   4   5   6   7 
  +---+---+---+---+---+---+---+---+
 0|   |   |   |   |   |   |   |   |
  +---+---+---+---+---+---+---+---+
 1|   |   |   |   |   |   |   |   |
  +---+---+---+---+---+---+---+---+
 2|   | h1|   |   |   |   |   |   |
  +---+---+---+---+---+---+---+---+
 3|   |   |   | /\|   |   |   |   |
  +---+---+---+---+---+---+---+---+
 4|   |   |   |   |   |   |   |   |
  +---+---+---+---+---+---+---+---+
 5|+T3|   |   |   |   |   |   |   |
  +---+---+---+---+---+---+---+---+
 6|+T3|   |   |   |   |   | ~~|   |
  +---+---+---+---+---+---+---+---+
 7|   |   |   |   |   |   |   |   |
  +---+---+---+---+---+---+---+---+

End this turn (y,n)?

    0   1   2   3   4   5   6   7 
  +---+---+---+---+---+---+---+---+
 0|   |   |   |   |   |   |   |   |
  +---+---+---+---+---+---+---+---+
 1|   |   |   |   |   |   |   |   |
  +---+---+---+---+---+---+---+---+
 2|   |   |   |   |   |   |   |   |
  +---+---+---+---+---+---+---+---+
 3|   |   |   | /\|   |   |   |   |
  +---+---+---+---+---+---+---+---+
 4| h1|   |   |   |   |   |   |   |
  +---+---+---+---+---+---+---+---+
 5|   |   |   |   |   |   |   |   |
  +---+---+---+---+---+---+---+---+
 6| T2|   |   |   |   |   | ~~|   |
  +---+---+---+---+---+---+---+---+
 7|   |   |   |   |   |   |   |   |
  +---+---+---+---+---+---+---+---+


    0   1   2   3   4   5   6   7 
  +---+---+---+---+---+---+---+---+
 0|   |   |   |   |   |   |   |   |
  +---+---+---+---+---+---+---+---+
 1|   |   |   |   |   |   |   |   |
  +---+---+---+---+---+---+---+---+
 2|   |   |   |   |   |   |   |   |
  +---+---+---+---+---+---+---+---+
 3|   |   |   | /\|   |   |   |   |
  +---+---+---+---+---+---+---+---+
 4| h1|   |   |   |   |   |   |   |
  +---+---+---+---+---+---+---+---+
 5|   |   |   |   |   |   |   |   |
  +---+---+---+---+---+---+---+---+
 6|+T2|   |   |   |   |   | ~~|   |
  +---+---+---+---+---+---+---+---+
 7|   |   |   |   |   |   |   |   |
  +---+---+---+---+---+---+---+---+

End this turn (y,n)?

    0   1   2   3   4   5   6   7 
  +---+---+---+---+---+---+---+---+
 0|   |   |   |   |   |   |   |   |
  +---+---+---+---+---+---+---+---+
 1|   |   |   |   |   |   |   |   |
  +---+---+---+---+---+---+---+---+
 2|   |   |   |   |   |   |   |   |
  +---+---+---+---+---+---+---+---+
 3|   |   |   | /\|   |   |   |   |
  +---+---+---+---+---+---+---+---+
 4|   |   |   |   |   |   |   |   |
  +---+---+---+---+---+---+---+---+
 5| h1|   |   |   |   |   |   |   |
  +---+---+---+---+---+---+---+---+
 6|   |   |   |   |   |   | ~~|   |
  +---+---+---+---+---+---+---+---+
 7|   |   |   |   |   |   |   |   |
  +---+---+---+---+---+---+---+---+

Failed
