
    0   1   2   3   4   5   6   7 
  +---+---+---+---+---+---+---+---+
 0| b2|   |   |   |   |   |   |   |
  +---+---+---+---+---+---+---+---+
 1|   |   |   |   |   |   |   |   |
  +---+---+---+---+---+---+---+---+
 2|   |   |   |   |   |   |   |   |
  +---+---+---+---+---+---+---+---+
 3|   |   |   |   |   |   |   |   |
  +---+---+---+---+---+---+---+---+
 4|   |   |   |   |   |   |   |   |
  +---+---+---+---+---+---+---+---+
 5| /\| /\| \/|   |   |   |   |   |
  +---+---+---+---+---+---+---+---+
 6|   |   | /\|   |   |   |   |   |
  +---+---+---+---+---+---+---+---+
 7| F2|   | /\|   |   |   |   |   |
  +---+---+---+---+---+---+---+---+


    0   1   2   3   4   5   6   7 
  +---+---+---+---+---+---+---+---+
 0| b2|   |   |   |   |   |   |   |
  +---+---+---+---+---+---+---+---+
 1|   |   |   |   |   |   |   |   |
  +---+---+---+---+---+---+---+---+
 2|   |   |   |   |   |   |   |   |
  +---+---+---+---+---+---+---+---+
 3|   |   |   |   |   |   |   |   |
  +---+---+---+---+---+---+---+---+
 4|   |   |   |   |   |   |   |   |
  +---+---+---+---+---+---+---+---+
 5| /\| /\| \/|   |   |   |   |   |
  +---+---+---+---+---+---+---+---+
 6|   |   | /\|   |   |   |   |   |
  +---+---+---+---+---+---+---+---+
 7|+F2|   | /\|   |   |   |   |   |
  +---+---+---+---+---+---+---+---+

End this turn (y,n)?

    0   1   2   3   4   5   6   7 
  +---+---+---+---+---+---+---+---+
 0|   |   |   |   |   |   |   |   |
  +---+---+---+---+---+---+---+---+
 1|   |   |   |   |   |   |   |   |
  +---+---+---+---+---+---+---+---+
 2|   |   |   |   |   |   |   |   |
  +---+---+---+---+---+---+---+---+
 3| b3|   |   |   |   |   |   |   |
  +---+---+---+---+---+---+---+---+
 4|   |   |   |   |   |   |   |   |
  +---+---+---+---+---+---+---+---+
 5| /\| /\| \/|   |   |   |   |   |
  +---+---+---+---+---+---+---+---+
 6|   |   | /\|   |   |   |   |   |
  +---+---+---+---+---+---+---+---+
 7| F3|   | /\|   |   |   |   |   |
  +---+---+---+---+---+---+---+---+


    0   1   2   3   4   5   6   7 
  +---+---+---+---+---+---+---+---+
 0|   |   |   |   |   |   |   |   |
  +---+---+---+---+---+---+---+---+
 1|   |   |   |   |   |   |   |   |
  +---+---+---+---+---+---+---+---+
 2|   |   |   |   |   |   |   |   |
  +---+---+---+---+---+---+---+---+
 3| b3|   |   |   |   |   |   |   |
  +---+---+---+---+---+---+---+---+
 4|   |   |   |   |   |   |   |   |
  +---+---+---+---+---+---+---+---+
 5| /\| /\| \/|   |   |   |   |   |
  +---+---+---+---+---+---+---+---+
 6|   |   | /\|   |   |   |   |   |
  +---+---+---+---+---+---+---+---+
 7|+F3|   | /\|   |   |   |   |   |
  +---+---+---+---+---+---+---+---+

End this turn (y,n)?

    0   1   2   3   4   5   6   7 
  +---+---+---+---+---+---+---+---+
 0|   |   |   |   |   |   |   |   |
  +---+---+---+---+---+---+---+---+
 1|   |   |   |   |   |   |   |   |
  +---+---+---+---+---+---+---+---+
 2|   |   |   |   |   |   |   |   |
  +---+---+---+---+---+---+---+---+
 3|   |   |   |   |   |   |   |   |
  +---+---+---+---+---+---+---+---+
 4| b4|   |   |   |   |   |   |   |
  +---+---+---+---+---+---+---+---+
 5| /\| /\| \/|   |   |   |   |   |
  +---+---+---+---+---+---+---+---+
 6|   |   | /\|   |   |   |   |   |
  +---+---+---+---+---+---+---+---+
 7| F4|   | /\|   |   |   |   |   |
  +---+---+---+---+---+---+---+---+


    0   1   2   3   4   5   6   7 
  +---+---+---+---+---+---+---+---+
 0|   |   |   |   |   |   |   |   |
  +---+---+---+---+---+---+---+---+
 1|   |   |   |   |   |   |   |   |
  +---+---+---+---+---+---+---+---+
 2|   |   |   |   |   |   |   |   |
  +---+---+---+---+---+---+---+---+
 3|   |   |   |   |   |   |   |   |
  +---+---+---+---+---+---+---+---+
 4| b4|   |   |   |   |   |   |   |
  +---+---+---+---+---+---+---+---+
 5| /\| /\| \/|   |   |   |   |   |
  +---+---+---+---+---+---+---+---+
 6|   |   | /\|   |   |   |   |   |
  +---+---+---+---+---+---+---+---+
 7|+F4|   | /\|   |   |   |   |   |
  +---+---+---+---+---+---+---+---+

End this turn (y,n)?
Please select a unit:
1.Move 2.Attack 3.Skip 
Select your action:

    0   1   2   3   4   5   6   7 
  +---+---+---+---+---+---+---+---+
 0|   |   |   |   |   |   |   |   |
  +---+---+---+---+---+---+---+---+
 1|   |   |   |   |   |   |   |   |
  +---+---+---+---+---+---+---+---+
 2|   |   |   |   |   |   |   |   |
  +---+---+---+---+---+---+---+---+
 3|   |   |   |   |   |   |   |   |
  +---+---+---+---+---+---+---+---+
 4| b4|   |   |   |   |   |   |   |
  +---+---+---+---+---+---+---+---+
 5| /\| /\| \/|   |   |   |   |   |
  +---+---+---+---+---+---+---+---+
 6|.  |.  | /\|   |   |   |   |   |
  +---+---+---+---+---+---+---+---+
 7|.F4|.  | /\|   |   |   |   |   |
  +---+---+---+---+---+---+---+---+

Please enter your destination:

    0   1   2   3   4   5   6   7 
  +---+---+---+---+---+---+---+---+
 0|   |   |   |   |   |   |   |   |
  +---+---+---+---+---+---+---+---+
 1|   |   |   |   |   |   |   |   |
  +---+---+---+---+---+---+---+---+
 2|   |   |   |   |   |   |   |   |
  +---+---+---+---+---+---+---+---+
 3|   |   |   |   |   |   |   |   |
  +---+---+---+---+---+---+---+---+
 4| b4|   |   |   |   |   |   |   |
  +---+---+---+---+---+---+---+---+
 5| /\| /\| \/|   |   |   |   |   |
  +---+---+---+---+---+---+---+---+
 6|+F4|   | /\|   |   |   |   |   |
  +---+---+---+---+---+---+---+---+
 7|   |   | /\|   |   |   |   |   |
  +---+---+---+---+---+---+---+---+

End this turn (y,n)?
Please select a unit:
1.Attack 2.Skip 
Select your action:

    0   1   2   3   4   5   6   7 
  +---+---+---+---+---+---+---+---+
 0|   |   |   |   |   |   |   |   |
  +---+---+---+---+---+---+---+---+
 1|   |   |   |   |   |   |   |   |
  +---+---+---+---+---+---+---+---+
 2|   |   |   |   |   |   |   |   |
  +---+---+---+---+---+---+---+---+
 3|   |   |   |   |   |   |   |   |
  +---+---+---+---+---+---+---+---+
 4|*b4|   |   |   |   |   |   |   |
  +---+---+---+---+---+---+---+---+
 5| /\| /\| \/|   |   |   |   |   |
  +---+---+---+---+---+---+---+---+
 6| F4|   |*/\|   |   |   |   |   |
  +---+---+---+---+---+---+---+---+
 7|   |   | /\|   |   |   |   |   |
  +---+---+---+---+---+---+---+---+

Please enter your target:
No more actable units.

    0   1   2   3   4   5   6   7 
  +---+---+---+---+---+---+---+---+
 0|   |   |   |   |   |   |   |   |
  +---+---+---+---+---+---+---+---+
 1|   |   |   |   |   |   |   |   |
  +---+---+---+---+---+---+---+---+
 2|   |   |   |   |   |   |   |   |
  +---+---+---+---+---+---+---+---+
 3|   |   |   |   |   |   |   |   |
  +---+---+---+---+---+---+---+---+
 4| b3|   |   |   |   |   |   |   |
  +---+---+---+---+---+---+---+---+
 5| /\| /\| \/|   |   |   |   |   |
  +---+---+---+---+---+---+---+---+
 6| F5|   | /\|   |   |   |   |   |
  +---+---+---+---+---+---+---+---+
 7|   |   | /\|   |   |   |   |   |
  +---+---+---+---+---+---+---+---+


    0   1   2   3   4   5   6   7 
  +---+---+---+---+---+---+---+---+
 0|   |   |   |   |   |   |   |   |
  +---+---+---+---+---+---+---+---+
 1|   |   |   |   |   |   |   |   |
  +---+---+---+---+---+---+---+---+
 2|   |   |   |   |   |   |   |   |
  +---+---+---+---+---+---+---+---+
 3|   |   |   |   |   |   |   |   |
  +---+---+---+---+---+---+---+---+
 4| b3|   |   |   |   |   |   |   |
  +---+---+---+---+---+---+---+---+
 5| /\| /\| \/|   |   |   |   |   |
  +---+---+---+---+---+---+---+---+
 6|+F5|   | /\|   |   |   |   |   |
  +---+---+---+---+---+---+---+---+
 7|   |   | /\|   |   |   |   |   |
  +---+---+---+---+---+---+---+---+

End this turn (y,n)?

    0   1   2   3   4   5   6   7 
  +---+---+---+---+---+---+---+---+
 0|   |   |   |   |   |   |   |   |
  +---+---+---+---+---+---+---+---+
 1|   |   |   |   |   |   |   |   |
  +---+---+---+---+---+---+---+---+
 2|   |   |   |   |   |   |   |   |
  +---+---+---+---+---+---+---+---+
 3|   |   |   |   |   |   |   |   |
  +---+---+---+---+---+---+---+---+
 4| b4|   |   |   |   |   |   |   |
  +---+---+---+---+---+---+---+---+
 5| /\| /\| \/|   |   |   |   |   |
  +---+---+---+---+---+---+---+---+
 6| F6|   | /\|   |   |   |   |   |
  +---+---+---+---+---+---+---+---+
 7|   |   | /\|   |   |   |   |   |
  +---+---+---+---+---+---+---+---+


    0   1   2   3   4   5   6   7 
  +---+---+---+---+---+---+---+---+
 0|   |   |   |   |   |   |   |   |
  +---+---+---+---+---+---+---+---+
 1|   |   |   |   |   |   |   |   |
  +---+---+---+---+---+---+---+---+
 2|   |   |   |   |   |   |   |   |
  +---+---+---+---+---+---+---+---+
 3|   |   |   |   |   |   |   |   |
  +---+---+---+---+---+---+---+---+
 4| b4|   |   |   |   |   |   |   |
  +---+---+---+---+---+---+---+---+
 5| /\| /\| \/|   |   |   |   |   |
  +---+---+---+---+---+---+---+---+
 6|+F6|   | /\|   |   |   |   |   |
  +---+---+---+---+---+---+---+---+
 7|   |   | /\|   |   |   |   |   |
  +---+---+---+---+---+---+---+---+

End this turn (y,n)?
Please select a unit:
1.Move 2.Attack 3.Skip 
Select your action:

    0   1   2   3   4   5   6   7 
  +---+---+---+---+---+---+---+---+
 0|   |   |   |   |   |   |   |   |
  +---+---+---+---+---+---+---+---+
 1|   |   |   |   |   |   |   |   |
  +---+---+---+---+---+---+---+---+
 2|   |   |   |   |   |   |   |   |
  +---+---+---+---+---+---+---+---+
 3|   |   |   |   |   |   |   |   |
  +---+---+---+---+---+---+---+---+
 4|*b4|   |   |   |   |   |   |   |
  +---+---+---+---+---+---+---+---+
 5| /\| /\| \/|   |   |   |   |   |
  +---+---+---+---+---+---+---+---+
 6| F6|   |*/\|   |   |   |   |   |
  +---+---+---+---+---+---+---+---+
 7|   |   | /\|   |   |   |   |   |
  +---+---+---+---+---+---+---+---+

Please enter your target:

    0   1   2   3   4   5   6   7 
  +---+---+---+---+---+---+---+---+
 0|   |   |   |   |   |   |   |   |
  +---+---+---+---+---+---+---+---+
 1|   |   |   |   |   |   |   |   |
  +---+---+---+---+---+---+---+---+
 2|   |   |   |   |   |   |   |   |
  +---+---+---+---+---+---+---+---+
 3|   |   |   |   |   |   |   |   |
  +---+---+---+---+---+---+---+---+
 4| b2|   |   |   |   |   |   |   |
  +---+---+---+---+---+---+---+---+
 5| /\| /\| \/|   |   |   |   |   |
  +---+---+---+---+---+---+---+---+
 6|+F6|   | /\|   |   |   |   |   |
  +---+---+---+---+---+---+---+---+
 7|   |   | /\|   |   |   |   |   |
  +---+---+---+---+---+---+---+---+

End this turn (y,n)?

    0   1   2   3   4   5   6   7 
  +---+---+---+---+---+---+---+---+
 0|   |   |   |   |   |   |   |   |
  +---+---+---+---+---+---+---+---+
 1|   |   |   |   |   |   |   |   |
  +---+---+---+---+---+---+---+---+
 2|   |   |   |   |   |   |   |   |
  +---+---+---+---+---+---+---+---+
 3|   |   |   |   |   |   |   |   |
  +---+---+---+---+---+---+---+---+
 4| b3|   |   |   |   |   |   |   |
  +---+---+---+---+---+---+---+---+
 5| /\| /\| \/|   |   |   |   |   |
  +---+---+---+---+---+---+---+---+
 6| F7|   | /\|   |   |   |   |   |
  +---+---+---+---+---+---+---+---+
 7|   |   | /\|   |   |   |   |   |
  +---+---+---+---+---+---+---+---+


    0   1   2   3   4   5   6   7 
  +---+---+---+---+---+---+---+---+
 0|   |   |   |   |   |   |   |   |
  +---+---+---+---+---+---+---+---+
 1|   |   |   |   |   |   |   |   |
  +---+---+---+---+---+---+---+---+
 2|   |   |   |   |   |   |   |   |
  +---+---+---+---+---+---+---+---+
 3|   |   |   |   |   |   |   |   |
  +---+---+---+---+---+---+---+---+
 4| b3|   |   |   |   |   |   |   |
  +---+---+---+---+---+---+---+---+
 5| /\| /\| \/|   |   |   |   |   |
  +---+---+---+---+---+---+---+---+
 6|+F7|   | /\|   |   |   |   |   |
  +---+---+---+---+---+---+---+---+
 7|   |   | /\|   |   |   |   |   |
  +---+---+---+---+---+---+---+---+

End this turn (y,n)?
Please select a unit:
1.Move 2.Attack 3.Skip 
Select your action:

    0   1   2   3   4   5   6   7 
  +---+---+---+---+---+---+---+---+
 0|   |   |   |   |   |   |   |   |
  +---+---+---+---+---+---+---+---+
 1|   |   |   |   |   |   |   |   |
  +---+---+---+---+---+---+---+---+
 2|   |   |   |   |   |   |   |   |
  +---+---+---+---+---+---+---+---+
 3|   |   |   |   |   |   |   |   |
  +---+---+---+---+---+---+---+---+
 4|*b3|   |   |   |   |   |   |   |
  +---+---+---+---+---+---+---+---+
 5| /\| /\| \/|   |   |   |   |   |
  +---+---+---+---+---+---+---+---+
 6| F7|   |*/\|   |   |   |   |   |
  +---+---+---+---+---+---+---+---+
 7|   |   | /\|   |   |   |   |   |
  +---+---+---+---+---+---+---+---+

Please enter your target:

    0   1   2   3   4   5   6   7 
  +---+---+---+---+---+---+---+---+
 0|   |   |   |   |   |   |   |   |
  +---+---+---+---+---+---+---+---+
 1|   |   |   |   |   |   |   |   |
  +---+---+---+---+---+---+---+---+
 2|   |   |   |   |   |   |   |   |
  +---+---+---+---+---+---+---+---+
 3|   |   |   |   |   |   |   |   |
  +---+---+---+---+---+---+---+---+
 4| b1|   |   |   |   |   |   |   |
  +---+---+---+---+---+---+---+---+
 5| /\| /\| \/|   |   |   |   |   |
  +---+---+---+---+---+---+---+---+
 6|+F7|   | /\|   |   |   |   |   |
  +---+---+---+---+---+---+---+---+
 7|   |   | /\|   |   |   |   |   |
  +---+---+---+---+---+---+---+---+

End this turn (y,n)?

    0   1   2   3   4   5   6   7 
  +---+---+---+---+---+---+---+---+
 0|   |   |   |   |   |   |   |   |
  +---+---+---+---+---+---+---+---+
 1|   |   |   |   |   |   |   |   |
  +---+---+---+---+---+---+---+---+
 2|   |   |   |   |   |   |   |   |
  +---+---+---+---+---+---+---+---+
 3|   |   |   |   |   |   |   |   |
  +---+---+---+---+---+---+---+---+
 4| b2|   |   |   |   |   |   |   |
  +---+---+---+---+---+---+---+---+
 5| /\| /\| \/|   |   |   |   |   |
  +---+---+---+---+---+---+---+---+
 6| F8|   | /\|   |   |   |   |   |
  +---+---+---+---+---+---+---+---+
 7|   |   | /\|   |   |   |   |   |
  +---+---+---+---+---+---+---+---+


    0   1   2   3   4   5   6   7 
  +---+---+---+---+---+---+---+---+
 0|   |   |   |   |   |   |   |   |
  +---+---+---+---+---+---+---+---+
 1|   |   |   |   |   |   |   |   |
  +---+---+---+---+---+---+---+---+
 2|   |   |   |   |   |   |   |   |
  +---+---+---+---+---+---+---+---+
 3|   |   |   |   |   |   |   |   |
  +---+---+---+---+---+---+---+---+
 4| b2|   |   |   |   |   |   |   |
  +---+---+---+---+---+---+---+---+
 5| /\| /\| \/|   |   |   |   |   |
  +---+---+---+---+---+---+---+---+
 6|+F8|   | /\|   |   |   |   |   |
  +---+---+---+---+---+---+---+---+
 7|   |   | /\|   |   |   |   |   |
  +---+---+---+---+---+---+---+---+

End this turn (y,n)?
Please select a unit:
1.Move 2.Attack 3.Skip 
Select your action:

    0   1   2   3   4   5   6   7 
  +---+---+---+---+---+---+---+---+
 0|   |   |   |   |   |   |   |   |
  +---+---+---+---+---+---+---+---+
 1|   |   |   |   |   |   |   |   |
  +---+---+---+---+---+---+---+---+
 2|   |   |   |   |   |   |   |   |
  +---+---+---+---+---+---+---+---+
 3|   |   |   |   |   |   |   |   |
  +---+---+---+---+---+---+---+---+
 4|*b2|   |   |   |   |   |   |   |
  +---+---+---+---+---+---+---+---+
 5| /\| /\| \/|   |   |   |   |   |
  +---+---+---+---+---+---+---+---+
 6| F8|   |*/\|   |   |   |   |   |
  +---+---+---+---+---+---+---+---+
 7|   |   | /\|   |   |   |   |   |
  +---+---+---+---+---+---+---+---+

Please enter your target:

    0   1   2   3   4   5   6   7 
  +---+---+---+---+---+---+---+---+
 0|   |   |   |   |   |   |   |   |
  +---+---+---+---+---+---+---+---+
 1|   |   |   |   |   |   |   |   |
  +---+---+---+---+---+---+---+---+
 2|   |   |   |   |   |   |   |   |
  +---+---+---+---+---+---+---+---+
 3|   |   |   |   |   |   |   |   |
  +---+---+---+---+---+---+---+---+
 4|   |   |   |   |   |   |   |   |
  +---+---+---+---+---+---+---+---+
 5| /\| /\| \/|   |   |   |   |   |
  +---+---+---+---+---+---+---+---+
 6|+F8|   | /\|   |   |   |   |   |
  +---+---+---+---+---+---+---+---+
 7|   |   | /\|   |   |   |   |   |
  +---+---+---+---+---+---+---+---+

End this turn (y,n)?

    0   1   2   3   4   5   6   7 
  +---+---+---+---+---+---+---+---+
 0|   |   |   |   |   |   |   |   |
  +---+---+---+---+---+---+---+---+
 1|   |   |   |   |   |   |   |   |
  +---+---+---+---+---+---+---+---+
 2|   |   |   |   |   |   |   |   |
  +---+---+---+---+---+---+---+---+
 3|   |   |   |   |   |   |   |   |
  +---+---+---+---+---+---+---+---+
 4|   |   |   |   |   |   |   |   |
  +---+---+---+---+---+---+---+---+
 5| /\| /\| \/|   |   |   |   |   |
  +---+---+---+---+---+---+---+---+
 6| F9|   | /\|   |   |   |   |   |
  +---+---+---+---+---+---+---+---+
 7|   |   | /\|   |   |   |   |   |
  +---+---+---+---+---+---+---+---+

Won
