
    0   1   2   3   4   5   6   7 
  +---+---+---+---+---+---+---+---+
 0| S2|   |   |   |   |   |   | h1|
  +---+---+---+---+---+---+---+---+
 1|   |   |   |   |   |   |   |   |
  +---+---+---+---+---+---+---+---+
 2|   |   |   |   |   |   |   |   |
  +---+---+---+---+---+---+---+---+
 3|   |   |   |   |   |   |   |   |
  +---+---+---+---+---+---+---+---+
 4|   |   |   |   |   |   |   |   |
  +---+---+---+---+---+---+---+---+
 5| S2| ~~| ~~|   |   |   |   |   |
  +---+---+---+---+---+---+---+---+
 6|   |   | ~~|   |   |   |   |   |
  +---+---+---+---+---+---+---+---+
 7| \/|   | ~~|   |   |   |   |   |
  +---+---+---+---+---+---+---+---+


    0   1   2   3   4   5   6   7 
  +---+---+---+---+---+---+---+---+
 0|+S2|   |   |   |   |   |   | h1|
  +---+---+---+---+---+---+---+---+
 1|   |   |   |   |   |   |   |   |
  +---+---+---+---+---+---+---+---+
 2|   |   |   |   |   |   |   |   |
  +---+---+---+---+---+---+---+---+
 3|   |   |   |   |   |   |   |   |
  +---+---+---+---+---+---+---+---+
 4|   |   |   |   |   |   |   |   |
  +---+---+---+---+---+---+---+---+
 5|+S2| ~~| ~~|   |   |   |   |   |
  +---+---+---+---+---+---+---+---+
 6|   |   | ~~|   |   |   |   |   |
  +---+---+---+---+---+---+---+---+
 7| \/|   | ~~|   |   |   |   |   |
  +---+---+---+---+---+---+---+---+

End this turn (y,n)?

    0   1   2   3   4   5   6   7 
  +---+---+---+---+---+---+---+---+
 0| S2|   |   |   | h1|   |   |   |
  +---+---+---+---+---+---+---+---+
 1|   |   |   |   |   |   |   |   |
  +---+---+---+---+---+---+---+---+
 2|   |   |   |   |   |   |   |   |
  +---+---+---+---+---+---+---+---+
 3|   |   |   |   |   |   |   |   |
  +---+---+---+---+---+---+---+---+
 4|   |   |   |   |   |   |   |   |
  +---+---+---+---+---+---+---+---+
 5| S3| ~~| ~~|   |   |   |   |   |
  +---+---+---+---+---+---+---+---+
 6|   |   | ~~|   |   |   |   |   |
  +---+---+---+---+---+---+---+---+
 7| \/|   | ~~|   |   |   |   |   |
  +---+---+---+---+---+---+---+---+


    0   1   2   3   4   5   6   7 
  +---+---+---+---+---+---+---+---+
 0|+S2|   |   |   | h1|   |   |   |
  +---+---+---+---+---+---+---+---+
 1|   |   |   |   |   |   |   |   |
  +---+---+---+---+---+---+---+---+
 2|   |   |   |   |   |   |   |   |
  +---+---+---+---+---+---+---+---+
 3|   |   |   |   |   |   |   |   |
  +---+---+---+---+---+---+---+---+
 4|   |   |   |   |   |   |   |   |
  +---+---+---+---+---+---+---+---+
 5|+S3| ~~| ~~|   |   |   |   |   |
  +---+---+---+---+---+---+---+---+
 6|   |   | ~~|   |   |   |   |   |
  +---+---+---+---+---+---+---+---+
 7| \/|   | ~~|   |   |   |   |   |
  +---+---+---+---+---+---+---+---+

End this turn (y,n)?

    0   1   2   3   4   5   6   7 
  +---+---+---+---+---+---+---+---+
 0|   | h1|   |   |   |   |   |   |
  +---+---+---+---+---+---+---+---+
 1|   |   |   |   |   |   |   |   |
  +---+---+---+---+---+---+---+---+
 2|   |   |   |   |   |   |   |   |
  +---+---+---+---+---+---+---+---+
 3|   |   |   |   |   |   |   |   |
  +---+---+---+---+---+---+---+---+
 4|   |   |   |   |   |   |   |   |
  +---+---+---+---+---+---+---+---+
 5| S4| ~~| ~~|   |   |   |   |   |
  +---+---+---+---+---+---+---+---+
 6|   |   | ~~|   |   |   |   |   |
  +---+---+---+---+---+---+---+---+
 7| \/|   | ~~|   |   |   |   |   |
  +---+---+---+---+---+---+---+---+


    0   1   2   3   4   5   6   7 
  +---+---+---+---+---+---+---+---+
 0|   | h1|   |   |   |   |   |   |
  +---+---+---+---+---+---+---+---+
 1|   |   |   |   |   |   |   |   |
  +---+---+---+---+---+---+---+---+
 2|   |   |   |   |   |   |   |   |
  +---+---+---+---+---+---+---+---+
 3|   |   |   |   |   |   |   |   |
  +---+---+---+---+---+---+---+---+
 4|   |   |   |   |   |   |   |   |
  +---+---+---+---+---+---+---+---+
 5|+S4| ~~| ~~|   |   |   |   |   |
  +---+---+---+---+---+---+---+---+
 6|   |   | ~~|   |   |   |   |   |
  +---+---+---+---+---+---+---+---+
 7| \/|   | ~~|   |   |   |   |   |
  +---+---+---+---+---+---+---+---+

End this turn (y,n)?

    0   1   2   3   4   5   6   7 
  +---+---+---+---+---+---+---+---+
 0|   |   |   |   |   |   |   |   |
  +---+---+---+---+---+---+---+---+
 1|   |   |   |   |   |   |   |   |
  +---+---+---+---+---+---+---+---+
 2| h1|   |   |   |   |   |   |   |
  +---+---+---+---+---+---+---+---+
 3|   |   |   |   |   |   |   |   |
  +---+---+---+---+---+---+---+---+
 4|   |   |   |   |   |   |   |   |
  +---+---+---+---+---+---+---+---+
 5| S5| ~~| ~~|   |   |   |   |   |
  +---+---+---+---+---+---+---+---+
 6|   |   | ~~|   |   |   |   |   |
  +---+---+---+---+---+---+---+---+
 7| \/|   | ~~|   |   |   |   |   |
  +---+---+---+---+---+---+---+---+


    0   1   2   3   4   5   6   7 
  +---+---+---+---+---+---+---+---+
 0|   |   |   |   |   |   |   |   |
  +---+---+---+---+---+---+---+---+
 1|   |   |   |   |   |   |   |   |
  +---+---+---+---+---+---+---+---+
 2| h1|   |   |   |   |   |   |   |
  +---+---+---+---+---+---+---+---+
 3|   |   |   |   |   |   |   |   |
  +---+---+---+---+---+---+---+---+
 4|   |   |   |   |   |   |   |   |
  +---+---+---+---+---+---+---+---+
 5|+S5| ~~| ~~|   |   |   |   |   |
  +---+---+---+---+---+---+---+---+
 6|   |   | ~~|   |   |   |   |   |
  +---+---+---+---+---+---+---+---+
 7| \/|   | ~~|   |   |   |   |   |
  +---+---+---+---+---+---+---+---+

End this turn (y,n)?

    0   1   2   3   4   5   6   7 
  +---+---+---+---+---+---+---+---+
 0|   |   |   |   |   |   |   |   |
  +---+---+---+---+---+---+---+---+
 1|   |   |   |   |   |   |   |   |
  +---+---+---+---+---+---+---+---+
 2|   |   |   |   |   |   |   |   |
  +---+---+---+---+---+---+---+---+
 3|   |   |   |   |   |   |   |   |
  +---+---+---+---+---+---+---+---+
 4| h1|   |   |   |   |   |   |   |
  +---+---+---+---+---+---+---+---+
 5|   | ~~| ~~|   |   |   |   |   |
  +---+---+---+---+---+---+---+---+
 6| S4|   | ~~|   |   |   |   |   |
  +---+---+---+---+---+---+---+---+
 7| \/|   | ~~|   |   |   |   |   |
  +---+---+---+---+---+---+---+---+


    0   1   2   3   4   5   6   7 
  +---+---+---+---+---+---+---+---+
 0|   |   |   |   |   |   |   |   |
  +---+---+---+---+---+---+---+---+
 1|   |   |   |   |   |   |   |   |
  +---+---+---+---+---+---+---+---+
 2|   |   |   |   |   |   |   |   |
  +---+---+---+---+---+---+---+---+
 3|   |   |   |   |   |   |   |   |
  +---+---+---+---+---+---+---+---+
 4| h1|   |   |   |   |   |   |   |
  +---+---+---+---+---+---+---+---+
 5|   | ~~| ~~|   |   |   |   |   |
  +---+---+---+---+---+---+---+---+
 6|+S4|   | ~~|   |   |   |   |   |
  +---+---+---+---+---+---+---+---+
 7| \/|   | ~~|   |   |   |   |   |
  +---+---+---+---+---+---+---+---+

End this turn (y,n)?
Please select a unit:
1.Move 2.Attack 3.Skip 
Select your action:

    0   1   2   3   4   5   6   7 
  +---+---+---+---+---+---+---+---+
 0|   |   |   |   |   |   |   |   |
  +---+---+---+---+---+---+---+---+
 1|   |   |   |   |   |   |   |   |
  +---+---+---+---+---+---+---+---+
 2|   |   |   |   |   |   |   |   |
  +---+---+---+---+---+---+---+---+
 3|   |   |   |   |   |   |   |   |
  +---+---+---+---+---+---+---+---+
 4| h1|   |   |   |   |   |   |   |
  +---+---+---+---+---+---+---+---+
 5|.  | ~~| ~~|   |   |   |   |   |
  +---+---+---+---+---+---+---+---+
 6|.S4|.  | ~~|   |   |   |   |   |
  +---+---+---+---+---+---+---+---+
 7|.\/|.  | ~~|   |   |   |   |   |
  +---+---+---+---+---+---+---+---+

Please enter your destination:

    0   1   2   3   4   5   6   7 
  +---+---+---+---+---+---+---+---+
 0|   |   |   |   |   |   |   |   |
  +---+---+---+---+---+---+---+---+
 1|   |   |   |   |   |   |   |   |
  +---+---+---+---+---+---+---+---+
 2|   |   |   |   |   |   |   |   |
  +---+---+---+---+---+---+---+---+
 3|   |   |   |   |   |   |   |   |
  +---+---+---+---+---+---+---+---+
 4| h1|   |   |   |   |   |   |   |
  +---+---+---+---+---+---+---+---+
 5|+S4| ~~| ~~|   |   |   |   |   |
  +---+---+---+---+---+---+---+---+
 6|   |   | ~~|   |   |   |   |   |
  +---+---+---+---+---+---+---+---+
 7| \/|   | ~~|   |   |   |   |   |
  +---+---+---+---+---+---+---+---+

End this turn (y,n)?
Please select a unit:
1.Attack 2.Skip 
Select your action:

    0   1   2   3   4   5   6   7 
  +---+---+---+---+---+---+---+---+
 0|   |   |   |   |   |   |   |   |
  +---+---+---+---+---+---+---+---+
 1|   |   |   |   |   |   |   |   |
  +---+---+---+---+---+---+---+---+
 2|   |   |   |   |   |   |   |   |
  +---+---+---+---+---+---+---+---+
 3|   |   |   |   |   |   |   |   |
  +---+---+---+---+---+---+---+---+
 4|*h1|   |   |   |   |   |   |   |
  +---+---+---+---+---+---+---+---+
 5| S4|*~~| ~~|   |   |   |   |   |
  +---+---+---+---+---+---+---+---+
 6|*  |   | ~~|   |   |   |   |   |
  +---+---+---+---+---+---+---+---+
 7| \/|   | ~~|   |   |   |   |   |
  +---+---+---+---+---+---+---+---+

Please enter your target:
No more actable units.

    0   1   2   3   4   5   6   7 
  +---+---+---+---+---+---+---+---+
 0|   |   |   |   |   |   |   |   |
  +---+---+---+---+---+---+---+---+
 1|   |   |   |   |   |   |   |   |
  +---+---+---+---+---+---+---+---+
 2|   |   |   |   |   |   |   |   |
  +---+---+---+---+---+---+---+---+
 3|   |   |   |   |   |   |   |   |
  +---+---+---+---+---+---+---+---+
 4|   |   |   |   |   |   |   |   |
  +---+---+---+---+---+---+---+---+
 5| S5| ~~| ~~|   |   |   |   |   |
  +---+---+---+---+---+---+---+---+
 6|   |   | ~~|   |   |   |   |   |
  +---+---+---+---+---+---+---+---+
 7| \/|   | ~~|   |   |   |   |   |
  +---+---+---+---+---+---+---+---+

Won
