
    0   1   2   3   4   5   6   7 
  +---+---+---+---+---+---+---+---+
 0|   |   |   |   |   |   |   |   |
  +---+---+---+---+---+---+---+---+
 1|   |   |   |   |   |   |   |   |
  +---+---+---+---+---+---+---+---+
 2|   |   |   |   | \/|   |   |   |
  +---+---+---+---+---+---+---+---+
 3|   |   |   |   | b2|   |   |   |
  +---+---+---+---+---+---+---+---+
 4|   |   | ~~| T3| b2| S2| /\|   |
  +---+---+---+---+---+---+---+---+
 5|   |   |   |   | h1|   |   |   |
  +---+---+---+---+---+---+---+---+
 6|   |   |   |   | F2|   |   |   |
  +---+---+---+---+---+---+---+---+
 7|   |   |   |   |   |   |   |   |
  +---+---+---+---+---+---+---+---+


    0   1   2   3   4   5   6   7 
  +---+---+---+---+---+---+---+---+
 0|   |   |   |   |   |   |   |   |
  +---+---+---+---+---+---+---+---+
 1|   |   |   |   |   |   |   |   |
  +---+---+---+---+---+---+---+---+
 2|   |   |   |   | \/|   |   |   |
  +---+---+---+---+---+---+---+---+
 3|   |   |   |   | b2|   |   |   |
  +---+---+---+---+---+---+---+---+
 4|   |   | ~~|+T3| b2|+S2| /\|   |
  +---+---+---+---+---+---+---+---+
 5|   |   |   |   | h1|   |   |   |
  +---+---+---+---+---+---+---+---+
 6|   |   |   |   |+F2|   |   |   |
  +---+---+---+---+---+---+---+---+
 7|   |   |   |   |   |   |   |   |
  +---+---+---+---+---+---+---+---+

End this turn (y,n)?
Please select a unit:
1.Move 2.Attack 3.Skip 
Select your action:

    0   1   2   3   4   5   6   7 
  +---+---+---+---+---+---+---+---+
 0|   |   |   |   |   |   |   |   |
  +---+---+---+---+---+---+---+---+
 1|   |   |   |   |   |   |   |   |
  +---+---+---+---+---+---+---+---+
 2|   |   |   |   | \/|   |   |   |
  +---+---+---+---+---+---+---+---+
 3|   |   |   |   | b2|   |   |   |
  +---+---+---+---+---+---+---+---+
 4|   |   | ~~| T3|*b2| S2| /\|   |
  +---+---+---+---+---+---+---+---+
 5|   |   |   |   | h1|   |   |   |
  +---+---+---+---+---+---+---+---+
 6|   |   |*  |   | F2|   |*  |   |
  +---+---+---+---+---+---+---+---+
 7|   |   |   |   |   |   |   |   |
  +---+---+---+---+---+---+---+---+

Please enter your target:

    0   1   2   3   4   5   6   7 
  +---+---+---+---+---+---+---+---+
 0|   |   |   |   |   |   |   |   |
  +---+---+---+---+---+---+---+---+
 1|   |   |   |   |   |   |   |   |
  +---+---+---+---+---+---+---+---+
 2|   |   |   |   | \/|   |   |   |
  +---+---+---+---+---+---+---+---+
 3|   |   |   |   | b2|   |   |   |
  +---+---+---+---+---+---+---+---+
 4|   |   | ~~|   |   |+S1|   |   |
  +---+---+---+---+---+---+---+---+
 5|   |   |   |   |   |   |   |   |
  +---+---+---+---+---+---+---+---+
 6|   |   |   |   |+F1|   |   |   |
  +---+---+---+---+---+---+---+---+
 7|   |   |   |   |   |   |   |   |
  +---+---+---+---+---+---+---+---+

End this turn (y,n)?
Please select a unit:
1.Move 2.Attack 3.Skip 
Select your action:

    0   1   2   3   4   5   6   7 
  +---+---+---+---+---+---+---+---+
 0|   |   |   |   |   |   |   |   |
  +---+---+---+---+---+---+---+---+
 1|   |   |   |   |   |.  |   |   |
  +---+---+---+---+---+---+---+---+
 2|   |   |   |   |.\/|.  |.  |   |
  +---+---+---+---+---+---+---+---+
 3|   |   |   |.  | b2|.  |.  |.  |
  +---+---+---+---+---+---+---+---+
 4|   |   | ~~|.  |.  |.S1|.  |.  |
  +---+---+---+---+---+---+---+---+
 5|   |   |   |.  |.  |.  |.  |.  |
  +---+---+---+---+---+---+---+---+
 6|   |   |   |   | F1|.  |.  |   |
  +---+---+---+---+---+---+---+---+
 7|   |   |   |   |   |.  |   |   |
  +---+---+---+---+---+---+---+---+

Please enter your destination:

    0   1   2   3   4   5   6   7 
  +---+---+---+---+---+---+---+---+
 0|   |   |   |   |   |   |   |   |
  +---+---+---+---+---+---+---+---+
 1|   |   |   |   |   |   |   |   |
  +---+---+---+---+---+---+---+---+
 2|   |   |   |   | \/|   |   |   |
  +---+---+---+---+---+---+---+---+
 3|   |   |   |   | b2|   |   |   |
  +---+---+---+---+---+---+---+---+
 4|   |   | ~~|   |+S1|   |   |   |
  +---+---+---+---+---+---+---+---+
 5|   |   |   |   |   |   |   |   |
  +---+---+---+---+---+---+---+---+
 6|   |   |   |   |+F1|   |   |   |
  +---+---+---+---+---+---+---+---+
 7|   |   |   |   |   |   |   |   |
  +---+---+---+---+---+---+---+---+

End this turn (y,n)?
Please select a unit:
1.Attack 2.Skip 
Select your action:

    0   1   2   3   4   5   6   7 
  +---+---+---+---+---+---+---+---+
 0|   |   |   |   |   |   |   |   |
  +---+---+---+---+---+---+---+---+
 1|   |   |   |   |   |   |   |   |
  +---+---+---+---+---+---+---+---+
 2|   |   |   |   | \/|   |   |   |
  +---+---+---+---+---+---+---+---+
 3|   |   |   |   |*b2|   |   |   |
  +---+---+---+---+---+---+---+---+
 4|   |   | ~~|*  | S1|*  |   |   |
  +---+---+---+---+---+---+---+---+
 5|   |   |   |   |*  |   |   |   |
  +---+---+---+---+---+---+---+---+
 6|   |   |   |   | F1|   |   |   |
  +---+---+---+---+---+---+---+---+
 7|   |   |   |   |   |   |   |   |
  +---+---+---+---+---+---+---+---+

Please enter your target:

    0   1   2   3   4   5   6   7 
  +---+---+---+---+---+---+---+---+
 0|   |   |   |   |   |   |   |   |
  +---+---+---+---+---+---+---+---+
 1|   |   |   |   |   |   |   |   |
  +---+---+---+---+---+---+---+---+
 2|   |   |   |   | \/|   |   |   |
  +---+---+---+---+---+---+---+---+
 3|   |   |   |   | b1|   |   |   |
  +---+---+---+---+---+---+---+---+
 4|   |   | ~~|   | S1|   |   |   |
  +---+---+---+---+---+---+---+---+
 5|   |   |   |   |   |   |   |   |
  +---+---+---+---+---+---+---+---+
 6|   |   |   |   |+F1|   |   |   |
  +---+---+---+---+---+---+---+---+
 7|   |   |   |   |   |   |   |   |
  +---+---+---+---+---+---+---+---+

End this turn (y,n)?

    0   1   2   3   4   5   6   7 
  +---+---+---+---+---+---+---+---+
 0|   |   |   |   |   |   |   |   |
  +---+---+---+---+---+---+---+---+
 1|   |   |   |   |   |   |   |   |
  +---+---+---+---+---+---+---+---+
 2|   |   |   |   | \/|   |   |   |
  +---+---+---+---+---+---+---+---+
 3|   |   |   |   | b2|   |   |   |
  +---+---+---+---+---+---+---+---+
 4|   |   | ~~|   |   |   |   |   |
  +---+---+---+---+---+---+---+---+
 5|   |   |   |   |   |   |   |   |
  +---+---+---+---+---+---+---+---+
 6|   |   |   |   | F1|   |   |   |
  +---+---+---+---+---+---+---+---+
 7|   |   |   |   |   |   |   |   |
  +---+---+---+---+---+---+---+---+


    0   1   2   3   4   5   6   7 
  +---+---+---+---+---+---+---+---+
 0|   |   |   |   |   |   |   |   |
  +---+---+---+---+---+---+---+---+
 1|   |   |   |   |   |   |   |   |
  +---+---+---+---+---+---+---+---+
 2|   |   |   |   | \/|   |   |   |
  +---+---+---+---+---+---+---+---+
 3|   |   |   |   | b2|   |   |   |
  +---+---+---+---+---+---+---+---+
 4|   |   | ~~|   |   |   |   |   |
  +---+---+---+---+---+---+---+---+
 5|   |   |   |   |   |   |   |   |
  +---+---+---+---+---+---+---+---+
 6|   |   |   |   |+F1|   |   |   |
  +---+---+---+---+---+---+---+---+
 7|   |   |   |   |   |   |   |   |
  +---+---+---+---+---+---+---+---+

End this turn (y,n)?
Please select a unit:
1.Move 2.Attack 3.Skip 
Select your action:

    0   1   2   3   4   5   6   7 
  +---+---+---+---+---+---+---+---+
 0|   |   |   |   |   |   |   |   |
  +---+---+---+---+---+---+---+---+
 1|   |   |   |   |   |   |   |   |
  +---+---+---+---+---+---+---+---+
 2|   |   |   |.  | \/|.  |   |   |
  +---+---+---+---+---+---+---+---+
 3|   |   |.  |.  | b2|.  |.  |   |
  +---+---+---+---+---+---+---+---+
 4|   |.  |.~~|.  |.  |.  |.  |.  |
  +---+---+---+---+---+---+---+---+
 5|.  |.  |.  |.  |.  |.  |.  |.  |
  +---+---+---+---+---+---+---+---+
 6|.  |.  |.  |.  |.F1|.  |.  |.  |
  +---+---+---+---+---+---+---+---+
 7|.  |.  |.  |.  |.  |.  |.  |.  |
  +---+---+---+---+---+---+---+---+

Please enter your destination:

    0   1   2   3   4   5   6   7 
  +---+---+---+---+---+---+---+---+
 0|   |   |   |   |   |   |   |   |
  +---+---+---+---+---+---+---+---+
 1|   |   |   |   |   |   |   |   |
  +---+---+---+---+---+---+---+---+
 2|   |   |   |   | \/|   |   |   |
  +---+---+---+---+---+---+---+---+
 3|   |   |   |   | b2|   |   |   |
  +---+---+---+---+---+---+---+---+
 4|   |   | ~~|   |   |   |   |   |
  +---+---+---+---+---+---+---+---+
 5|   |   |   |   |+F1|   |   |   |
  +---+---+---+---+---+---+---+---+
 6|   |   |   |   |   |   |   |   |
  +---+---+---+---+---+---+---+---+
 7|   |   |   |   |   |   |   |   |
  +---+---+---+---+---+---+---+---+

End this turn (y,n)?
Please select a unit:
1.Attack 2.Skip 
Select your action:

    0   1   2   3   4   5   6   7 
  +---+---+---+---+---+---+---+---+
 0|   |   |   |   |   |   |   |   |
  +---+---+---+---+---+---+---+---+
 1|   |   |   |   |   |   |   |   |
  +---+---+---+---+---+---+---+---+
 2|   |   |   |   | \/|   |   |   |
  +---+---+---+---+---+---+---+---+
 3|   |   |   |   |*b2|   |   |   |
  +---+---+---+---+---+---+---+---+
 4|   |   | ~~|   |   |   |   |   |
  +---+---+---+---+---+---+---+---+
 5|   |   |*  |   | F1|   |*  |   |
  +---+---+---+---+---+---+---+---+
 6|   |   |   |   |   |   |   |   |
  +---+---+---+---+---+---+---+---+
 7|   |   |   |   |*  |   |   |   |
  +---+---+---+---+---+---+---+---+

Please enter your target:
No more actable units.

    0   1   2   3   4   5   6   7 
  +---+---+---+---+---+---+---+---+
 0|   |   |   |   |   |   |   |   |
  +---+---+---+---+---+---+---+---+
 1|   |   |   |   |   |   |   |   |
  +---+---+---+---+---+---+---+---+
 2|   |   |   |   | \/|   |   |   |
  +---+---+---+---+---+---+---+---+
 3|   |   |   |   |   |   |   |   |
  +---+---+---+---+---+---+---+---+
 4|   |   | ~~|   |   |   |   |   |
  +---+---+---+---+---+---+---+---+
 5|   |   |   |   | F1|   |   |   |
  +---+---+---+---+---+---+---+---+
 6|   |   |   |   |   |   |   |   |
  +---+---+---+---+---+---+---+---+
 7|   |   |   |   |   |   |   |   |
  +---+---+---+---+---+---+---+---+

Won
