
    0   1   2   3   4   5   6   7 
  +---+---+---+---+---+---+---+---+
 0|   |   |   |   |   |   | b2| h1|
  +---+---+---+---+---+---+---+---+
 1|   |   |   | /\|   |   | b2| b2|
  +---+---+---+---+---+---+---+---+
 2| /\|   |   |   | ~~|   | /\|   |
  +---+---+---+---+---+---+---+---+
 3|   | ~~|   |   |   | ~~|   |   |
  +---+---+---+---+---+---+---+---+
 4|   |   |   |   |   | ~~|   |   |
  +---+---+---+---+---+---+---+---+
 5|   | F2| S2|   |   |   |   | /\|
  +---+---+---+---+---+---+---+---+
 6|   | T3| S2|   | /\|   | b2| b2|
  +---+---+---+---+---+---+---+---+
 7| \/|   |   |   |   | ~~| b2| h1|
  +---+---+---+---+---+---+---+---+


    0   1   2   3   4   5   6   7 
  +---+---+---+---+---+---+---+---+
 0|   |   |   |   |   |   | b2| h1|
  +---+---+---+---+---+---+---+---+
 1|   |   |   | /\|   |   | b2| b2|
  +---+---+---+---+---+---+---+---+
 2| /\|   |   |   | ~~|   | /\|   |
  +---+---+---+---+---+---+---+---+
 3|   | ~~|   |   |   | ~~|   |   |
  +---+---+---+---+---+---+---+---+
 4|   |   |   |   |   | ~~|   |   |
  +---+---+---+---+---+---+---+---+
 5|   |+F2|+S2|   |   |   |   | /\|
  +---+---+---+---+---+---+---+---+
 6|   |+T3|+S2|   | /\|   | b2| b2|
  +---+---+---+---+---+---+---+---+
 7| \/|   |   |   |   | ~~| b2| h1|
  +---+---+---+---+---+---+---+---+

End this turn (y,n)?

    0   1   2   3   4   5   6   7 
  +---+---+---+---+---+---+---+---+
 0|   |   |   | b2| h1|   |   |   |
  +---+---+---+---+---+---+---+---+
 1|   |   |   | /\| b2|   |   |   |
  +---+---+---+---+---+---+---+---+
 2| /\|   |   |   | b2|   | /\|   |
  +---+---+---+---+---+---+---+---+
 3|   | ~~|   |   |   | ~~|   |   |
  +---+---+---+---+---+---+---+---+
 4|   |   |   |   |   | ~~|   |   |
  +---+---+---+---+---+---+---+---+
 5|   | F3| S3|   | b2| b2|   | /\|
  +---+---+---+---+---+---+---+---+
 6|   | T4| S3|   | /\| h1|   |   |
  +---+---+---+---+---+---+---+---+
 7| \/|   |   | b2|   | ~~|   |   |
  +---+---+---+---+---+---+---+---+


    0   1   2   3   4   5   6   7 
  +---+---+---+---+---+---+---+---+
 0|   |   |   | b2| h1|   |   |   |
  +---+---+---+---+---+---+---+---+
 1|   |   |   | /\| b2|   |   |   |
  +---+---+---+---+---+---+---+---+
 2| /\|   |   |   | b2|   | /\|   |
  +---+---+---+---+---+---+---+---+
 3|   | ~~|   |   |   | ~~|   |   |
  +---+---+---+---+---+---+---+---+
 4|   |   |   |   |   | ~~|   |   |
  +---+---+---+---+---+---+---+---+
 5|   |+F3|+S3|   | b2| b2|   | /\|
  +---+---+---+---+---+---+---+---+
 6|   |+T4|+S3|   | /\| h1|   |   |
  +---+---+---+---+---+---+---+---+
 7| \/|   |   | b2|   | ~~|   |   |
  +---+---+---+---+---+---+---+---+

End this turn (y,n)?
Please select a unit:
1.Move 2.Attack 3.Skip 
Select your action:

    0   1   2   3   4   5   6   7 
  +---+---+---+---+---+---+---+---+
 0|   |.  |   | b2| h1|   |   |   |
  +---+---+---+---+---+---+---+---+
 1|.  |.  |.  | /\| b2|   |   |   |
  +---+---+---+---+---+---+---+---+
 2| /\|.  |.  |.  | b2|   | /\|   |
  +---+---+---+---+---+---+---+---+
 3|.  |.~~|.  |.  |.  | ~~|   |   |
  +---+---+---+---+---+---+---+---+
 4|.  |.  |.  |.  |.  |.~~|   |   |
  +---+---+---+---+---+---+---+---+
 5|.  |.F3| S3|.  | b2| b2|   | /\|
  +---+---+---+---+---+---+---+---+
 6|.  | T4| S3|.  | /\| h1|   |   |
  +---+---+---+---+---+---+---+---+
 7| \/|   |   | b2|   | ~~|   |   |
  +---+---+---+---+---+---+---+---+

Please enter your destination:

    0   1   2   3   4   5   6   7 
  +---+---+---+---+---+---+---+---+
 0|   |   |   | b2| h1|   |   |   |
  +---+---+---+---+---+---+---+---+
 1|   |   |   | /\| b2|   |   |   |
  +---+---+---+---+---+---+---+---+
 2| /\|   |   |   | b2|   | /\|   |
  +---+---+---+---+---+---+---+---+
 3|   | ~~|   |   |   | ~~|   |   |
  +---+---+---+---+---+---+---+---+
 4|   |   |   |   |   | ~~|   |   |
  +---+---+---+---+---+---+---+---+
 5|   |   |+S3|+F3| b2| b2|   | /\|
  +---+---+---+---+---+---+---+---+
 6|   |+T4|+S3|   | /\| h1|   |   |
  +---+---+---+---+---+---+---+---+
 7| \/|   |   | b2|   | ~~|   |   |
  +---+---+---+---+---+---+---+---+

End this turn (y,n)?
Please select a unit:
1.Attack 2.Skip 
Select your action:

    0   1   2   3   4   5   6   7 
  +---+---+---+---+---+---+---+---+
 0|   |   |   | b2| h1|   |   |   |
  +---+---+---+---+---+---+---+---+
 1|   |   |   | /\| b2|   |   |   |
  +---+---+---+---+---+---+---+---+
 2| /\|   |   |   | b2|   | /\|   |
  +---+---+---+---+---+---+---+---+
 3|   | ~~|   |*  |   | ~~|   |   |
  +---+---+---+---+---+---+---+---+
 4|   |   |   |   |   | ~~|   |   |
  +---+---+---+---+---+---+---+---+
 5|   |*  | S3| F3| b2|*b2|   | /\|
  +---+---+---+---+---+---+---+---+
 6|   | T4| S3|   | /\| h1|   |   |
  +---+---+---+---+---+---+---+---+
 7| \/|   |   |*b2|   | ~~|   |   |
  +---+---+---+---+---+---+---+---+

Please enter your target:

    0   1   2   3   4   5   6   7 
  +---+---+---+---+---+---+---+---+
 0|   |   |   | b2| h1|   |   |   |
  +---+---+---+---+---+---+---+---+
 1|   |   |   | /\| b2|   |   |   |
  +---+---+---+---+---+---+---+---+
 2| /\|   |   |   | b2|   | /\|   |
  +---+---+---+---+---+---+---+---+
 3|   | ~~|   |   |   | ~~|   |   |
  +---+---+---+---+---+---+---+---+
 4|   |   |   |   |   | ~~|   |   |
  +---+---+---+---+---+---+---+---+
 5|   |   |+S3| F2| b1|   |   | /\|
  +---+---+---+---+---+---+---+---+
 6|   |+T4|+S3|   | /\|   |   |   |
  +---+---+---+---+---+---+---+---+
 7| \/|   |   | b2|   | ~~|   |   |
  +---+---+---+---+---+---+---+---+

End this turn (y,n)?
Please select a unit:
1.Move 2.Attack 3.Skip 
Select your action:

    0   1   2   3   4   5   6   7 
  +---+---+---+---+---+---+---+---+
 0|   |   |   | b2| h1|   |   |   |
  +---+---+---+---+---+---+---+---+
 1|   |   |   | /\| b2|   |   |   |
  +---+---+---+---+---+---+---+---+
 2| /\|   |.  |   | b2|   | /\|   |
  +---+---+---+---+---+---+---+---+
 3|   | ~~|.  |.  |   | ~~|   |   |
  +---+---+---+---+---+---+---+---+
 4|.  |.  |.  |.  |.  | ~~|   |   |
  +---+---+---+---+---+---+---+---+
 5|.  |.  |.S3| F2| b1|   |   | /\|
  +---+---+---+---+---+---+---+---+
 6|.  | T4| S3|   | /\|   |   |   |
  +---+---+---+---+---+---+---+---+
 7| \/|   |   | b2|   | ~~|   |   |
  +---+---+---+---+---+---+---+---+

Please enter your destination:

    0   1   2   3   4   5   6   7 
  +---+---+---+---+---+---+---+---+
 0|   |   |   | b2| h1|   |   |   |
  +---+---+---+---+---+---+---+---+
 1|   |   |   | /\| b2|   |   |   |
  +---+---+---+---+---+---+---+---+
 2| /\|   |   |   | b2|   | /\|   |
  +---+---+---+---+---+---+---+---+
 3|   | ~~|   |   |   | ~~|   |   |
  +---+---+---+---+---+---+---+---+
 4|   |   |   |   |+S3| ~~|   |   |
  +---+---+---+---+---+---+---+---+
 5|   |   |   | F2| b1|   |   | /\|
  +---+---+---+---+---+---+---+---+
 6|   |+T4|+S3|   | /\|   |   |   |
  +---+---+---+---+---+---+---+---+
 7| \/|   |   | b2|   | ~~|   |   |
  +---+---+---+---+---+---+---+---+

End this turn (y,n)?
Please select a unit:
1.Attack 2.Skip 
Select your action:

    0   1   2   3   4   5   6   7 
  +---+---+---+---+---+---+---+---+
 0|   |   |   | b2| h1|   |   |   |
  +---+---+---+---+---+---+---+---+
 1|   |   |   | /\| b2|   |   |   |
  +---+---+---+---+---+---+---+---+
 2| /\|   |   |   | b2|   | /\|   |
  +---+---+---+---+---+---+---+---+
 3|   | ~~|   |   |*  | ~~|   |   |
  +---+---+---+---+---+---+---+---+
 4|   |   |   |*  | S3|*~~|   |   |
  +---+---+---+---+---+---+---+---+
 5|   |   |   | F2|*b1|   |   | /\|
  +---+---+---+---+---+---+---+---+
 6|   | T4| S3|   | /\|   |   |   |
  +---+---+---+---+---+---+---+---+
 7| \/|   |   | b2|   | ~~|   |   |
  +---+---+---+---+---+---+---+---+

Please enter your target:

    0   1   2   3   4   5   6   7 
  +---+---+---+---+---+---+---+---+
 0|   |   |   | b2| h1|   |   |   |
  +---+---+---+---+---+---+---+---+
 1|   |   |   | /\| b2|   |   |   |
  +---+---+---+---+---+---+---+---+
 2| /\|   |   |   | b2|   | /\|   |
  +---+---+---+---+---+---+---+---+
 3|   | ~~|   |   |   | ~~|   |   |
  +---+---+---+---+---+---+---+---+
 4|   |   |   |   | S3| ~~|   |   |
  +---+---+---+---+---+---+---+---+
 5|   |   |   | F2|   |   |   | /\|
  +---+---+---+---+---+---+---+---+
 6|   |+T4|+S3|   | /\|   |   |   |
  +---+---+---+---+---+---+---+---+
 7| \/|   |   | b2|   | ~~|   |   |
  +---+---+---+---+---+---+---+---+

End this turn (y,n)?
Please select a unit:
1.Move 2.Attack 3.Skip 
Select your action:

    0   1   2   3   4   5   6   7 
  +---+---+---+---+---+---+---+---+
 0|   |   |   | b2| h1|   |   |   |
  +---+---+---+---+---+---+---+---+
 1|   |   |   | /\| b2|   |   |   |
  +---+---+---+---+---+---+---+---+
 2| /\|   |   |   | b2|   | /\|   |
  +---+---+---+---+---+---+---+---+
 3|   | ~~|.  |   |   | ~~|   |   |
  +---+---+---+---+---+---+---+---+
 4|   |.  |.  |.  | S3| ~~|   |   |
  +---+---+---+---+---+---+---+---+
 5|.  |.  |.  | F2|   |   |   | /\|
  +---+---+---+---+---+---+---+---+
 6|   | T4|.S3|.  | /\|   |   |   |
  +---+---+---+---+---+---+---+---+
 7|.\/|.  |.  | b2|   | ~~|   |   |
  +---+---+---+---+---+---+---+---+

Please enter your destination:

    0   1   2   3   4   5   6   7 
  +---+---+---+---+---+---+---+---+
 0|   |   |   | b2| h1|   |   |   |
  +---+---+---+---+---+---+---+---+
 1|   |   |   | /\| b2|   |   |   |
  +---+---+---+---+---+---+---+---+
 2| /\|   |   |   | b2|   | /\|   |
  +---+---+---+---+---+---+---+---+
 3|   | ~~|   |   |   | ~~|   |   |
  +---+---+---+---+---+---+---+---+
 4|   |   |   |   | S3| ~~|   |   |
  +---+---+---+---+---+---+---+---+
 5|   |   |   | F2|   |   |   | /\|
  +---+---+---+---+---+---+---+---+
 6|   |+T4|   |+S3| /\|   |   |   |
  +---+---+---+---+---+---+---+---+
 7| \/|   |   | b2|   | ~~|   |   |
  +---+---+---+---+---+---+---+---+

End this turn (y,n)?
Please select a unit:
1.Attack 2.Skip 
Select your action:

    0   1   2   3   4   5   6   7 
  +---+---+---+---+---+---+---+---+
 0|   |   |   | b2| h1|   |   |   |
  +---+---+---+---+---+---+---+---+
 1|   |   |   | /\| b2|   |   |   |
  +---+---+---+---+---+---+---+---+
 2| /\|   |   |   | b2|   | /\|   |
  +---+---+---+---+---+---+---+---+
 3|   | ~~|   |   |   | ~~|   |   |
  +---+---+---+---+---+---+---+---+
 4|   |   |   |   | S3| ~~|   |   |
  +---+---+---+---+---+---+---+---+
 5|   |   |   |*F2|   |   |   | /\|
  +---+---+---+---+---+---+---+---+
 6|   | T4|*  | S3|*/\|   |   |   |
  +---+---+---+---+---+---+---+---+
 7| \/|   |   |*b2|   | ~~|   |   |
  +---+---+---+---+---+---+---+---+

Please enter your target:

    0   1   2   3   4   5   6   7 
  +---+---+---+---+---+---+---+---+
 0|   |   |   | b2| h1|   |   |   |
  +---+---+---+---+---+---+---+---+
 1|   |   |   | /\| b2|   |   |   |
  +---+---+---+---+---+---+---+---+
 2| /\|   |   |   | b2|   | /\|   |
  +---+---+---+---+---+---+---+---+
 3|   | ~~|   |   |   | ~~|   |   |
  +---+---+---+---+---+---+---+---+
 4|   |   |   |   | S3| ~~|   |   |
  +---+---+---+---+---+---+---+---+
 5|   |   |   | F2|   |   |   | /\|
  +---+---+---+---+---+---+---+---+
 6|   |+T4|   | S3| /\|   |   |   |
  +---+---+---+---+---+---+---+---+
 7| \/|   |   | b1|   | ~~|   |   |
  +---+---+---+---+---+---+---+---+

End this turn (y,n)?
Please select a unit:
1.Move 2.Attack 3.Skip 
Select your action:

    0   1   2   3   4   5   6   7 
  +---+---+---+---+---+---+---+---+
 0|   |   |   | b2| h1|   |   |   |
  +---+---+---+---+---+---+---+---+
 1|   |   |   | /\| b2|   |   |   |
  +---+---+---+---+---+---+---+---+
 2| /\|   |   |   | b2|   | /\|   |
  +---+---+---+---+---+---+---+---+
 3|   | ~~|   |   |   | ~~|   |   |
  +---+---+---+---+---+---+---+---+
 4|   |.  |   |   | S3| ~~|   |   |
  +---+---+---+---+---+---+---+---+
 5|.  |.  |.  | F2|   |   |   | /\|
  +---+---+---+---+---+---+---+---+
 6|.  |.T4|.  | S3| /\|   |   |   |
  +---+---+---+---+---+---+---+---+
 7|.\/|.  |.  | b1|   | ~~|   |   |
  +---+---+---+---+---+---+---+---+

Please enter your destination:

    0   1   2   3   4   5   6   7 
  +---+---+---+---+---+---+---+---+
 0|   |   |   | b2| h1|   |   |   |
  +---+---+---+---+---+---+---+---+
 1|   |   |   | /\| b2|   |   |   |
  +---+---+---+---+---+---+---+---+
 2| /\|   |   |   | b2|   | /\|   |
  +---+---+---+---+---+---+---+---+
 3|   | ~~|   |   |   | ~~|   |   |
  +---+---+---+---+---+---+---+---+
 4|   |   |   |   | S3| ~~|   |   |
  +---+---+---+---+---+---+---+---+
 5|   |   |   | F2|   |   |   | /\|
  +---+---+---+---+---+---+---+---+
 6|   |   |   | S3| /\|   |   |   |
  +---+---+---+---+---+---+---+---+
 7| \/|+T4|   | b1|   | ~~|   |   |
  +---+---+---+---+---+---+---+---+

End this turn (y,n)?
Please select a unit:
1.Attack 2.Skip 
Select your action:

    0   1   2   3   4   5   6   7 
  +---+---+---+---+---+---+---+---+
 0|   |   |   | b2| h1|   |   |   |
  +---+---+---+---+---+---+---+---+
 1|   |   |   | /\| b2|   |   |   |
  +---+---+---+---+---+---+---+---+
 2| /\|   |   |   | b2|   | /\|   |
  +---+---+---+---+---+---+---+---+
 3|   |*~~|   |   |   | ~~|   |   |
  +---+---+---+---+---+---+---+---+
 4|   |*  |   |   | S3| ~~|   |   |
  +---+---+---+---+---+---+---+---+
 5|   |*  |   | F2|   |   |   | /\|
  +---+---+---+---+---+---+---+---+
 6|   |*  |   | S3| /\|   |   |   |
  +---+---+---+---+---+---+---+---+
 7|*\/| T4|*  |*b1|   | ~~|   |   |
  +---+---+---+---+---+---+---+---+

Please enter your target:
No more actable units.

    0   1   2   3   4   5   6   7 
  +---+---+---+---+---+---+---+---+
 0|   |   |   |   |   |   |   |   |
  +---+---+---+---+---+---+---+---+
 1|   |   |   | /\| b2|   |   |   |
  +---+---+---+---+---+---+---+---+
 2| /\|   | b2|   | ~~| h1| /\|   |
  +---+---+---+---+---+---+---+---+
 3|   | ~~|   |   | b2| ~~|   |   |
  +---+---+---+---+---+---+---+---+
 4|   |   |   |   |   | ~~|   |   |
  +---+---+---+---+---+---+---+---+
 5|   |   |   | F2|   |   |   | /\|
  +---+---+---+---+---+---+---+---+
 6|   |   |   | S3| /\|   |   |   |
  +---+---+---+---+---+---+---+---+
 7| \/| T5|   |   |   | ~~|   |   |
  +---+---+---+---+---+---+---+---+


    0   1   2   3   4   5   6   7 
  +---+---+---+---+---+---+---+---+
 0|   |   |   |   |   |   |   |   |
  +---+---+---+---+---+---+---+---+
 1|   |   |   | /\| b2|   |   |   |
  +---+---+---+---+---+---+---+---+
 2| /\|   | b2|   | ~~| h1| /\|   |
  +---+---+---+---+---+---+---+---+
 3|   | ~~|   |   | b2| ~~|   |   |
  +---+---+---+---+---+---+---+---+
 4|   |   |   |   |   | ~~|   |   |
  +---+---+---+---+---+---+---+---+
 5|   |   |   |+F2|   |   |   | /\|
  +---+---+---+---+---+---+---+---+
 6|   |   |   |+S3| /\|   |   |   |
  +---+---+---+---+---+---+---+---+
 7| \/|+T5|   |   |   | ~~|   |   |
  +---+---+---+---+---+---+---+---+

End this turn (y,n)?
Please select a unit:
1.Move 2.Attack 3.Skip 
Select your action:

    0   1   2   3   4   5   6   7 
  +---+---+---+---+---+---+---+---+
 0|   |   |   |   |   |   |   |   |
  +---+---+---+---+---+---+---+---+
 1|   |   |   | /\| b2|   |   |   |
  +---+---+---+---+---+---+---+---+
 2| /\|   | b2|   | ~~| h1| /\|   |
  +---+---+---+---+---+---+---+---+
 3|   | ~~|   |*  | b2| ~~|   |   |
  +---+---+---+---+---+---+---+---+
 4|   |   |   |   |   | ~~|   |   |
  +---+---+---+---+---+---+---+---+
 5|   |*  |   | F2|   |*  |   | /\|
  +---+---+---+---+---+---+---+---+
 6|   |   |   | S3| /\|   |   |   |
  +---+---+---+---+---+---+---+---+
 7| \/| T5|   |*  |   | ~~|   |   |
  +---+---+---+---+---+---+---+---+

Please enter your target:

    0   1   2   3   4   5   6   7 
  +---+---+---+---+---+---+---+---+
 0|   |   |   |   |   |   |   |   |
  +---+---+---+---+---+---+---+---+
 1|   |   |   | /\| b2|   |   |   |
  +---+---+---+---+---+---+---+---+
 2| /\|   | b2|   | ~~| h1| /\|   |
  +---+---+---+---+---+---+---+---+
 3|   | ~~|   |   |   | b2|   |   |
  +---+---+---+---+---+---+---+---+
 4|   |   |   |   |   | ~~|   |   |
  +---+---+---+---+---+---+---+---+
 5|   |   |   |+F2|   |   |   | /\|
  +---+---+---+---+---+---+---+---+
 6|   |   |   |+S3| /\|   |   |   |
  +---+---+---+---+---+---+---+---+
 7| \/|+T5|   |   |   | ~~|   |   |
  +---+---+---+---+---+---+---+---+

End this turn (y,n)?
Please select a unit:
1.Move 2.Skip 
Select your action:

    0   1   2   3   4   5   6   7 
  +---+---+---+---+---+---+---+---+
 0|   |   |   |   |   |   |   |   |
  +---+---+---+---+---+---+---+---+
 1|   |   |   | /\| b2|   |   |   |
  +---+---+---+---+---+---+---+---+
 2| /\|.  | b2|.  |.~~| h1| /\|   |
  +---+---+---+---+---+---+---+---+
 3|.  |.~~|.  |.  |.  | b2|.  |   |
  +---+---+---+---+---+---+---+---+
 4|.  |.  |.  |.  |.  |.~~|.  |.  |
  +---+---+---+---+---+---+---+---+
 5|.  |.  |.  |.F2|.  |.  |.  | /\|
  +---+---+---+---+---+---+---+---+
 6|.  |.  |.  | S3| /\|.  |.  |.  |
  +---+---+---+---+---+---+---+---+
 7| \/| T5|.  |.  |.  |.~~|.  |   |
  +---+---+---+---+---+---+---+---+

Please enter your destination:

    0   1   2   3   4   5   6   7 
  +---+---+---+---+---+---+---+---+
 0|   |   |   |   |   |   |   |   |
  +---+---+---+---+---+---+---+---+
 1|   |   |   | /\| b2|   |   |   |
  +---+---+---+---+---+---+---+---+
 2| /\|   | b2|   | ~~| h1| /\|   |
  +---+---+---+---+---+---+---+---+
 3|   | ~~|   |   |   | b2|   |   |
  +---+---+---+---+---+---+---+---+
 4|   |   |   |   |   | ~~|   |   |
  +---+---+---+---+---+---+---+---+
 5| F2|   |   |   |   |   |   | /\|
  +---+---+---+---+---+---+---+---+
 6|   |   |   |+S3| /\|   |   |   |
  +---+---+---+---+---+---+---+---+
 7| \/|+T5|   |   |   | ~~|   |   |
  +---+---+---+---+---+---+---+---+

End this turn (y,n)?
Please select a unit:
1.Move 2.Attack 3.Skip 
Select your action:

    0   1   2   3   4   5   6   7 
  +---+---+---+---+---+---+---+---+
 0|   |   |   |   |   |   |   |   |
  +---+---+---+---+---+---+---+---+
 1|   |   |   | /\| b2|   |   |   |
  +---+---+---+---+---+---+---+---+
 2| /\|   | b2|   | ~~| h1| /\|   |
  +---+---+---+---+---+---+---+---+
 3|   | ~~|   |   |   | b2|   |   |
  +---+---+---+---+---+---+---+---+
 4|   |   |   |   |   | ~~|   |   |
  +---+---+---+---+---+---+---+---+
 5| F2|.  |   |   |   |   |   | /\|
  +---+---+---+---+---+---+---+---+
 6|.  |.  |.  | S3| /\|   |   |   |
  +---+---+---+---+---+---+---+---+
 7|.\/|.T5|.  |.  |   | ~~|   |   |
  +---+---+---+---+---+---+---+---+

Please enter your destination:

    0   1   2   3   4   5   6   7 
  +---+---+---+---+---+---+---+---+
 0|   |   |   |   |   |   |   |   |
  +---+---+---+---+---+---+---+---+
 1|   |   |   | /\| b2|   |   |   |
  +---+---+---+---+---+---+---+---+
 2| /\|   | b2|   | ~~| h1| /\|   |
  +---+---+---+---+---+---+---+---+
 3|   | ~~|   |   |   | b2|   |   |
  +---+---+---+---+---+---+---+---+
 4|   |   |   |   |   | ~~|   |   |
  +---+---+---+---+---+---+---+---+
 5| F2|   |   |   |   |   |   | /\|
  +---+---+---+---+---+---+---+---+
 6|   |   |   |+S3| /\|   |   |   |
  +---+---+---+---+---+---+---+---+
 7| \/|   |+T5|   |   | ~~|   |   |
  +---+---+---+---+---+---+---+---+

End this turn (y,n)?
Please select a unit:
1.Attack 2.Skip 
Select your action:

    0   1   2   3   4   5   6   7 
  +---+---+---+---+---+---+---+---+
 0|   |   |   |   |   |   |   |   |
  +---+---+---+---+---+---+---+---+
 1|   |   |   | /\| b2|   |   |   |
  +---+---+---+---+---+---+---+---+
 2| /\|   |*b2|   | ~~| h1| /\|   |
  +---+---+---+---+---+---+---+---+
 3|   | ~~|*  |   |   | b2|   |   |
  +---+---+---+---+---+---+---+---+
 4|   |   |*  |   |   | ~~|   |   |
  +---+---+---+---+---+---+---+---+
 5| F2|   |*  |   |   |   |   | /\|
  +---+---+---+---+---+---+---+---+
 6|   |   |*  | S3| /\|   |   |   |
  +---+---+---+---+---+---+---+---+
 7|*\/|*  | T5|*  |*  |*~~|   |   |
  +---+---+---+---+---+---+---+---+

Please enter your target:

    0   1   2   3   4   5   6   7 
  +---+---+---+---+---+---+---+---+
 0|   |   |   |   |   |   |   |   |
  +---+---+---+---+---+---+---+---+
 1|   |   | b1| /\| b2|   |   |   |
  +---+---+---+---+---+---+---+---+
 2| /\|   |   |   | ~~| h1| /\|   |
  +---+---+---+---+---+---+---+---+
 3|   | ~~|   |   |   | b2|   |   |
  +---+---+---+---+---+---+---+---+
 4|   |   |   |   |   | ~~|   |   |
  +---+---+---+---+---+---+---+---+
 5| F2|   |   |   |   |   |   | /\|
  +---+---+---+---+---+---+---+---+
 6|   |   |   |+S3| /\|   |   |   |
  +---+---+---+---+---+---+---+---+
 7| \/|   | T5|   |   | ~~|   |   |
  +---+---+---+---+---+---+---+---+

End this turn (y,n)?
Please select a unit:
1.Move 2.Attack 3.Skip 
Select your action:

    0   1   2   3   4   5   6   7 
  +---+---+---+---+---+---+---+---+
 0|   |   |   |   |   |   |   |   |
  +---+---+---+---+---+---+---+---+
 1|   |   | b1| /\| b2|   |   |   |
  +---+---+---+---+---+---+---+---+
 2| /\|   |   |   | ~~| h1| /\|   |
  +---+---+---+---+---+---+---+---+
 3|   | ~~|   |.  |   | b2|   |   |
  +---+---+---+---+---+---+---+---+
 4|   |   |.  |.  |.  | ~~|   |   |
  +---+---+---+---+---+---+---+---+
 5| F2|.  |.  |.  |.  |.  |   | /\|
  +---+---+---+---+---+---+---+---+
 6|.  |.  |.  |.S3| /\|   |   |   |
  +---+---+---+---+---+---+---+---+
 7| \/|.  | T5|.  |.  | ~~|   |   |
  +---+---+---+---+---+---+---+---+

Please enter your destination:

    0   1   2   3   4   5   6   7 
  +---+---+---+---+---+---+---+---+
 0|   |   |   |   |   |   |   |   |
  +---+---+---+---+---+---+---+---+
 1|   |   | b1| /\| b2|   |   |   |
  +---+---+---+---+---+---+---+---+
 2| /\|   |   |   | ~~| h1| /\|   |
  +---+---+---+---+---+---+---+---+
 3|   | ~~|   |   |   | b2|   |   |
  +---+---+---+---+---+---+---+---+
 4|   |   |   |   |   | ~~|   |   |
  +---+---+---+---+---+---+---+---+
 5| F2|   |   |   |   |   |   | /\|
  +---+---+---+---+---+---+---+---+
 6|   |+S3|   |   | /\|   |   |   |
  +---+---+---+---+---+---+---+---+
 7| \/|   | T5|   |   | ~~|   |   |
  +---+---+---+---+---+---+---+---+

End this turn (y,n)?

    0   1   2   3   4   5   6   7 
  +---+---+---+---+---+---+---+---+
 0|   |   |   |   |   |   |   |   |
  +---+---+---+---+---+---+---+---+
 1|   |   |   | /\| h1|   |   |   |
  +---+---+---+---+---+---+---+---+
 2| /\|   | b2|   | ~~|   | /\|   |
  +---+---+---+---+---+---+---+---+
 3|   | b1| b2|   |   | ~~|   |   |
  +---+---+---+---+---+---+---+---+
 4|   |   |   |   |   | ~~|   |   |
  +---+---+---+---+---+---+---+---+
 5| F3|   |   |   |   |   |   | /\|
  +---+---+---+---+---+---+---+---+
 6|   | S4|   |   | /\|   |   |   |
  +---+---+---+---+---+---+---+---+
 7| \/|   | T6|   |   | ~~|   |   |
  +---+---+---+---+---+---+---+---+


    0   1   2   3   4   5   6   7 
  +---+---+---+---+---+---+---+---+
 0|   |   |   |   |   |   |   |   |
  +---+---+---+---+---+---+---+---+
 1|   |   |   | /\| h1|   |   |   |
  +---+---+---+---+---+---+---+---+
 2| /\|   | b2|   | ~~|   | /\|   |
  +---+---+---+---+---+---+---+---+
 3|   | b1| b2|   |   | ~~|   |   |
  +---+---+---+---+---+---+---+---+
 4|   |   |   |   |   | ~~|   |   |
  +---+---+---+---+---+---+---+---+
 5|+F3|   |   |   |   |   |   | /\|
  +---+---+---+---+---+---+---+---+
 6|   |+S4|   |   | /\|   |   |   |
  +---+---+---+---+---+---+---+---+
 7| \/|   |+T6|   |   | ~~|   |   |
  +---+---+---+---+---+---+---+---+

End this turn (y,n)?
Please select a unit:
1.Move 2.Attack 3.Skip 
Select your action:

    0   1   2   3   4   5   6   7 
  +---+---+---+---+---+---+---+---+
 0|   |   |   |   |   |   |   |   |
  +---+---+---+---+---+---+---+---+
 1|   |   |   | /\| h1|   |   |   |
  +---+---+---+---+---+---+---+---+
 2| /\|   | b2|   | ~~|   | /\|   |
  +---+---+---+---+---+---+---+---+
 3|.  | b1| b2|.  |   | ~~|   |   |
  +---+---+---+---+---+---+---+---+
 4|.  |.  |.  |.  |.  | ~~|   |   |
  +---+---+---+---+---+---+---+---+
 5|.F3|.  |.  |.  |.  |.  |   | /\|
  +---+---+---+---+---+---+---+---+
 6|.  | S4|.  |.  | /\|   |   |   |
  +---+---+---+---+---+---+---+---+
 7| \/|   | T6|.  |   | ~~|   |   |
  +---+---+---+---+---+---+---+---+

Please enter your destination:

    0   1   2   3   4   5   6   7 
  +---+---+---+---+---+---+---+---+
 0|   |   |   |   |   |   |   |   |
  +---+---+---+---+---+---+---+---+
 1|   |   |   | /\| h1|   |   |   |
  +---+---+---+---+---+---+---+---+
 2| /\|   | b2|   | ~~|   | /\|   |
  +---+---+---+---+---+---+---+---+
 3|   | b1| b2|   |   | ~~|   |   |
  +---+---+---+---+---+---+---+---+
 4|   |   |   |   |   | ~~|   |   |
  +---+---+---+---+---+---+---+---+
 5|   |+F3|   |   |   |   |   | /\|
  +---+---+---+---+---+---+---+---+
 6|   |+S4|   |   | /\|   |   |   |
  +---+---+---+---+---+---+---+---+
 7| \/|   |+T6|   |   | ~~|   |   |
  +---+---+---+---+---+---+---+---+

End this turn (y,n)?
Please select a unit:
1.Attack 2.Skip 
Select your action:

    0   1   2   3   4   5   6   7 
  +---+---+---+---+---+---+---+---+
 0|   |   |   |   |   |   |   |   |
  +---+---+---+---+---+---+---+---+
 1|   |   |   | /\| h1|   |   |   |
  +---+---+---+---+---+---+---+---+
 2| /\|   | b2|   | ~~|   | /\|   |
  +---+---+---+---+---+---+---+---+
 3|   |*b1| b2|   |   | ~~|   |   |
  +---+---+---+---+---+---+---+---+
 4|   |   |   |   |   | ~~|   |   |
  +---+---+---+---+---+---+---+---+
 5|   | F3|   |*  |   |   |   | /\|
  +---+---+---+---+---+---+---+---+
 6|   | S4|   |   | /\|   |   |   |
  +---+---+---+---+---+---+---+---+
 7| \/|*  | T6|   |   | ~~|   |   |
  +---+---+---+---+---+---+---+---+

Please enter your target:

    0   1   2   3   4   5   6   7 
  +---+---+---+---+---+---+---+---+
 0|   |   |   |   |   |   |   |   |
  +---+---+---+---+---+---+---+---+
 1|   |   |   | /\| h1|   |   |   |
  +---+---+---+---+---+---+---+---+
 2| /\|   | b2|   | ~~|   | /\|   |
  +---+---+---+---+---+---+---+---+
 3|   | b1| b2|   |   | ~~|   |   |
  +---+---+---+---+---+---+---+---+
 4|   |   |   |   |   | ~~|   |   |
  +---+---+---+---+---+---+---+---+
 5|   | F3|   |   |   |   |   | /\|
  +---+---+---+---+---+---+---+---+
 6|   |+S4|   |   | /\|   |   |   |
  +---+---+---+---+---+---+---+---+
 7| \/|   |+T6|   |   | ~~|   |   |
  +---+---+---+---+---+---+---+---+

End this turn (y,n)?
Please select a unit:
1.Move 2.Attack 3.Skip 
Select your action:

    0   1   2   3   4   5   6   7 
  +---+---+---+---+---+---+---+---+
 0|   |   |   |   |   |   |   |   |
  +---+---+---+---+---+---+---+---+
 1|   |   |   | /\| h1|   |   |   |
  +---+---+---+---+---+---+---+---+
 2| /\|   | b2|   | ~~|   | /\|   |
  +---+---+---+---+---+---+---+---+
 3|   | b1| b2|   |   | ~~|   |   |
  +---+---+---+---+---+---+---+---+
 4|.  |   |.  |   |   | ~~|   |   |
  +---+---+---+---+---+---+---+---+
 5|.  | F3|.  |.  |   |   |   | /\|
  +---+---+---+---+---+---+---+---+
 6|.  |.S4|.  |.  | /\|   |   |   |
  +---+---+---+---+---+---+---+---+
 7|.\/|.  | T6|.  |   | ~~|   |   |
  +---+---+---+---+---+---+---+---+

Please enter your destination:

    0   1   2   3   4   5   6   7 
  +---+---+---+---+---+---+---+---+
 0|   |   |   |   |   |   |   |   |
  +---+---+---+---+---+---+---+---+
 1|   |   |   | /\| h1|   |   |   |
  +---+---+---+---+---+---+---+---+
 2| /\|   | b2|   | ~~|   | /\|   |
  +---+---+---+---+---+---+---+---+
 3|   | b1| b2|   |   | ~~|   |   |
  +---+---+---+---+---+---+---+---+
 4|   |   |   |   |   | ~~|   |   |
  +---+---+---+---+---+---+---+---+
 5|   | F3|+S4|   |   |   |   | /\|
  +---+---+---+---+---+---+---+---+
 6|   |   |   |   | /\|   |   |   |
  +---+---+---+---+---+---+---+---+
 7| \/|   |+T6|   |   | ~~|   |   |
  +---+---+---+---+---+---+---+---+

End this turn (y,n)?
Please select a unit:
1.Attack 2.Skip 
Select your action:

    0   1   2   3   4   5   6   7 
  +---+---+---+---+---+---+---+---+
 0|   |   |   |   |   |   |   |   |
  +---+---+---+---+---+---+---+---+
 1|   |   |   | /\| h1|   |   |   |
  +---+---+---+---+---+---+---+---+
 2| /\|   | b2|   | ~~|   | /\|   |
  +---+---+---+---+---+---+---+---+
 3|   | b1| b2|   |   | ~~|   |   |
  +---+---+---+---+---+---+---+---+
 4|   |   |*  |   |   | ~~|   |   |
  +---+---+---+---+---+---+---+---+
 5|   |*F3| S4|*  |   |   |   | /\|
  +---+---+---+---+---+---+---+---+
 6|   |   |*  |   | /\|   |   |   |
  +---+---+---+---+---+---+---+---+
 7| \/|   | T6|   |   | ~~|   |   |
  +---+---+---+---+---+---+---+---+

Please enter your target:

    0   1   2   3   4   5   6   7 
  +---+---+---+---+---+---+---+---+
 0|   |   |   |   |   |   |   |   |
  +---+---+---+---+---+---+---+---+
 1|   |   |   | /\| h1|   |   |   |
  +---+---+---+---+---+---+---+---+
 2| /\|   | b2|   | ~~|   | /\|   |
  +---+---+---+---+---+---+---+---+
 3|   | b1| b2|   |   | ~~|   |   |
  +---+---+---+---+---+---+---+---+
 4|   |   |   |   |   | ~~|   |   |
  +---+---+---+---+---+---+---+---+
 5|   | F3| S4|   |   |   |   | /\|
  +---+---+---+---+---+---+---+---+
 6|   |   |   |   | /\|   |   |   |
  +---+---+---+---+---+---+---+---+
 7| \/|   |+T6|   |   | ~~|   |   |
  +---+---+---+---+---+---+---+---+

End this turn (y,n)?

    0   1   2   3   4   5   6   7 
  +---+---+---+---+---+---+---+---+
 0|   |   | h1|   |   |   |   |   |
  +---+---+---+---+---+---+---+---+
 1|   |   |   | /\|   |   |   |   |
  +---+---+---+---+---+---+---+---+
 2| /\|   |   |   | ~~|   | /\|   |
  +---+---+---+---+---+---+---+---+
 3|   | ~~|   |   |   | ~~|   |   |
  +---+---+---+---+---+---+---+---+
 4|   | b1| b2| b2|   | ~~|   |   |
  +---+---+---+---+---+---+---+---+
 5|   |   | S2|   |   |   |   | /\|
  +---+---+---+---+---+---+---+---+
 6|   |   |   |   | /\|   |   |   |
  +---+---+---+---+---+---+---+---+
 7| \/|   | T7|   |   | ~~|   |   |
  +---+---+---+---+---+---+---+---+


    0   1   2   3   4   5   6   7 
  +---+---+---+---+---+---+---+---+
 0|   |   | h1|   |   |   |   |   |
  +---+---+---+---+---+---+---+---+
 1|   |   |   | /\|   |   |   |   |
  +---+---+---+---+---+---+---+---+
 2| /\|   |   |   | ~~|   | /\|   |
  +---+---+---+---+---+---+---+---+
 3|   | ~~|   |   |   | ~~|   |   |
  +---+---+---+---+---+---+---+---+
 4|   | b1| b2| b2|   | ~~|   |   |
  +---+---+---+---+---+---+---+---+
 5|   |   |+S2|   |   |   |   | /\|
  +---+---+---+---+---+---+---+---+
 6|   |   |   |   | /\|   |   |   |
  +---+---+---+---+---+---+---+---+
 7| \/|   |+T7|   |   | ~~|   |   |
  +---+---+---+---+---+---+---+---+

End this turn (y,n)?
Please select a unit:
1.Move 2.Attack 3.Skip 
Select your action:

    0   1   2   3   4   5   6   7 
  +---+---+---+---+---+---+---+---+
 0|   |   | h1|   |   |   |   |   |
  +---+---+---+---+---+---+---+---+
 1|   |   |   | /\|   |   |   |   |
  +---+---+---+---+---+---+---+---+
 2| /\|   |   |   | ~~|   | /\|   |
  +---+---+---+---+---+---+---+---+
 3|   | ~~|   |   |   | ~~|   |   |
  +---+---+---+---+---+---+---+---+
 4|.  | b1| b2| b2|.  | ~~|   |   |
  +---+---+---+---+---+---+---+---+
 5|.  |.  |.S2|.  |.  |.  |   | /\|
  +---+---+---+---+---+---+---+---+
 6|.  |.  |.  |.  | /\|   |   |   |
  +---+---+---+---+---+---+---+---+
 7| \/|.  | T7|.  |   | ~~|   |   |
  +---+---+---+---+---+---+---+---+

Please enter your destination:

    0   1   2   3   4   5   6   7 
  +---+---+---+---+---+---+---+---+
 0|   |   | h1|   |   |   |   |   |
  +---+---+---+---+---+---+---+---+
 1|   |   |   | /\|   |   |   |   |
  +---+---+---+---+---+---+---+---+
 2| /\|   |   |   | ~~|   | /\|   |
  +---+---+---+---+---+---+---+---+
 3|   | ~~|   |   |   | ~~|   |   |
  +---+---+---+---+---+---+---+---+
 4|+S2| b1| b2| b2|   | ~~|   |   |
  +---+---+---+---+---+---+---+---+
 5|   |   |   |   |   |   |   | /\|
  +---+---+---+---+---+---+---+---+
 6|   |   |   |   | /\|   |   |   |
  +---+---+---+---+---+---+---+---+
 7| \/|   |+T7|   |   | ~~|   |   |
  +---+---+---+---+---+---+---+---+

End this turn (y,n)?
Please select a unit:
1.Move 2.Attack 3.Skip 
Select your action:

    0   1   2   3   4   5   6   7 
  +---+---+---+---+---+---+---+---+
 0|   |   | h1|   |   |   |   |   |
  +---+---+---+---+---+---+---+---+
 1|   |   |   | /\|   |   |   |   |
  +---+---+---+---+---+---+---+---+
 2| /\|   |   |   | ~~|   | /\|   |
  +---+---+---+---+---+---+---+---+
 3|   | ~~|   |   |   | ~~|   |   |
  +---+---+---+---+---+---+---+---+
 4| S2| b1|*b2| b2|   | ~~|   |   |
  +---+---+---+---+---+---+---+---+
 5|   |   |*  |   |   |   |   | /\|
  +---+---+---+---+---+---+---+---+
 6|   |   |*  |   | /\|   |   |   |
  +---+---+---+---+---+---+---+---+
 7|*\/|*  | T7|*  |*  |*~~|   |   |
  +---+---+---+---+---+---+---+---+

Please enter your target:

    0   1   2   3   4   5   6   7 
  +---+---+---+---+---+---+---+---+
 0|   |   | h1|   |   |   |   |   |
  +---+---+---+---+---+---+---+---+
 1|   |   |   | /\|   |   |   |   |
  +---+---+---+---+---+---+---+---+
 2| /\|   |   |   | ~~|   | /\|   |
  +---+---+---+---+---+---+---+---+
 3|   | ~~| b1|   |   | ~~|   |   |
  +---+---+---+---+---+---+---+---+
 4|+S2| b1|   | b2|   | ~~|   |   |
  +---+---+---+---+---+---+---+---+
 5|   |   |   |   |   |   |   | /\|
  +---+---+---+---+---+---+---+---+
 6|   |   |   |   | /\|   |   |   |
  +---+---+---+---+---+---+---+---+
 7| \/|   |+T7|   |   | ~~|   |   |
  +---+---+---+---+---+---+---+---+

End this turn (y,n)?
Please select a unit:
1.Attack 2.Skip 
Select your action:

    0   1   2   3   4   5   6   7 
  +---+---+---+---+---+---+---+---+
 0|   |   | h1|   |   |   |   |   |
  +---+---+---+---+---+---+---+---+
 1|   |   |   | /\|   |   |   |   |
  +---+---+---+---+---+---+---+---+
 2| /\|   |   |   | ~~|   | /\|   |
  +---+---+---+---+---+---+---+---+
 3|*  | ~~| b1|   |   | ~~|   |   |
  +---+---+---+---+---+---+---+---+
 4| S2|*b1|   | b2|   | ~~|   |   |
  +---+---+---+---+---+---+---+---+
 5|*  |   |   |   |   |   |   | /\|
  +---+---+---+---+---+---+---+---+
 6|   |   |   |   | /\|   |   |   |
  +---+---+---+---+---+---+---+---+
 7| \/|   | T7|   |   | ~~|   |   |
  +---+---+---+---+---+---+---+---+

Please enter your target:

    0   1   2   3   4   5   6   7 
  +---+---+---+---+---+---+---+---+
 0|   |   | h1|   |   |   |   |   |
  +---+---+---+---+---+---+---+---+
 1|   |   |   | /\|   |   |   |   |
  +---+---+---+---+---+---+---+---+
 2| /\|   |   |   | ~~|   | /\|   |
  +---+---+---+---+---+---+---+---+
 3|   | ~~| b1|   |   | ~~|   |   |
  +---+---+---+---+---+---+---+---+
 4| S2|   |   | b2|   | ~~|   |   |
  +---+---+---+---+---+---+---+---+
 5|   |   |   |   |   |   |   | /\|
  +---+---+---+---+---+---+---+---+
 6|   |   |   |   | /\|   |   |   |
  +---+---+---+---+---+---+---+---+
 7| \/|   |+T7|   |   | ~~|   |   |
  +---+---+---+---+---+---+---+---+

End this turn (y,n)?

    0   1   2   3   4   5   6   7 
  +---+---+---+---+---+---+---+---+
 0|   |   |   |   |   |   |   |   |
  +---+---+---+---+---+---+---+---+
 1| h1|   |   | /\|   |   |   |   |
  +---+---+---+---+---+---+---+---+
 2| /\|   |   |   | ~~|   | /\|   |
  +---+---+---+---+---+---+---+---+
 3| b1| ~~|   |   |   | ~~|   |   |
  +---+---+---+---+---+---+---+---+
 4|   |   |   |   |   | ~~|   |   |
  +---+---+---+---+---+---+---+---+
 5|   |   |   |   |   |   |   | /\|
  +---+---+---+---+---+---+---+---+
 6|   |   | b3|   | /\|   |   |   |
  +---+---+---+---+---+---+---+---+
 7| \/|   | T5|   |   | ~~|   |   |
  +---+---+---+---+---+---+---+---+


    0   1   2   3   4   5   6   7 
  +---+---+---+---+---+---+---+---+
 0|   |   |   |   |   |   |   |   |
  +---+---+---+---+---+---+---+---+
 1| h1|   |   | /\|   |   |   |   |
  +---+---+---+---+---+---+---+---+
 2| /\|   |   |   | ~~|   | /\|   |
  +---+---+---+---+---+---+---+---+
 3| b1| ~~|   |   |   | ~~|   |   |
  +---+---+---+---+---+---+---+---+
 4|   |   |   |   |   | ~~|   |   |
  +---+---+---+---+---+---+---+---+
 5|   |   |   |   |   |   |   | /\|
  +---+---+---+---+---+---+---+---+
 6|   |   | b3|   | /\|   |   |   |
  +---+---+---+---+---+---+---+---+
 7| \/|   |+T5|   |   | ~~|   |   |
  +---+---+---+---+---+---+---+---+

End this turn (y,n)?

    0   1   2   3   4   5   6   7 
  +---+---+---+---+---+---+---+---+
 0|   |   |   |   |   |   |   |   |
  +---+---+---+---+---+---+---+---+
 1|   |   |   | /\|   |   |   |   |
  +---+---+---+---+---+---+---+---+
 2| /\|   | h1|   | ~~|   | /\|   |
  +---+---+---+---+---+---+---+---+
 3|   | ~~|   |   |   | ~~|   |   |
  +---+---+---+---+---+---+---+---+
 4|   |   | b1|   |   | ~~|   |   |
  +---+---+---+---+---+---+---+---+
 5|   |   |   |   |   |   |   | /\|
  +---+---+---+---+---+---+---+---+
 6|   |   | b4|   | /\|   |   |   |
  +---+---+---+---+---+---+---+---+
 7| \/|   | T3|   |   | ~~|   |   |
  +---+---+---+---+---+---+---+---+


    0   1   2   3   4   5   6   7 
  +---+---+---+---+---+---+---+---+
 0|   |   |   |   |   |   |   |   |
  +---+---+---+---+---+---+---+---+
 1|   |   |   | /\|   |   |   |   |
  +---+---+---+---+---+---+---+---+
 2| /\|   | h1|   | ~~|   | /\|   |
  +---+---+---+---+---+---+---+---+
 3|   | ~~|   |   |   | ~~|   |   |
  +---+---+---+---+---+---+---+---+
 4|   |   | b1|   |   | ~~|   |   |
  +---+---+---+---+---+---+---+---+
 5|   |   |   |   |   |   |   | /\|
  +---+---+---+---+---+---+---+---+
 6|   |   | b4|   | /\|   |   |   |
  +---+---+---+---+---+---+---+---+
 7| \/|   |+T3|   |   | ~~|   |   |
  +---+---+---+---+---+---+---+---+

End this turn (y,n)?
Please select a unit:
1.Move 2.Attack 3.Skip 
Select your action:

    0   1   2   3   4   5   6   7 
  +---+---+---+---+---+---+---+---+
 0|   |   |   |   |   |   |   |   |
  +---+---+---+---+---+---+---+---+
 1|   |   |   | /\|   |   |   |   |
  +---+---+---+---+---+---+---+---+
 2| /\|   | h1|   | ~~|   | /\|   |
  +---+---+---+---+---+---+---+---+
 3|   | ~~|   |   |   | ~~|   |   |
  +---+---+---+---+---+---+---+---+
 4|   |   | b1|   |   | ~~|   |   |
  +---+---+---+---+---+---+---+---+
 5|   |   |   |   |   |   |   | /\|
  +---+---+---+---+---+---+---+---+
 6|   |   |*b4|   | /\|   |   |   |
  +---+---+---+---+---+---+---+---+
 7|*\/|*  | T3|*  |*  |*~~|   |   |
  +---+---+---+---+---+---+---+---+

Please enter your target:

    0   1   2   3   4   5   6   7 
  +---+---+---+---+---+---+---+---+
 0|   |   |   |   |   |   |   |   |
  +---+---+---+---+---+---+---+---+
 1|   |   |   | /\|   |   |   |   |
  +---+---+---+---+---+---+---+---+
 2| /\|   | h1|   | ~~|   | /\|   |
  +---+---+---+---+---+---+---+---+
 3|   | ~~|   |   |   | ~~|   |   |
  +---+---+---+---+---+---+---+---+
 4|   |   | b1|   |   | ~~|   |   |
  +---+---+---+---+---+---+---+---+
 5|   |   | b3|   |   |   |   | /\|
  +---+---+---+---+---+---+---+---+
 6|   |   |   |   | /\|   |   |   |
  +---+---+---+---+---+---+---+---+
 7| \/|   |+T3|   |   | ~~|   |   |
  +---+---+---+---+---+---+---+---+

End this turn (y,n)?
Please select a unit:
1.Move 2.Skip 
Select your action:

    0   1   2   3   4   5   6   7 
  +---+---+---+---+---+---+---+---+
 0|   |   |   |   |   |   |   |   |
  +---+---+---+---+---+---+---+---+
 1|   |   |   | /\|   |   |   |   |
  +---+---+---+---+---+---+---+---+
 2| /\|   | h1|   | ~~|   | /\|   |
  +---+---+---+---+---+---+---+---+
 3|   | ~~|   |   |   | ~~|   |   |
  +---+---+---+---+---+---+---+---+
 4|   |   | b1|   |   | ~~|   |   |
  +---+---+---+---+---+---+---+---+
 5|   |   | b3|   |   |   |   | /\|
  +---+---+---+---+---+---+---+---+
 6|   |.  |.  |.  | /\|   |   |   |
  +---+---+---+---+---+---+---+---+
 7|.\/|.  |.T3|.  |.  | ~~|   |   |
  +---+---+---+---+---+---+---+---+

Please enter your destination:
No more actable units.

    0   1   2   3   4   5   6   7 
  +---+---+---+---+---+---+---+---+
 0|   |   |   |   |   |   |   |   |
  +---+---+---+---+---+---+---+---+
 1|   |   |   | /\|   |   |   |   |
  +---+---+---+---+---+---+---+---+
 2| /\|   |   |   | ~~|   | /\|   |
  +---+---+---+---+---+---+---+---+
 3|   | ~~|   |   |   | ~~|   |   |
  +---+---+---+---+---+---+---+---+
 4|   |   |   | h1|   | ~~|   |   |
  +---+---+---+---+---+---+---+---+
 5|   |   |   |   |   |   |   | /\|
  +---+---+---+---+---+---+---+---+
 6|   | b2|   | b3| /\|   |   |   |
  +---+---+---+---+---+---+---+---+
 7| \/|   |   |   |   | ~~|   |   |
  +---+---+---+---+---+---+---+---+

Failed